<?xml version="1.0" encoding="UTF-8"?>
<coverage generated="1747569239015" clover="3.2.0">
  <project timestamp="1747569239015" name="All files">
    <metrics statements="456" coveredstatements="247" conditionals="339" coveredconditionals="142" methods="101" coveredmethods="51" elements="896" coveredelements="440" complexity="0" loc="456" ncloc="456" packages="3" files="3" classes="3"/>
    <package name="graphql.resolvers">
      <metrics statements="326" coveredstatements="144" conditionals="250" coveredconditionals="87" methods="70" coveredmethods="25"/>
      <file name="orderResolvers.js" path="C:\Users\Mohmmad\Documents\vsProject\web\SmartOrder\Backend\Orders\graphql\resolvers\orderResolvers.js">
        <metrics statements="326" coveredstatements="144" conditionals="250" coveredconditionals="87" methods="70" coveredmethods="25"/>
        <line num="3" count="1" type="stmt"/>
        <line num="6" count="1" type="stmt"/>
        <line num="7" count="31" type="cond" truecount="1" falsecount="1"/>
        <line num="8" count="31" type="stmt"/>
        <line num="11" count="1" type="stmt"/>
        <line num="12" count="5" type="cond" truecount="1" falsecount="1"/>
        <line num="13" count="5" type="stmt"/>
        <line num="17" count="1" type="stmt"/>
        <line num="18" count="0" type="cond" truecount="0" falsecount="4"/>
        <line num="19" count="0" type="stmt"/>
        <line num="22" count="1" type="stmt"/>
        <line num="23" count="4" type="cond" truecount="3" falsecount="1"/>
        <line num="24" count="4" type="stmt"/>
        <line num="28" count="1" type="stmt"/>
        <line num="29" count="1" type="cond" truecount="1" falsecount="1"/>
        <line num="31" count="1" type="cond" truecount="1" falsecount="1"/>
        <line num="32" count="1" type="cond" truecount="1" falsecount="1"/>
        <line num="34" count="1" type="cond" truecount="1" falsecount="1"/>
        <line num="35" count="1" type="stmt"/>
        <line num="38" count="1" type="stmt"/>
        <line num="41" count="1" type="stmt"/>
        <line num="42" count="0" type="cond" truecount="0" falsecount="2"/>
        <line num="44" count="0" type="cond" truecount="0" falsecount="2"/>
        <line num="45" count="0" type="cond" truecount="0" falsecount="2"/>
        <line num="47" count="0" type="cond" truecount="0" falsecount="2"/>
        <line num="48" count="0" type="stmt"/>
        <line num="51" count="0" type="stmt"/>
        <line num="54" count="1" type="stmt"/>
        <line num="55" count="3" type="cond" truecount="1" falsecount="1"/>
        <line num="57" count="3" type="cond" truecount="1" falsecount="1"/>
        <line num="58" count="3" type="cond" truecount="1" falsecount="1"/>
        <line num="60" count="3" type="cond" truecount="1" falsecount="1"/>
        <line num="61" count="3" type="stmt"/>
        <line num="64" count="3" type="stmt"/>
        <line num="68" count="1" type="stmt"/>
        <line num="69" count="9" type="cond" truecount="1" falsecount="1"/>
        <line num="72" count="9" type="cond" truecount="1" falsecount="1"/>
        <line num="75" count="9" type="cond" truecount="1" falsecount="1"/>
        <line num="78" count="9" type="cond" truecount="1" falsecount="1"/>
        <line num="79" count="9" type="stmt"/>
        <line num="83" count="9" type="cond" truecount="2" falsecount="2"/>
        <line num="84" count="0" type="stmt"/>
        <line num="85" count="0" type="stmt"/>
        <line num="89" count="9" type="cond" truecount="3" falsecount="1"/>
        <line num="90" count="9" type="stmt"/>
        <line num="98" count="9" type="cond" truecount="3" falsecount="1"/>
        <line num="99" count="9" type="stmt"/>
        <line num="100" count="9" type="stmt"/>
        <line num="103" count="9" type="stmt"/>
        <line num="106" count="1" type="stmt"/>
        <line num="110" count="1" type="stmt"/>
        <line num="111" count="1" type="stmt"/>
        <line num="115" count="1" type="stmt"/>
        <line num="118" count="1" type="cond" truecount="1" falsecount="1"/>
        <line num="119" count="1" type="cond" truecount="1" falsecount="1"/>
        <line num="120" count="1" type="cond" truecount="3" falsecount="1"/>
        <line num="121" count="1" type="stmt"/>
        <line num="124" count="1" type="cond" truecount="3" falsecount="1"/>
        <line num="125" count="0" type="stmt"/>
        <line num="126" count="0" type="cond" truecount="0" falsecount="2"/>
        <line num="127" count="0" type="cond" truecount="0" falsecount="2"/>
        <line num="130" count="1" type="cond" truecount="1" falsecount="1"/>
        <line num="132" count="0" type="stmt"/>
        <line num="139" count="1" type="stmt"/>
        <line num="140" count="1" type="cond" truecount="1" falsecount="1"/>
        <line num="141" count="0" type="cond" truecount="0" falsecount="2"/>
        <line num="142" count="0" type="cond" truecount="0" falsecount="4"/>
        <line num="144" count="0" type="stmt"/>
        <line num="145" count="0" type="stmt"/>
        <line num="147" count="0" type="stmt"/>
        <line num="148" count="0" type="stmt"/>
        <line num="150" count="0" type="stmt"/>
        <line num="151" count="0" type="stmt"/>
        <line num="153" count="0" type="stmt"/>
        <line num="156" count="1" type="stmt"/>
        <line num="160" count="1" type="cond" truecount="2" falsecount="0"/>
        <line num="161" count="1" type="cond" truecount="2" falsecount="0"/>
        <line num="162" count="1" type="stmt"/>
        <line num="164" count="1" type="stmt"/>
        <line num="169" count="1" type="stmt"/>
        <line num="173" count="1" type="stmt"/>
        <line num="175" count="1" type="cond" truecount="3" falsecount="1"/>
        <line num="176" count="1" type="stmt"/>
        <line num="179" count="1" type="cond" truecount="2" falsecount="0"/>
        <line num="180" count="1" type="cond" truecount="2" falsecount="0"/>
        <line num="181" count="1" type="stmt"/>
        <line num="183" count="1" type="stmt"/>
        <line num="188" count="1" type="stmt"/>
        <line num="192" count="1" type="stmt"/>
        <line num="194" count="1" type="cond" truecount="3" falsecount="1"/>
        <line num="195" count="1" type="stmt"/>
        <line num="198" count="1" type="cond" truecount="2" falsecount="0"/>
        <line num="199" count="1" type="cond" truecount="2" falsecount="0"/>
        <line num="200" count="1" type="stmt"/>
        <line num="202" count="1" type="stmt"/>
        <line num="207" count="1" type="stmt"/>
        <line num="212" count="0" type="stmt"/>
        <line num="213" count="0" type="cond" truecount="0" falsecount="2"/>
        <line num="220" count="0" type="stmt"/>
        <line num="221" count="0" type="cond" truecount="0" falsecount="2"/>
        <line num="222" count="0" type="cond" truecount="0" falsecount="4"/>
        <line num="224" count="0" type="stmt"/>
        <line num="228" count="0" type="stmt"/>
        <line num="229" count="0" type="cond" truecount="0" falsecount="4"/>
        <line num="231" count="0" type="stmt"/>
        <line num="237" count="0" type="stmt"/>
        <line num="238" count="0" type="cond" truecount="0" falsecount="2"/>
        <line num="239" count="0" type="cond" truecount="0" falsecount="4"/>
        <line num="241" count="0" type="stmt"/>
        <line num="246" count="0" type="stmt"/>
        <line num="252" count="0" type="stmt"/>
        <line num="253" count="0" type="stmt"/>
        <line num="254" count="0" type="stmt"/>
        <line num="255" count="0" type="cond" truecount="0" falsecount="5"/>
        <line num="256" count="0" type="stmt"/>
        <line num="260" count="0" type="stmt"/>
        <line num="262" count="0" type="cond" truecount="0" falsecount="2"/>
        <line num="263" count="0" type="stmt"/>
        <line num="265" count="0" type="cond" truecount="0" falsecount="2"/>
        <line num="271" count="0" type="stmt"/>
        <line num="275" count="0" type="stmt"/>
        <line num="282" count="0" type="stmt"/>
        <line num="283" count="0" type="stmt"/>
        <line num="300" count="0" type="stmt"/>
        <line num="301" count="0" type="cond" truecount="0" falsecount="2"/>
        <line num="303" count="0" type="stmt"/>
        <line num="304" count="0" type="stmt"/>
        <line num="305" count="0" type="cond" truecount="0" falsecount="2"/>
        <line num="307" count="0" type="stmt"/>
        <line num="311" count="1" type="stmt"/>
        <line num="312" count="1" type="cond" truecount="1" falsecount="1"/>
        <line num="315" count="1" type="stmt"/>
        <line num="316" count="0" type="cond" truecount="0" falsecount="2"/>
        <line num="317" count="0" type="stmt"/>
        <line num="319" count="0" type="stmt"/>
        <line num="322" count="1" type="stmt"/>
        <line num="326" count="1" type="stmt"/>
        <line num="328" count="1" type="cond" truecount="3" falsecount="1"/>
        <line num="329" count="1" type="stmt"/>
        <line num="330" count="1" type="stmt"/>
        <line num="333" count="1" type="stmt"/>
        <line num="336" count="1" type="stmt"/>
        <line num="337" count="1" type="stmt"/>
        <line num="338" count="1" type="stmt"/>
        <line num="339" count="1" type="cond" truecount="5" falsecount="1"/>
        <line num="342" count="1" type="stmt"/>
        <line num="343" count="1" type="stmt"/>
        <line num="344" count="1" type="stmt"/>
        <line num="350" count="1" type="stmt"/>
        <line num="371" count="1" type="stmt"/>
        <line num="374" count="1" type="stmt"/>
        <line num="387" count="1" type="cond" truecount="1" falsecount="1"/>
        <line num="389" count="0" type="stmt"/>
        <line num="390" count="0" type="cond" truecount="0" falsecount="4"/>
        <line num="391" count="0" type="stmt"/>
        <line num="393" count="0" type="stmt"/>
        <line num="395" count="1" type="cond" truecount="1" falsecount="1"/>
        <line num="397" count="1" type="cond" truecount="1" falsecount="1"/>
        <line num="398" count="1" type="stmt"/>
        <line num="400" count="1" type="stmt"/>
        <line num="402" count="0" type="stmt"/>
        <line num="406" count="1" type="cond" truecount="2" falsecount="2"/>
        <line num="407" count="0" type="stmt"/>
        <line num="411" count="1" type="stmt"/>
        <line num="414" count="1" type="cond" truecount="1" falsecount="1"/>
        <line num="418" count="1" type="stmt"/>
        <line num="419" count="1" type="stmt"/>
        <line num="424" count="1" type="stmt"/>
        <line num="425" count="1" type="cond" truecount="1" falsecount="1"/>
        <line num="426" count="0" type="stmt"/>
        <line num="430" count="1" type="stmt"/>
        <line num="431" count="2" type="cond" truecount="2" falsecount="2"/>
        <line num="432" count="0" type="stmt"/>
        <line num="434" count="2" type="stmt"/>
        <line num="439" count="1" type="cond" truecount="1" falsecount="1"/>
        <line num="440" count="0" type="stmt"/>
        <line num="443" count="1" type="cond" truecount="1" falsecount="1"/>
        <line num="444" count="0" type="stmt"/>
        <line num="448" count="1" type="stmt"/>
        <line num="449" count="1" type="stmt"/>
        <line num="453" count="1" type="stmt"/>
        <line num="454" count="1" type="cond" truecount="1" falsecount="1"/>
        <line num="455" count="0" type="stmt"/>
        <line num="458" count="1" type="stmt"/>
        <line num="459" count="1" type="stmt"/>
        <line num="461" count="1" type="stmt"/>
        <line num="465" count="1" type="stmt"/>
        <line num="466" count="1" type="cond" truecount="1" falsecount="1"/>
        <line num="467" count="0" type="stmt"/>
        <line num="470" count="1" type="cond" truecount="1" falsecount="1"/>
        <line num="471" count="1" type="stmt"/>
        <line num="473" count="1" type="stmt"/>
        <line num="478" count="0" type="stmt"/>
        <line num="479" count="0" type="cond" truecount="0" falsecount="2"/>
        <line num="480" count="0" type="stmt"/>
        <line num="483" count="0" type="stmt"/>
        <line num="484" count="0" type="stmt"/>
        <line num="487" count="0" type="stmt"/>
        <line num="490" count="0" type="stmt"/>
        <line num="491" count="0" type="stmt"/>
        <line num="493" count="0" type="stmt"/>
        <line num="498" count="0" type="stmt"/>
        <line num="499" count="0" type="cond" truecount="0" falsecount="2"/>
        <line num="500" count="0" type="stmt"/>
        <line num="503" count="0" type="stmt"/>
        <line num="504" count="0" type="stmt"/>
        <line num="505" count="0" type="stmt"/>
        <line num="507" count="0" type="stmt"/>
        <line num="512" count="1" type="stmt"/>
        <line num="514" count="1" type="stmt"/>
        <line num="515" count="1" type="cond" truecount="1" falsecount="1"/>
        <line num="516" count="0" type="stmt"/>
        <line num="520" count="1" type="stmt"/>
        <line num="527" count="1" type="cond" truecount="1" falsecount="1"/>
        <line num="528" count="0" type="stmt"/>
        <line num="531" count="1" type="stmt"/>
        <line num="532" count="1" type="stmt"/>
        <line num="535" count="1" type="stmt"/>
        <line num="540" count="0" type="stmt"/>
        <line num="541" count="0" type="cond" truecount="0" falsecount="2"/>
        <line num="542" count="0" type="stmt"/>
        <line num="545" count="0" type="stmt"/>
        <line num="546" count="0" type="stmt"/>
        <line num="549" count="0" type="cond" truecount="0" falsecount="4"/>
        <line num="550" count="0" type="stmt"/>
        <line num="553" count="0" type="stmt"/>
        <line num="555" count="0" type="stmt"/>
        <line num="560" count="0" type="stmt"/>
        <line num="561" count="0" type="cond" truecount="0" falsecount="2"/>
        <line num="562" count="0" type="stmt"/>
        <line num="565" count="0" type="stmt"/>
        <line num="568" count="0" type="cond" truecount="0" falsecount="2"/>
        <line num="569" count="0" type="stmt"/>
        <line num="573" count="0" type="cond" truecount="0" falsecount="2"/>
        <line num="574" count="0" type="stmt"/>
        <line num="578" count="0" type="stmt"/>
        <line num="579" count="0" type="stmt"/>
        <line num="580" count="0" type="stmt"/>
        <line num="583" count="0" type="cond" truecount="0" falsecount="2"/>
        <line num="584" count="0" type="stmt"/>
        <line num="586" count="0" type="stmt"/>
        <line num="589" count="0" type="stmt"/>
        <line num="591" count="0" type="stmt"/>
        <line num="598" count="0" type="cond" truecount="0" falsecount="2"/>
        <line num="599" count="0" type="stmt"/>
        <line num="602" count="0" type="stmt"/>
        <line num="609" count="0" type="stmt"/>
        <line num="611" count="0" type="stmt"/>
        <line num="616" count="0" type="stmt"/>
        <line num="617" count="0" type="cond" truecount="0" falsecount="2"/>
        <line num="618" count="0" type="stmt"/>
        <line num="621" count="0" type="stmt"/>
        <line num="624" count="0" type="stmt"/>
        <line num="625" count="0" type="cond" truecount="0" falsecount="4"/>
        <line num="626" count="0" type="stmt"/>
        <line num="628" count="0" type="stmt"/>
        <line num="632" count="0" type="stmt"/>
        <line num="634" count="0" type="stmt"/>
        <line num="640" count="0" type="stmt"/>
        <line num="641" count="0" type="cond" truecount="0" falsecount="2"/>
        <line num="643" count="0" type="stmt"/>
        <line num="648" count="0" type="stmt"/>
        <line num="653" count="0" type="stmt"/>
        <line num="659" count="0" type="stmt"/>
        <line num="660" count="0" type="cond" truecount="0" falsecount="6"/>
        <line num="663" count="0" type="stmt"/>
        <line num="664" count="0" type="stmt"/>
        <line num="669" count="0" type="stmt"/>
        <line num="670" count="0" type="cond" truecount="0" falsecount="2"/>
        <line num="671" count="0" type="stmt"/>
        <line num="674" count="0" type="stmt"/>
        <line num="675" count="0" type="stmt"/>
        <line num="676" count="0" type="stmt"/>
        <line num="678" count="0" type="stmt"/>
        <line num="684" count="0" type="stmt"/>
        <line num="689" count="0" type="stmt"/>
        <line num="694" count="0" type="stmt"/>
        <line num="699" count="0" type="stmt"/>
        <line num="704" count="1" type="stmt"/>
        <line num="706" count="1" type="stmt"/>
        <line num="707" count="1" type="cond" truecount="1" falsecount="1"/>
        <line num="708" count="0" type="stmt"/>
        <line num="712" count="1" type="stmt"/>
        <line num="720" count="1" type="cond" truecount="1" falsecount="1"/>
        <line num="721" count="0" type="stmt"/>
        <line num="725" count="1" type="stmt"/>
        <line num="726" count="1" type="stmt"/>
        <line num="729" count="1" type="stmt"/>
        <line num="734" count="0" type="stmt"/>
        <line num="735" count="0" type="cond" truecount="0" falsecount="2"/>
        <line num="736" count="0" type="stmt"/>
        <line num="739" count="0" type="stmt"/>
        <line num="740" count="0" type="stmt"/>
        <line num="741" count="0" type="cond" truecount="0" falsecount="2"/>
        <line num="742" count="0" type="stmt"/>
        <line num="746" count="0" type="stmt"/>
        <line num="747" count="0" type="stmt"/>
        <line num="749" count="0" type="stmt"/>
        <line num="751" count="0" type="stmt"/>
        <line num="756" count="1" type="stmt"/>
        <line num="757" count="1" type="cond" truecount="1" falsecount="1"/>
        <line num="758" count="0" type="stmt"/>
        <line num="761" count="1" type="stmt"/>
        <line num="764" count="1" type="stmt"/>
        <line num="765" count="1" type="stmt"/>
        <line num="767" count="1" type="stmt"/>
        <line num="776" count="0" type="stmt"/>
        <line num="780" count="0" type="cond" truecount="0" falsecount="2"/>
        <line num="784" count="0" type="stmt"/>
        <line num="788" count="0" type="stmt"/>
        <line num="792" count="0" type="stmt"/>
        <line num="796" count="0" type="stmt"/>
        <line num="800" count="0" type="stmt"/>
        <line num="804" count="0" type="cond" truecount="0" falsecount="2"/>
        <line num="805" count="0" type="stmt"/>
        <line num="811" count="0" type="stmt"/>
        <line num="815" count="0" type="cond" truecount="0" falsecount="2"/>
        <line num="819" count="0" type="stmt"/>
        <line num="825" count="0" type="stmt"/>
        <line num="831" count="0" type="stmt"/>
        <line num="837" count="0" type="cond" truecount="0" falsecount="4"/>
        <line num="838" count="0" type="stmt"/>
        <line num="845" count="0" type="stmt"/>
        <line num="851" count="0" type="stmt"/>
        <line num="857" count="0" type="stmt"/>
        <line num="862" count="1" type="stmt"/>
      </file>
    </package>
    <package name="graphql.typeDefs">
      <metrics statements="3" coveredstatements="3" conditionals="0" coveredconditionals="0" methods="0" coveredmethods="0"/>
      <file name="orderTypeDefs.js" path="C:\Users\Mohmmad\Documents\vsProject\web\SmartOrder\Backend\Orders\graphql\typeDefs\orderTypeDefs.js">
        <metrics statements="3" coveredstatements="3" conditionals="0" coveredconditionals="0" methods="0" coveredmethods="0"/>
        <line num="1" count="1" type="stmt"/>
        <line num="3" count="1" type="stmt"/>
        <line num="405" count="1" type="stmt"/>
      </file>
    </package>
    <package name="models">
      <metrics statements="127" coveredstatements="100" conditionals="89" coveredconditionals="55" methods="31" coveredmethods="26"/>
      <file name="Order.js" path="C:\Users\Mohmmad\Documents\vsProject\web\SmartOrder\Backend\Orders\models\Order.js">
        <metrics statements="127" coveredstatements="100" conditionals="89" coveredconditionals="55" methods="31" coveredmethods="26"/>
        <line num="1" count="2" type="stmt"/>
        <line num="4" count="2" type="stmt"/>
        <line num="17" count="2" type="stmt"/>
        <line num="28" count="2" type="stmt"/>
        <line num="37" count="2" type="stmt"/>
        <line num="49" count="3" type="cond" truecount="2" falsecount="0"/>
        <line num="80" count="2" type="stmt"/>
        <line num="81" count="0" type="cond" truecount="0" falsecount="2"/>
        <line num="85" count="2" type="stmt"/>
        <line num="86" count="4" type="cond" truecount="2" falsecount="2"/>
        <line num="87" count="4" type="stmt"/>
        <line num="89" count="4" type="stmt"/>
        <line num="93" count="2" type="stmt"/>
        <line num="129" count="11" type="cond" truecount="3" falsecount="0"/>
        <line num="157" count="2" type="stmt"/>
        <line num="158" count="11" type="stmt"/>
        <line num="160" count="11" type="cond" truecount="1" falsecount="1"/>
        <line num="161" count="0" type="stmt"/>
        <line num="165" count="11" type="cond" truecount="5" falsecount="0"/>
        <line num="166" count="1" type="stmt"/>
        <line num="170" count="11" type="cond" truecount="5" falsecount="0"/>
        <line num="171" count="3" type="stmt"/>
        <line num="174" count="11" type="stmt"/>
        <line num="178" count="2" type="stmt"/>
        <line num="222" count="2" type="stmt"/>
        <line num="223" count="40" type="stmt"/>
        <line num="226" count="40" type="cond" truecount="4" falsecount="0"/>
        <line num="227" count="26" type="stmt"/>
        <line num="228" count="26" type="stmt"/>
        <line num="229" count="26" type="stmt"/>
        <line num="232" count="40" type="stmt"/>
        <line num="236" count="2" type="stmt"/>
        <line num="237" count="0" type="stmt"/>
        <line num="238" count="0" type="stmt"/>
        <line num="240" count="0" type="stmt"/>
        <line num="241" count="0" type="cond" truecount="0" falsecount="2"/>
        <line num="242" count="0" type="cond" truecount="0" falsecount="2"/>
        <line num="243" count="0" type="cond" truecount="0" falsecount="2"/>
        <line num="246" count="0" type="cond" truecount="0" falsecount="4"/>
        <line num="247" count="0" type="cond" truecount="0" falsecount="2"/>
        <line num="250" count="0" type="stmt"/>
        <line num="254" count="2" type="stmt"/>
        <line num="256" count="4" type="cond" truecount="1" falsecount="1"/>
        <line num="259" count="4" type="cond" truecount="3" falsecount="1"/>
        <line num="261" count="0" type="stmt"/>
        <line num="262" count="0" type="stmt"/>
        <line num="265" count="4" type="stmt"/>
        <line num="269" count="2" type="stmt"/>
        <line num="291" count="116" type="stmt"/>
        <line num="326" count="61" type="cond" truecount="1" falsecount="2"/>
        <line num="336" count="61" type="cond" truecount="1" falsecount="2"/>
        <line num="357" count="2" type="stmt"/>
        <line num="358" count="0" type="stmt"/>
        <line num="359" count="0" type="cond" truecount="0" falsecount="2"/>
        <line num="360" count="0" type="stmt"/>
        <line num="361" count="0" type="cond" truecount="0" falsecount="2"/>
        <line num="362" count="0" type="stmt"/>
        <line num="363" count="0" type="stmt"/>
        <line num="367" count="2" type="stmt"/>
        <line num="396" count="62" type="cond" truecount="2" falsecount="0"/>
        <line num="406" count="62" type="cond" truecount="2" falsecount="0"/>
        <line num="442" count="62" type="cond" truecount="2" falsecount="0"/>
        <line num="457" count="62" type="stmt"/>
        <line num="467" count="64" type="cond" truecount="2" falsecount="0"/>
        <line num="499" count="2" type="stmt"/>
        <line num="500" count="109" type="stmt"/>
        <line num="503" count="109" type="cond" truecount="5" falsecount="0"/>
        <line num="504" count="27" type="stmt"/>
        <line num="508" count="109" type="cond" truecount="4" falsecount="0"/>
        <line num="509" count="4" type="stmt"/>
        <line num="510" count="3" type="stmt"/>
        <line num="513" count="3" type="cond" truecount="1" falsecount="1"/>
        <line num="514" count="3" type="stmt"/>
        <line num="517" count="0" type="stmt"/>
        <line num="521" count="109" type="stmt"/>
        <line num="525" count="2" type="stmt"/>
        <line num="526" count="1" type="stmt"/>
        <line num="530" count="2" type="stmt"/>
        <line num="532" count="2" type="stmt"/>
        <line num="534" count="2" type="stmt"/>
        <line num="536" count="2" type="stmt"/>
        <line num="539" count="2" type="stmt"/>
        <line num="541" count="3" type="stmt"/>
        <line num="547" count="3" type="stmt"/>
        <line num="550" count="3" type="stmt"/>
        <line num="553" count="2" type="stmt"/>
        <line num="555" count="1" type="stmt"/>
        <line num="557" count="1" type="cond" truecount="1" falsecount="1"/>
        <line num="558" count="0" type="stmt"/>
        <line num="562" count="1" type="stmt"/>
        <line num="565" count="1" type="stmt"/>
        <line num="568" count="2" type="stmt"/>
        <line num="570" count="25" type="stmt"/>
        <line num="571" count="25" type="stmt"/>
        <line num="574" count="2" type="stmt"/>
        <line num="576" count="4" type="stmt"/>
        <line num="578" count="4" type="cond" truecount="1" falsecount="1"/>
        <line num="579" count="0" type="stmt"/>
        <line num="582" count="4" type="cond" truecount="1" falsecount="1"/>
        <line num="583" count="0" type="stmt"/>
        <line num="587" count="4" type="stmt"/>
        <line num="590" count="4" type="stmt"/>
        <line num="591" count="4" type="stmt"/>
        <line num="592" count="4" type="stmt"/>
        <line num="595" count="4" type="stmt"/>
        <line num="596" count="5" type="cond" truecount="4" falsecount="0"/>
        <line num="597" count="1" type="stmt"/>
        <line num="601" count="4" type="stmt"/>
        <line num="604" count="2" type="stmt"/>
        <line num="605" count="0" type="stmt"/>
        <line num="606" count="0" type="stmt"/>
        <line num="609" count="2" type="stmt"/>
        <line num="610" count="6" type="stmt"/>
        <line num="611" count="6" type="cond" truecount="1" falsecount="1"/>
        <line num="612" count="6" type="stmt"/>
        <line num="613" count="6" type="stmt"/>
        <line num="614" count="3" type="stmt"/>
        <line num="616" count="6" type="stmt"/>
        <line num="619" count="2" type="cond" truecount="0" falsecount="1"/>
        <line num="620" count="2" type="stmt"/>
        <line num="621" count="2" type="cond" truecount="1" falsecount="1"/>
        <line num="622" count="2" type="stmt"/>
        <line num="626" count="2" type="stmt"/>
        <line num="629" count="0" type="stmt"/>
        <line num="630" count="0" type="stmt"/>
        <line num="634" count="2" type="stmt"/>
        <line num="636" count="2" type="stmt"/>
      </file>
    </package>
  </project>
</coverage>
