{"C:\\Users\\Mohmmad\\Documents\\vsProject\\web\\SmartOrder\\Backend\\Orders\\graphql\\resolvers\\orderResolvers.js": {"path":"C:\\Users\\Mohmmad\\Documents\\vsProject\\web\\SmartOrder\\Backend\\Orders\\graphql\\resolvers\\orderResolvers.js","statementMap":{"0":{"start":{"line":3,"column":4},"end":{"line":3,"column":33}},"1":{"start":{"line":6,"column":22},"end":{"line":9,"column":1}},"2":{"start":{"line":7,"column":2},"end":{"line":7,"column":26}},"3":{"start":{"line":7,"column":14},"end":{"line":7,"column":26}},"4":{"start":{"line":8,"column":2},"end":{"line":8,"column":29}},"5":{"start":{"line":11,"column":23},"end":{"line":14,"column":1}},"6":{"start":{"line":12,"column":2},"end":{"line":12,"column":26}},"7":{"start":{"line":12,"column":14},"end":{"line":12,"column":26}},"8":{"start":{"line":13,"column":2},"end":{"line":13,"column":29}},"9":{"start":{"line":17,"column":27},"end":{"line":20,"column":1}},"10":{"start":{"line":18,"column":2},"end":{"line":18,"column":51}},"11":{"start":{"line":18,"column":41},"end":{"line":18,"column":51}},"12":{"start":{"line":19,"column":2},"end":{"line":19,"column":47}},"13":{"start":{"line":19,"column":27},"end":{"line":19,"column":45}},"14":{"start":{"line":22,"column":28},"end":{"line":25,"column":1}},"15":{"start":{"line":23,"column":2},"end":{"line":23,"column":51}},"16":{"start":{"line":23,"column":41},"end":{"line":23,"column":51}},"17":{"start":{"line":24,"column":2},"end":{"line":24,"column":48}},"18":{"start":{"line":24,"column":27},"end":{"line":24,"column":46}},"19":{"start":{"line":28,"column":35},"end":{"line":39,"column":1}},"20":{"start":{"line":29,"column":2},"end":{"line":29,"column":28}},"21":{"start":{"line":29,"column":16},"end":{"line":29,"column":28}},"22":{"start":{"line":31,"column":22},"end":{"line":31,"column":76}},"23":{"start":{"line":32,"column":2},"end":{"line":32,"column":71}},"24":{"start":{"line":34,"column":2},"end":{"line":36,"column":3}},"25":{"start":{"line":35,"column":4},"end":{"line":35,"column":75}},"26":{"start":{"line":38,"column":2},"end":{"line":38,"column":21}},"27":{"start":{"line":41,"column":35},"end":{"line":52,"column":1}},"28":{"start":{"line":42,"column":2},"end":{"line":42,"column":28}},"29":{"start":{"line":42,"column":16},"end":{"line":42,"column":28}},"30":{"start":{"line":44,"column":22},"end":{"line":44,"column":76}},"31":{"start":{"line":45,"column":2},"end":{"line":45,"column":71}},"32":{"start":{"line":47,"column":2},"end":{"line":49,"column":3}},"33":{"start":{"line":48,"column":4},"end":{"line":48,"column":71}},"34":{"start":{"line":51,"column":2},"end":{"line":51,"column":21}},"35":{"start":{"line":54,"column":31},"end":{"line":65,"column":1}},"36":{"start":{"line":55,"column":2},"end":{"line":55,"column":24}},"37":{"start":{"line":55,"column":12},"end":{"line":55,"column":24}},"38":{"start":{"line":57,"column":18},"end":{"line":57,"column":60}},"39":{"start":{"line":58,"column":2},"end":{"line":58,"column":59}},"40":{"start":{"line":60,"column":2},"end":{"line":62,"column":3}},"41":{"start":{"line":61,"column":4},"end":{"line":61,"column":59}},"42":{"start":{"line":64,"column":2},"end":{"line":64,"column":17}},"43":{"start":{"line":68,"column":33},"end":{"line":104,"column":1}},"44":{"start":{"line":69,"column":2},"end":{"line":69,"column":26}},"45":{"start":{"line":69,"column":14},"end":{"line":69,"column":26}},"46":{"start":{"line":72,"column":20},"end":{"line":72,"column":68}},"47":{"start":{"line":75,"column":2},"end":{"line":75,"column":65}},"48":{"start":{"line":78,"column":2},"end":{"line":80,"column":3}},"49":{"start":{"line":79,"column":4},"end":{"line":79,"column":67}},"50":{"start":{"line":83,"column":2},"end":{"line":86,"column":3}},"51":{"start":{"line":84,"column":4},"end":{"line":84,"column":60}},"52":{"start":{"line":85,"column":4},"end":{"line":85,"column":87}},"53":{"start":{"line":89,"column":2},"end":{"line":95,"column":3}},"54":{"start":{"line":90,"column":4},"end":{"line":94,"column":8}},"55":{"start":{"line":90,"column":48},"end":{"line":94,"column":5}},"56":{"start":{"line":98,"column":2},"end":{"line":101,"column":3}},"57":{"start":{"line":99,"column":4},"end":{"line":99,"column":78}},"58":{"start":{"line":100,"column":4},"end":{"line":100,"column":101}},"59":{"start":{"line":103,"column":2},"end":{"line":103,"column":19}},"60":{"start":{"line":106,"column":23},"end":{"line":860,"column":1}},"61":{"start":{"line":110,"column":20},"end":{"line":110,"column":44}},"62":{"start":{"line":111,"column":6},"end":{"line":111,"column":45}},"63":{"start":{"line":115,"column":20},"end":{"line":115,"column":22}},"64":{"start":{"line":118,"column":6},"end":{"line":118,"column":84}},"65":{"start":{"line":118,"column":35},"end":{"line":118,"column":84}},"66":{"start":{"line":119,"column":6},"end":{"line":119,"column":75}},"67":{"start":{"line":119,"column":32},"end":{"line":119,"column":75}},"68":{"start":{"line":120,"column":6},"end":{"line":122,"column":7}},"69":{"start":{"line":121,"column":8},"end":{"line":121,"column":79}},"70":{"start":{"line":124,"column":6},"end":{"line":128,"column":7}},"71":{"start":{"line":125,"column":8},"end":{"line":125,"column":30}},"72":{"start":{"line":126,"column":8},"end":{"line":126,"column":95}},"73":{"start":{"line":126,"column":37},"end":{"line":126,"column":95}},"74":{"start":{"line":127,"column":8},"end":{"line":127,"column":95}},"75":{"start":{"line":127,"column":37},"end":{"line":127,"column":95}},"76":{"start":{"line":130,"column":6},"end":{"line":136,"column":7}},"77":{"start":{"line":132,"column":8},"end":{"line":135,"column":10}},"78":{"start":{"line":139,"column":26},"end":{"line":139,"column":28}},"79":{"start":{"line":140,"column":6},"end":{"line":157,"column":7}},"80":{"start":{"line":141,"column":30},"end":{"line":141,"column":64}},"81":{"start":{"line":142,"column":8},"end":{"line":154,"column":9}},"82":{"start":{"line":144,"column":12},"end":{"line":144,"column":51}},"83":{"start":{"line":145,"column":12},"end":{"line":145,"column":18}},"84":{"start":{"line":147,"column":12},"end":{"line":147,"column":62}},"85":{"start":{"line":148,"column":12},"end":{"line":148,"column":18}},"86":{"start":{"line":150,"column":12},"end":{"line":150,"column":59}},"87":{"start":{"line":151,"column":12},"end":{"line":151,"column":18}},"88":{"start":{"line":153,"column":12},"end":{"line":153,"column":40}},"89":{"start":{"line":156,"column":8},"end":{"line":156,"column":36}},"90":{"start":{"line":160,"column":19},"end":{"line":160,"column":39}},"91":{"start":{"line":161,"column":20},"end":{"line":161,"column":42}},"92":{"start":{"line":162,"column":19},"end":{"line":162,"column":37}},"93":{"start":{"line":164,"column":21},"end":{"line":167,"column":21}},"94":{"start":{"line":169,"column":6},"end":{"line":169,"column":50}},"95":{"start":{"line":173,"column":20},"end":{"line":173,"column":53}},"96":{"start":{"line":175,"column":6},"end":{"line":177,"column":7}},"97":{"start":{"line":176,"column":8},"end":{"line":176,"column":66}},"98":{"start":{"line":179,"column":19},"end":{"line":179,"column":39}},"99":{"start":{"line":180,"column":20},"end":{"line":180,"column":42}},"100":{"start":{"line":181,"column":19},"end":{"line":181,"column":37}},"101":{"start":{"line":183,"column":21},"end":{"line":186,"column":21}},"102":{"start":{"line":188,"column":6},"end":{"line":188,"column":50}},"103":{"start":{"line":192,"column":20},"end":{"line":192,"column":37}},"104":{"start":{"line":194,"column":6},"end":{"line":196,"column":7}},"105":{"start":{"line":195,"column":8},"end":{"line":195,"column":66}},"106":{"start":{"line":198,"column":19},"end":{"line":198,"column":39}},"107":{"start":{"line":199,"column":20},"end":{"line":199,"column":42}},"108":{"start":{"line":200,"column":19},"end":{"line":200,"column":37}},"109":{"start":{"line":202,"column":21},"end":{"line":205,"column":21}},"110":{"start":{"line":207,"column":6},"end":{"line":207,"column":50}},"111":{"start":{"line":212,"column":20},"end":{"line":212,"column":50}},"112":{"start":{"line":213,"column":6},"end":{"line":213,"column":44}},"113":{"start":{"line":220,"column":21},"end":{"line":220,"column":60}},"114":{"start":{"line":221,"column":20},"end":{"line":221,"column":56}},"115":{"start":{"line":222,"column":6},"end":{"line":222,"column":48}},"116":{"start":{"line":222,"column":36},"end":{"line":222,"column":48}},"117":{"start":{"line":224,"column":6},"end":{"line":224,"column":55}},"118":{"start":{"line":228,"column":20},"end":{"line":228,"column":50}},"119":{"start":{"line":229,"column":6},"end":{"line":229,"column":48}},"120":{"start":{"line":229,"column":36},"end":{"line":229,"column":48}},"121":{"start":{"line":231,"column":6},"end":{"line":231,"column":55}},"122":{"start":{"line":237,"column":21},"end":{"line":237,"column":69}},"123":{"start":{"line":238,"column":20},"end":{"line":238,"column":56}},"124":{"start":{"line":239,"column":6},"end":{"line":239,"column":57}},"125":{"start":{"line":239,"column":45},"end":{"line":239,"column":57}},"126":{"start":{"line":241,"column":6},"end":{"line":241,"column":64}},"127":{"start":{"line":246,"column":21},"end":{"line":249,"column":8}},"128":{"start":{"line":252,"column":25},"end":{"line":252,"column":27}},"129":{"start":{"line":253,"column":6},"end":{"line":258,"column":9}},"130":{"start":{"line":254,"column":24},"end":{"line":254,"column":46}},"131":{"start":{"line":255,"column":8},"end":{"line":257,"column":9}},"132":{"start":{"line":256,"column":10},"end":{"line":256,"column":83}},"133":{"start":{"line":260,"column":6},"end":{"line":266,"column":9}},"134":{"start":{"line":262,"column":8},"end":{"line":264,"column":9}},"135":{"start":{"line":263,"column":10},"end":{"line":263,"column":65}},"136":{"start":{"line":265,"column":8},"end":{"line":265,"column":46}},"137":{"start":{"line":271,"column":6},"end":{"line":271,"column":42}},"138":{"start":{"line":275,"column":6},"end":{"line":278,"column":9}},"139":{"start":{"line":282,"column":18},"end":{"line":282,"column":28}},"140":{"start":{"line":283,"column":6},"end":{"line":294,"column":9}},"141":{"start":{"line":300,"column":21},"end":{"line":300,"column":57}},"142":{"start":{"line":301,"column":6},"end":{"line":301,"column":43}},"143":{"start":{"line":301,"column":31},"end":{"line":301,"column":43}},"144":{"start":{"line":303,"column":20},"end":{"line":303,"column":29}},"145":{"start":{"line":304,"column":18},"end":{"line":304,"column":35}},"146":{"start":{"line":305,"column":6},"end":{"line":305,"column":28}},"147":{"start":{"line":305,"column":16},"end":{"line":305,"column":28}},"148":{"start":{"line":307,"column":6},"end":{"line":307,"column":41}},"149":{"start":{"line":311,"column":20},"end":{"line":311,"column":50}},"150":{"start":{"line":312,"column":6},"end":{"line":312,"column":28}},"151":{"start":{"line":312,"column":18},"end":{"line":312,"column":28}},"152":{"start":{"line":315,"column":25},"end":{"line":320,"column":8}},"153":{"start":{"line":316,"column":8},"end":{"line":318,"column":9}},"154":{"start":{"line":317,"column":10},"end":{"line":317,"column":65}},"155":{"start":{"line":319,"column":8},"end":{"line":319,"column":41}},"156":{"start":{"line":322,"column":6},"end":{"line":322,"column":64}},"157":{"start":{"line":322,"column":35},"end":{"line":322,"column":62}},"158":{"start":{"line":326,"column":20},"end":{"line":326,"column":59}},"159":{"start":{"line":328,"column":6},"end":{"line":331,"column":7}},"160":{"start":{"line":329,"column":34},"end":{"line":329,"column":61}},"161":{"start":{"line":330,"column":8},"end":{"line":330,"column":62}},"162":{"start":{"line":333,"column":21},"end":{"line":333,"column":44}},"163":{"start":{"line":336,"column":19},"end":{"line":336,"column":21}},"164":{"start":{"line":337,"column":6},"end":{"line":347,"column":9}},"165":{"start":{"line":338,"column":8},"end":{"line":346,"column":11}},"166":{"start":{"line":339,"column":10},"end":{"line":345,"column":11}},"167":{"start":{"line":342,"column":28},"end":{"line":342,"column":55}},"168":{"start":{"line":343,"column":12},"end":{"line":343,"column":41}},"169":{"start":{"line":344,"column":12},"end":{"line":344,"column":31}},"170":{"start":{"line":350,"column":6},"end":{"line":350,"column":82}},"171":{"start":{"line":350,"column":33},"end":{"line":350,"column":80}},"172":{"start":{"line":371,"column":10},"end":{"line":371,"column":15}},"173":{"start":{"line":374,"column":24},"end":{"line":384,"column":7}},"174":{"start":{"line":387,"column":6},"end":{"line":403,"column":7}},"175":{"start":{"line":389,"column":30},"end":{"line":389,"column":98}},"176":{"start":{"line":390,"column":8},"end":{"line":394,"column":9}},"177":{"start":{"line":391,"column":10},"end":{"line":391,"column":70}},"178":{"start":{"line":393,"column":10},"end":{"line":393,"column":87}},"179":{"start":{"line":395,"column":13},"end":{"line":403,"column":7}},"180":{"start":{"line":397,"column":8},"end":{"line":399,"column":9}},"181":{"start":{"line":398,"column":10},"end":{"line":398,"column":96}},"182":{"start":{"line":400,"column":8},"end":{"line":400,"column":58}},"183":{"start":{"line":402,"column":8},"end":{"line":402,"column":95}},"184":{"start":{"line":406,"column":6},"end":{"line":408,"column":7}},"185":{"start":{"line":407,"column":8},"end":{"line":407,"column":44}},"186":{"start":{"line":411,"column":20},"end":{"line":411,"column":40}},"187":{"start":{"line":414,"column":6},"end":{"line":416,"column":7}},"188":{"start":{"line":418,"column":6},"end":{"line":418,"column":25}},"189":{"start":{"line":419,"column":6},"end":{"line":419,"column":45}},"190":{"start":{"line":424,"column":20},"end":{"line":424,"column":44}},"191":{"start":{"line":425,"column":6},"end":{"line":427,"column":7}},"192":{"start":{"line":426,"column":8},"end":{"line":426,"column":57}},"193":{"start":{"line":430,"column":6},"end":{"line":436,"column":9}},"194":{"start":{"line":431,"column":8},"end":{"line":435,"column":9}},"195":{"start":{"line":432,"column":10},"end":{"line":432,"column":50}},"196":{"start":{"line":434,"column":10},"end":{"line":434,"column":34}},"197":{"start":{"line":439,"column":6},"end":{"line":441,"column":7}},"198":{"start":{"line":440,"column":8},"end":{"line":440,"column":76}},"199":{"start":{"line":443,"column":6},"end":{"line":445,"column":7}},"200":{"start":{"line":444,"column":8},"end":{"line":444,"column":64}},"201":{"start":{"line":448,"column":6},"end":{"line":448,"column":25}},"202":{"start":{"line":449,"column":6},"end":{"line":449,"column":45}},"203":{"start":{"line":453,"column":20},"end":{"line":453,"column":44}},"204":{"start":{"line":454,"column":6},"end":{"line":456,"column":7}},"205":{"start":{"line":455,"column":8},"end":{"line":455,"column":57}},"206":{"start":{"line":458,"column":6},"end":{"line":458,"column":32}},"207":{"start":{"line":459,"column":6},"end":{"line":459,"column":25}},"208":{"start":{"line":461,"column":6},"end":{"line":461,"column":45}},"209":{"start":{"line":465,"column":20},"end":{"line":465,"column":44}},"210":{"start":{"line":466,"column":6},"end":{"line":468,"column":7}},"211":{"start":{"line":467,"column":8},"end":{"line":467,"column":57}},"212":{"start":{"line":470,"column":6},"end":{"line":470,"column":94}},"213":{"start":{"line":471,"column":6},"end":{"line":471,"column":25}},"214":{"start":{"line":473,"column":6},"end":{"line":473,"column":45}},"215":{"start":{"line":478,"column":20},"end":{"line":478,"column":50}},"216":{"start":{"line":479,"column":6},"end":{"line":481,"column":7}},"217":{"start":{"line":480,"column":8},"end":{"line":480,"column":63}},"218":{"start":{"line":483,"column":6},"end":{"line":483,"column":32}},"219":{"start":{"line":484,"column":6},"end":{"line":484,"column":25}},"220":{"start":{"line":487,"column":22},"end":{"line":487,"column":69}},"221":{"start":{"line":490,"column":23},"end":{"line":490,"column":41}},"222":{"start":{"line":491,"column":6},"end":{"line":491,"column":44}},"223":{"start":{"line":493,"column":6},"end":{"line":493,"column":22}},"224":{"start":{"line":498,"column":21},"end":{"line":498,"column":64}},"225":{"start":{"line":499,"column":6},"end":{"line":501,"column":7}},"226":{"start":{"line":500,"column":8},"end":{"line":500,"column":62}},"227":{"start":{"line":503,"column":20},"end":{"line":503,"column":29}},"228":{"start":{"line":504,"column":6},"end":{"line":504,"column":32}},"229":{"start":{"line":505,"column":6},"end":{"line":505,"column":25}},"230":{"start":{"line":507,"column":6},"end":{"line":507,"column":18}},"231":{"start":{"line":512,"column":127},"end":{"line":512,"column":132}},"232":{"start":{"line":514,"column":20},"end":{"line":514,"column":50}},"233":{"start":{"line":515,"column":6},"end":{"line":517,"column":7}},"234":{"start":{"line":516,"column":8},"end":{"line":516,"column":63}},"235":{"start":{"line":520,"column":26},"end":{"line":525,"column":7}},"236":{"start":{"line":527,"column":6},"end":{"line":529,"column":7}},"237":{"start":{"line":528,"column":8},"end":{"line":528,"column":68}},"238":{"start":{"line":531,"column":6},"end":{"line":531,"column":34}},"239":{"start":{"line":532,"column":6},"end":{"line":532,"column":25}},"240":{"start":{"line":535,"column":6},"end":{"line":535,"column":55}},"241":{"start":{"line":540,"column":21},"end":{"line":540,"column":60}},"242":{"start":{"line":541,"column":6},"end":{"line":543,"column":7}},"243":{"start":{"line":542,"column":8},"end":{"line":542,"column":59}},"244":{"start":{"line":545,"column":20},"end":{"line":545,"column":29}},"245":{"start":{"line":546,"column":6},"end":{"line":546,"column":60}},"246":{"start":{"line":549,"column":6},"end":{"line":551,"column":7}},"247":{"start":{"line":550,"column":8},"end":{"line":550,"column":53}},"248":{"start":{"line":553,"column":6},"end":{"line":553,"column":25}},"249":{"start":{"line":555,"column":6},"end":{"line":555,"column":55}},"250":{"start":{"line":560,"column":21},"end":{"line":560,"column":60}},"251":{"start":{"line":561,"column":6},"end":{"line":563,"column":7}},"252":{"start":{"line":562,"column":8},"end":{"line":562,"column":59}},"253":{"start":{"line":565,"column":20},"end":{"line":565,"column":29}},"254":{"start":{"line":568,"column":6},"end":{"line":570,"column":7}},"255":{"start":{"line":569,"column":8},"end":{"line":569,"column":83}},"256":{"start":{"line":573,"column":6},"end":{"line":575,"column":7}},"257":{"start":{"line":574,"column":8},"end":{"line":574,"column":80}},"258":{"start":{"line":578,"column":6},"end":{"line":578,"column":43}},"259":{"start":{"line":579,"column":6},"end":{"line":579,"column":43}},"260":{"start":{"line":580,"column":6},"end":{"line":580,"column":50}},"261":{"start":{"line":583,"column":6},"end":{"line":587,"column":7}},"262":{"start":{"line":584,"column":8},"end":{"line":584,"column":50}},"263":{"start":{"line":586,"column":8},"end":{"line":586,"column":60}},"264":{"start":{"line":589,"column":6},"end":{"line":589,"column":25}},"265":{"start":{"line":591,"column":6},"end":{"line":591,"column":55}},"266":{"start":{"line":598,"column":6},"end":{"line":600,"column":7}},"267":{"start":{"line":599,"column":8},"end":{"line":599,"column":64}},"268":{"start":{"line":602,"column":24},"end":{"line":607,"column":8}},"269":{"start":{"line":609,"column":6},"end":{"line":609,"column":29}},"270":{"start":{"line":611,"column":6},"end":{"line":611,"column":68}},"271":{"start":{"line":616,"column":21},"end":{"line":616,"column":69}},"272":{"start":{"line":617,"column":6},"end":{"line":619,"column":7}},"273":{"start":{"line":618,"column":8},"end":{"line":618,"column":59}},"274":{"start":{"line":621,"column":20},"end":{"line":621,"column":29}},"275":{"start":{"line":624,"column":6},"end":{"line":630,"column":9}},"276":{"start":{"line":625,"column":8},"end":{"line":629,"column":9}},"277":{"start":{"line":626,"column":10},"end":{"line":626,"column":67}},"278":{"start":{"line":628,"column":10},"end":{"line":628,"column":51}},"279":{"start":{"line":632,"column":6},"end":{"line":632,"column":25}},"280":{"start":{"line":634,"column":6},"end":{"line":634,"column":64}},"281":{"start":{"line":640,"column":21},"end":{"line":640,"column":69}},"282":{"start":{"line":641,"column":6},"end":{"line":644,"column":7}},"283":{"start":{"line":643,"column":8},"end":{"line":643,"column":20}},"284":{"start":{"line":648,"column":6},"end":{"line":648,"column":18}},"285":{"start":{"line":653,"column":21},"end":{"line":656,"column":8}},"286":{"start":{"line":659,"column":6},"end":{"line":666,"column":7}},"287":{"start":{"line":660,"column":8},"end":{"line":665,"column":9}},"288":{"start":{"line":663,"column":10},"end":{"line":663,"column":61}},"289":{"start":{"line":664,"column":10},"end":{"line":664,"column":29}},"290":{"start":{"line":669,"column":27},"end":{"line":669,"column":75}},"291":{"start":{"line":670,"column":6},"end":{"line":672,"column":7}},"292":{"start":{"line":671,"column":8},"end":{"line":671,"column":59}},"293":{"start":{"line":674,"column":26},"end":{"line":674,"column":41}},"294":{"start":{"line":675,"column":6},"end":{"line":675,"column":62}},"295":{"start":{"line":676,"column":6},"end":{"line":676,"column":31}},"296":{"start":{"line":678,"column":6},"end":{"line":678,"column":18}},"297":{"start":{"line":684,"column":6},"end":{"line":684,"column":41}},"298":{"start":{"line":689,"column":6},"end":{"line":689,"column":41}},"299":{"start":{"line":694,"column":6},"end":{"line":694,"column":41}},"300":{"start":{"line":699,"column":6},"end":{"line":699,"column":41}},"301":{"start":{"line":704,"column":141},"end":{"line":704,"column":146}},"302":{"start":{"line":706,"column":20},"end":{"line":706,"column":50}},"303":{"start":{"line":707,"column":6},"end":{"line":709,"column":7}},"304":{"start":{"line":708,"column":8},"end":{"line":708,"column":63}},"305":{"start":{"line":712,"column":22},"end":{"line":718,"column":7}},"306":{"start":{"line":720,"column":6},"end":{"line":722,"column":7}},"307":{"start":{"line":721,"column":8},"end":{"line":721,"column":52}},"308":{"start":{"line":725,"column":6},"end":{"line":725,"column":28}},"309":{"start":{"line":726,"column":6},"end":{"line":726,"column":25}},"310":{"start":{"line":729,"column":6},"end":{"line":729,"column":71}},"311":{"start":{"line":734,"column":21},"end":{"line":734,"column":57}},"312":{"start":{"line":735,"column":6},"end":{"line":737,"column":7}},"313":{"start":{"line":736,"column":8},"end":{"line":736,"column":55}},"314":{"start":{"line":739,"column":20},"end":{"line":739,"column":29}},"315":{"start":{"line":740,"column":18},"end":{"line":740,"column":35}},"316":{"start":{"line":741,"column":6},"end":{"line":743,"column":7}},"317":{"start":{"line":742,"column":8},"end":{"line":742,"column":64}},"318":{"start":{"line":746,"column":6},"end":{"line":746,"column":46}},"319":{"start":{"line":747,"column":6},"end":{"line":747,"column":34}},"320":{"start":{"line":749,"column":6},"end":{"line":749,"column":25}},"321":{"start":{"line":751,"column":6},"end":{"line":751,"column":41}},"322":{"start":{"line":756,"column":21},"end":{"line":756,"column":57}},"323":{"start":{"line":757,"column":6},"end":{"line":759,"column":7}},"324":{"start":{"line":758,"column":8},"end":{"line":758,"column":55}},"325":{"start":{"line":761,"column":20},"end":{"line":761,"column":29}},"326":{"start":{"line":764,"column":6},"end":{"line":764,"column":26}},"327":{"start":{"line":765,"column":6},"end":{"line":765,"column":25}},"328":{"start":{"line":767,"column":6},"end":{"line":767,"column":45}},"329":{"start":{"line":776,"column":6},"end":{"line":776,"column":156}},"330":{"start":{"line":780,"column":6},"end":{"line":780,"column":45}},"331":{"start":{"line":780,"column":33},"end":{"line":780,"column":45}},"332":{"start":{"line":784,"column":6},"end":{"line":784,"column":116}},"333":{"start":{"line":788,"column":6},"end":{"line":788,"column":64}},"334":{"start":{"line":792,"column":6},"end":{"line":792,"column":60}},"335":{"start":{"line":796,"column":6},"end":{"line":796,"column":61}},"336":{"start":{"line":800,"column":6},"end":{"line":800,"column":92}},"337":{"start":{"line":804,"column":6},"end":{"line":804,"column":53}},"338":{"start":{"line":804,"column":41},"end":{"line":804,"column":53}},"339":{"start":{"line":805,"column":6},"end":{"line":805,"column":68}},"340":{"start":{"line":811,"column":6},"end":{"line":811,"column":51}},"341":{"start":{"line":815,"column":6},"end":{"line":815,"column":44}},"342":{"start":{"line":815,"column":32},"end":{"line":815,"column":44}},"343":{"start":{"line":819,"column":6},"end":{"line":819,"column":121}},"344":{"start":{"line":825,"column":6},"end":{"line":825,"column":51}},"345":{"start":{"line":831,"column":6},"end":{"line":831,"column":156}},"346":{"start":{"line":837,"column":6},"end":{"line":839,"column":7}},"347":{"start":{"line":838,"column":8},"end":{"line":838,"column":18}},"348":{"start":{"line":845,"column":6},"end":{"line":845,"column":137}},"349":{"start":{"line":845,"column":54},"end":{"line":845,"column":134}},"350":{"start":{"line":851,"column":6},"end":{"line":851,"column":51}},"351":{"start":{"line":857,"column":6},"end":{"line":857,"column":116}},"352":{"start":{"line":862,"column":0},"end":{"line":862,"column":32}}},"fnMap":{"0":{"name":"(anonymous_0)","decl":{"start":{"line":6,"column":22},"end":{"line":6,"column":23}},"loc":{"start":{"line":6,"column":33},"end":{"line":9,"column":1}},"line":6},"1":{"name":"(anonymous_1)","decl":{"start":{"line":11,"column":23},"end":{"line":11,"column":24}},"loc":{"start":{"line":11,"column":34},"end":{"line":14,"column":1}},"line":11},"2":{"name":"(anonymous_2)","decl":{"start":{"line":17,"column":27},"end":{"line":17,"column":28}},"loc":{"start":{"line":17,"column":39},"end":{"line":20,"column":1}},"line":17},"3":{"name":"(anonymous_3)","decl":{"start":{"line":19,"column":20},"end":{"line":19,"column":21}},"loc":{"start":{"line":19,"column":27},"end":{"line":19,"column":45}},"line":19},"4":{"name":"(anonymous_4)","decl":{"start":{"line":22,"column":28},"end":{"line":22,"column":29}},"loc":{"start":{"line":22,"column":40},"end":{"line":25,"column":1}},"line":22},"5":{"name":"(anonymous_5)","decl":{"start":{"line":24,"column":20},"end":{"line":24,"column":21}},"loc":{"start":{"line":24,"column":27},"end":{"line":24,"column":46}},"line":24},"6":{"name":"(anonymous_6)","decl":{"start":{"line":28,"column":35},"end":{"line":28,"column":36}},"loc":{"start":{"line":28,"column":48},"end":{"line":39,"column":1}},"line":28},"7":{"name":"(anonymous_7)","decl":{"start":{"line":41,"column":35},"end":{"line":41,"column":36}},"loc":{"start":{"line":41,"column":48},"end":{"line":52,"column":1}},"line":41},"8":{"name":"(anonymous_8)","decl":{"start":{"line":54,"column":31},"end":{"line":54,"column":32}},"loc":{"start":{"line":54,"column":40},"end":{"line":65,"column":1}},"line":54},"9":{"name":"(anonymous_9)","decl":{"start":{"line":68,"column":33},"end":{"line":68,"column":34}},"loc":{"start":{"line":68,"column":44},"end":{"line":104,"column":1}},"line":68},"10":{"name":"(anonymous_10)","decl":{"start":{"line":90,"column":40},"end":{"line":90,"column":41}},"loc":{"start":{"line":90,"column":48},"end":{"line":94,"column":5}},"line":90},"11":{"name":"(anonymous_11)","decl":{"start":{"line":109,"column":11},"end":{"line":109,"column":12}},"loc":{"start":{"line":109,"column":32},"end":{"line":112,"column":5}},"line":109},"12":{"name":"(anonymous_12)","decl":{"start":{"line":114,"column":12},"end":{"line":114,"column":13}},"loc":{"start":{"line":114,"column":70},"end":{"line":170,"column":5}},"line":114},"13":{"name":"(anonymous_13)","decl":{"start":{"line":172,"column":20},"end":{"line":172,"column":21}},"loc":{"start":{"line":172,"column":75},"end":{"line":189,"column":5}},"line":172},"14":{"name":"(anonymous_14)","decl":{"start":{"line":191,"column":22},"end":{"line":191,"column":23}},"loc":{"start":{"line":191,"column":79},"end":{"line":208,"column":5}},"line":191},"15":{"name":"(anonymous_15)","decl":{"start":{"line":211,"column":16},"end":{"line":211,"column":17}},"loc":{"start":{"line":211,"column":43},"end":{"line":214,"column":5}},"line":211},"16":{"name":"(anonymous_16)","decl":{"start":{"line":217,"column":13},"end":{"line":217,"column":14}},"loc":{"start":{"line":217,"column":34},"end":{"line":225,"column":5}},"line":217},"17":{"name":"(anonymous_17)","decl":{"start":{"line":227,"column":18},"end":{"line":227,"column":19}},"loc":{"start":{"line":227,"column":45},"end":{"line":232,"column":5}},"line":227},"18":{"name":"(anonymous_18)","decl":{"start":{"line":235,"column":13},"end":{"line":235,"column":14}},"loc":{"start":{"line":235,"column":34},"end":{"line":242,"column":5}},"line":235},"19":{"name":"(anonymous_19)","decl":{"start":{"line":245,"column":19},"end":{"line":245,"column":20}},"loc":{"start":{"line":245,"column":45},"end":{"line":267,"column":5}},"line":245},"20":{"name":"(anonymous_20)","decl":{"start":{"line":253,"column":21},"end":{"line":253,"column":22}},"loc":{"start":{"line":253,"column":30},"end":{"line":258,"column":7}},"line":253},"21":{"name":"(anonymous_21)","decl":{"start":{"line":260,"column":44},"end":{"line":260,"column":45}},"loc":{"start":{"line":260,"column":54},"end":{"line":266,"column":7}},"line":260},"22":{"name":"(anonymous_22)","decl":{"start":{"line":270,"column":15},"end":{"line":270,"column":16}},"loc":{"start":{"line":270,"column":36},"end":{"line":272,"column":5}},"line":270},"23":{"name":"(anonymous_23)","decl":{"start":{"line":274,"column":21},"end":{"line":274,"column":22}},"loc":{"start":{"line":274,"column":50},"end":{"line":279,"column":5}},"line":274},"24":{"name":"(anonymous_24)","decl":{"start":{"line":281,"column":21},"end":{"line":281,"column":22}},"loc":{"start":{"line":281,"column":33},"end":{"line":295,"column":5}},"line":281},"25":{"name":"(anonymous_25)","decl":{"start":{"line":298,"column":9},"end":{"line":298,"column":10}},"loc":{"start":{"line":298,"column":30},"end":{"line":308,"column":5}},"line":298},"26":{"name":"(anonymous_26)","decl":{"start":{"line":310,"column":15},"end":{"line":310,"column":16}},"loc":{"start":{"line":310,"column":42},"end":{"line":323,"column":5}},"line":310},"27":{"name":"(anonymous_27)","decl":{"start":{"line":315,"column":41},"end":{"line":315,"column":42}},"loc":{"start":{"line":315,"column":51},"end":{"line":320,"column":7}},"line":315},"28":{"name":"(anonymous_28)","decl":{"start":{"line":322,"column":28},"end":{"line":322,"column":29}},"loc":{"start":{"line":322,"column":35},"end":{"line":322,"column":62}},"line":322},"29":{"name":"(anonymous_29)","decl":{"start":{"line":325,"column":20},"end":{"line":325,"column":21}},"loc":{"start":{"line":325,"column":60},"end":{"line":351,"column":5}},"line":325},"30":{"name":"(anonymous_30)","decl":{"start":{"line":337,"column":21},"end":{"line":337,"column":22}},"loc":{"start":{"line":337,"column":30},"end":{"line":347,"column":7}},"line":337},"31":{"name":"(anonymous_31)","decl":{"start":{"line":338,"column":27},"end":{"line":338,"column":28}},"loc":{"start":{"line":338,"column":34},"end":{"line":346,"column":9}},"line":338},"32":{"name":"(anonymous_32)","decl":{"start":{"line":350,"column":23},"end":{"line":350,"column":24}},"loc":{"start":{"line":350,"column":33},"end":{"line":350,"column":80}},"line":350},"33":{"name":"(anonymous_33)","decl":{"start":{"line":356,"column":17},"end":{"line":356,"column":18}},"loc":{"start":{"line":356,"column":41},"end":{"line":420,"column":5}},"line":356},"34":{"name":"(anonymous_34)","decl":{"start":{"line":422,"column":17},"end":{"line":422,"column":18}},"loc":{"start":{"line":422,"column":45},"end":{"line":450,"column":5}},"line":422},"35":{"name":"(anonymous_35)","decl":{"start":{"line":430,"column":33},"end":{"line":430,"column":34}},"loc":{"start":{"line":430,"column":40},"end":{"line":436,"column":7}},"line":430},"36":{"name":"(anonymous_36)","decl":{"start":{"line":452,"column":17},"end":{"line":452,"column":18}},"loc":{"start":{"line":452,"column":46},"end":{"line":462,"column":5}},"line":452},"37":{"name":"(anonymous_37)","decl":{"start":{"line":464,"column":24},"end":{"line":464,"column":25}},"loc":{"start":{"line":464,"column":67},"end":{"line":474,"column":5}},"line":464},"38":{"name":"(anonymous_38)","decl":{"start":{"line":477,"column":18},"end":{"line":477,"column":19}},"loc":{"start":{"line":477,"column":52},"end":{"line":494,"column":5}},"line":477},"39":{"name":"(anonymous_39)","decl":{"start":{"line":496,"column":21},"end":{"line":496,"column":22}},"loc":{"start":{"line":496,"column":42},"end":{"line":508,"column":5}},"line":496},"40":{"name":"(anonymous_40)","decl":{"start":{"line":511,"column":19},"end":{"line":511,"column":20}},"loc":{"start":{"line":511,"column":43},"end":{"line":536,"column":5}},"line":511},"41":{"name":"(anonymous_41)","decl":{"start":{"line":538,"column":25},"end":{"line":538,"column":26}},"loc":{"start":{"line":538,"column":54},"end":{"line":556,"column":5}},"line":538},"42":{"name":"(anonymous_42)","decl":{"start":{"line":558,"column":19},"end":{"line":558,"column":20}},"loc":{"start":{"line":558,"column":56},"end":{"line":592,"column":5}},"line":558},"43":{"name":"(anonymous_43)","decl":{"start":{"line":595,"column":19},"end":{"line":595,"column":20}},"loc":{"start":{"line":595,"column":43},"end":{"line":612,"column":5}},"line":595},"44":{"name":"(anonymous_44)","decl":{"start":{"line":614,"column":19},"end":{"line":614,"column":20}},"loc":{"start":{"line":614,"column":47},"end":{"line":635,"column":5}},"line":614},"45":{"name":"(anonymous_45)","decl":{"start":{"line":624,"column":33},"end":{"line":624,"column":34}},"loc":{"start":{"line":624,"column":40},"end":{"line":630,"column":7}},"line":624},"46":{"name":"(anonymous_46)","decl":{"start":{"line":637,"column":19},"end":{"line":637,"column":20}},"loc":{"start":{"line":637,"column":40},"end":{"line":649,"column":5}},"line":637},"47":{"name":"(anonymous_47)","decl":{"start":{"line":651,"column":23},"end":{"line":651,"column":24}},"loc":{"start":{"line":651,"column":53},"end":{"line":679,"column":5}},"line":651},"48":{"name":"(anonymous_48)","decl":{"start":{"line":682,"column":21},"end":{"line":682,"column":22}},"loc":{"start":{"line":682,"column":45},"end":{"line":685,"column":5}},"line":682},"49":{"name":"(anonymous_49)","decl":{"start":{"line":687,"column":21},"end":{"line":687,"column":22}},"loc":{"start":{"line":687,"column":49},"end":{"line":690,"column":5}},"line":687},"50":{"name":"(anonymous_50)","decl":{"start":{"line":692,"column":25},"end":{"line":692,"column":26}},"loc":{"start":{"line":692,"column":46},"end":{"line":695,"column":5}},"line":692},"51":{"name":"(anonymous_51)","decl":{"start":{"line":697,"column":23},"end":{"line":697,"column":24}},"loc":{"start":{"line":697,"column":62},"end":{"line":700,"column":5}},"line":697},"52":{"name":"(anonymous_52)","decl":{"start":{"line":703,"column":15},"end":{"line":703,"column":16}},"loc":{"start":{"line":703,"column":39},"end":{"line":730,"column":5}},"line":703},"53":{"name":"(anonymous_53)","decl":{"start":{"line":732,"column":21},"end":{"line":732,"column":22}},"loc":{"start":{"line":732,"column":50},"end":{"line":752,"column":5}},"line":732},"54":{"name":"(anonymous_54)","decl":{"start":{"line":754,"column":15},"end":{"line":754,"column":16}},"loc":{"start":{"line":754,"column":36},"end":{"line":768,"column":5}},"line":754},"55":{"name":"(anonymous_55)","decl":{"start":{"line":773,"column":14},"end":{"line":773,"column":15}},"loc":{"start":{"line":773,"column":32},"end":{"line":777,"column":5}},"line":773},"56":{"name":"(anonymous_56)","decl":{"start":{"line":779,"column":16},"end":{"line":779,"column":17}},"loc":{"start":{"line":779,"column":34},"end":{"line":785,"column":5}},"line":779},"57":{"name":"(anonymous_57)","decl":{"start":{"line":787,"column":22},"end":{"line":787,"column":23}},"loc":{"start":{"line":787,"column":40},"end":{"line":789,"column":5}},"line":787},"58":{"name":"(anonymous_58)","decl":{"start":{"line":791,"column":16},"end":{"line":791,"column":17}},"loc":{"start":{"line":791,"column":34},"end":{"line":793,"column":5}},"line":791},"59":{"name":"(anonymous_59)","decl":{"start":{"line":795,"column":13},"end":{"line":795,"column":14}},"loc":{"start":{"line":795,"column":31},"end":{"line":797,"column":5}},"line":795},"60":{"name":"(anonymous_60)","decl":{"start":{"line":799,"column":10},"end":{"line":799,"column":11}},"loc":{"start":{"line":799,"column":28},"end":{"line":801,"column":5}},"line":799},"61":{"name":"(anonymous_61)","decl":{"start":{"line":803,"column":15},"end":{"line":803,"column":16}},"loc":{"start":{"line":803,"column":33},"end":{"line":806,"column":5}},"line":803},"62":{"name":"(anonymous_62)","decl":{"start":{"line":810,"column":11},"end":{"line":810,"column":12}},"loc":{"start":{"line":810,"column":29},"end":{"line":812,"column":5}},"line":810},"63":{"name":"(anonymous_63)","decl":{"start":{"line":814,"column":15},"end":{"line":814,"column":16}},"loc":{"start":{"line":814,"column":33},"end":{"line":820,"column":5}},"line":814},"64":{"name":"(anonymous_64)","decl":{"start":{"line":824,"column":11},"end":{"line":824,"column":12}},"loc":{"start":{"line":824,"column":29},"end":{"line":826,"column":5}},"line":824},"65":{"name":"(anonymous_65)","decl":{"start":{"line":828,"column":14},"end":{"line":828,"column":15}},"loc":{"start":{"line":828,"column":32},"end":{"line":832,"column":5}},"line":828},"66":{"name":"(anonymous_66)","decl":{"start":{"line":836,"column":28},"end":{"line":836,"column":29}},"loc":{"start":{"line":836,"column":46},"end":{"line":846,"column":5}},"line":836},"67":{"name":"(anonymous_67)","decl":{"start":{"line":845,"column":47},"end":{"line":845,"column":48}},"loc":{"start":{"line":845,"column":54},"end":{"line":845,"column":134}},"line":845},"68":{"name":"(anonymous_68)","decl":{"start":{"line":850,"column":11},"end":{"line":850,"column":12}},"loc":{"start":{"line":850,"column":29},"end":{"line":852,"column":5}},"line":850},"69":{"name":"(anonymous_69)","decl":{"start":{"line":854,"column":16},"end":{"line":854,"column":17}},"loc":{"start":{"line":854,"column":34},"end":{"line":858,"column":5}},"line":854}},"branchMap":{"0":{"loc":{"start":{"line":7,"column":2},"end":{"line":7,"column":26}},"type":"if","locations":[{"start":{"line":7,"column":2},"end":{"line":7,"column":26}},{"start":{},"end":{}}],"line":7},"1":{"loc":{"start":{"line":12,"column":2},"end":{"line":12,"column":26}},"type":"if","locations":[{"start":{"line":12,"column":2},"end":{"line":12,"column":26}},{"start":{},"end":{}}],"line":12},"2":{"loc":{"start":{"line":18,"column":2},"end":{"line":18,"column":51}},"type":"if","locations":[{"start":{"line":18,"column":2},"end":{"line":18,"column":51}},{"start":{},"end":{}}],"line":18},"3":{"loc":{"start":{"line":18,"column":6},"end":{"line":18,"column":39}},"type":"binary-expr","locations":[{"start":{"line":18,"column":6},"end":{"line":18,"column":13}},{"start":{"line":18,"column":17},"end":{"line":18,"column":39}}],"line":18},"4":{"loc":{"start":{"line":23,"column":2},"end":{"line":23,"column":51}},"type":"if","locations":[{"start":{"line":23,"column":2},"end":{"line":23,"column":51}},{"start":{},"end":{}}],"line":23},"5":{"loc":{"start":{"line":23,"column":6},"end":{"line":23,"column":39}},"type":"binary-expr","locations":[{"start":{"line":23,"column":6},"end":{"line":23,"column":13}},{"start":{"line":23,"column":17},"end":{"line":23,"column":39}}],"line":23},"6":{"loc":{"start":{"line":29,"column":2},"end":{"line":29,"column":28}},"type":"if","locations":[{"start":{"line":29,"column":2},"end":{"line":29,"column":28}},{"start":{},"end":{}}],"line":29},"7":{"loc":{"start":{"line":31,"column":22},"end":{"line":31,"column":76}},"type":"cond-expr","locations":[{"start":{"line":31,"column":41},"end":{"line":31,"column":59}},{"start":{"line":31,"column":62},"end":{"line":31,"column":76}}],"line":31},"8":{"loc":{"start":{"line":32,"column":19},"end":{"line":32,"column":70}},"type":"cond-expr","locations":[{"start":{"line":32,"column":37},"end":{"line":32,"column":63}},{"start":{"line":32,"column":66},"end":{"line":32,"column":70}}],"line":32},"9":{"loc":{"start":{"line":34,"column":2},"end":{"line":36,"column":3}},"type":"if","locations":[{"start":{"line":34,"column":2},"end":{"line":36,"column":3}},{"start":{},"end":{}}],"line":34},"10":{"loc":{"start":{"line":42,"column":2},"end":{"line":42,"column":28}},"type":"if","locations":[{"start":{"line":42,"column":2},"end":{"line":42,"column":28}},{"start":{},"end":{}}],"line":42},"11":{"loc":{"start":{"line":44,"column":22},"end":{"line":44,"column":76}},"type":"cond-expr","locations":[{"start":{"line":44,"column":41},"end":{"line":44,"column":59}},{"start":{"line":44,"column":62},"end":{"line":44,"column":76}}],"line":44},"12":{"loc":{"start":{"line":45,"column":19},"end":{"line":45,"column":70}},"type":"cond-expr","locations":[{"start":{"line":45,"column":37},"end":{"line":45,"column":63}},{"start":{"line":45,"column":66},"end":{"line":45,"column":70}}],"line":45},"13":{"loc":{"start":{"line":47,"column":2},"end":{"line":49,"column":3}},"type":"if","locations":[{"start":{"line":47,"column":2},"end":{"line":49,"column":3}},{"start":{},"end":{}}],"line":47},"14":{"loc":{"start":{"line":55,"column":2},"end":{"line":55,"column":24}},"type":"if","locations":[{"start":{"line":55,"column":2},"end":{"line":55,"column":24}},{"start":{},"end":{}}],"line":55},"15":{"loc":{"start":{"line":57,"column":18},"end":{"line":57,"column":60}},"type":"cond-expr","locations":[{"start":{"line":57,"column":33},"end":{"line":57,"column":47}},{"start":{"line":57,"column":50},"end":{"line":57,"column":60}}],"line":57},"16":{"loc":{"start":{"line":58,"column":15},"end":{"line":58,"column":58}},"type":"cond-expr","locations":[{"start":{"line":58,"column":29},"end":{"line":58,"column":51}},{"start":{"line":58,"column":54},"end":{"line":58,"column":58}}],"line":58},"17":{"loc":{"start":{"line":60,"column":2},"end":{"line":62,"column":3}},"type":"if","locations":[{"start":{"line":60,"column":2},"end":{"line":62,"column":3}},{"start":{},"end":{}}],"line":60},"18":{"loc":{"start":{"line":69,"column":2},"end":{"line":69,"column":26}},"type":"if","locations":[{"start":{"line":69,"column":2},"end":{"line":69,"column":26}},{"start":{},"end":{}}],"line":69},"19":{"loc":{"start":{"line":72,"column":20},"end":{"line":72,"column":68}},"type":"cond-expr","locations":[{"start":{"line":72,"column":37},"end":{"line":72,"column":53}},{"start":{"line":72,"column":56},"end":{"line":72,"column":68}}],"line":72},"20":{"loc":{"start":{"line":75,"column":17},"end":{"line":75,"column":64}},"type":"cond-expr","locations":[{"start":{"line":75,"column":33},"end":{"line":75,"column":57}},{"start":{"line":75,"column":60},"end":{"line":75,"column":64}}],"line":75},"21":{"loc":{"start":{"line":78,"column":2},"end":{"line":80,"column":3}},"type":"if","locations":[{"start":{"line":78,"column":2},"end":{"line":80,"column":3}},{"start":{},"end":{}}],"line":78},"22":{"loc":{"start":{"line":83,"column":2},"end":{"line":86,"column":3}},"type":"if","locations":[{"start":{"line":83,"column":2},"end":{"line":86,"column":3}},{"start":{},"end":{}}],"line":83},"23":{"loc":{"start":{"line":83,"column":6},"end":{"line":83,"column":48}},"type":"binary-expr","locations":[{"start":{"line":83,"column":6},"end":{"line":83,"column":23}},{"start":{"line":83,"column":27},"end":{"line":83,"column":48}}],"line":83},"24":{"loc":{"start":{"line":89,"column":2},"end":{"line":95,"column":3}},"type":"if","locations":[{"start":{"line":89,"column":2},"end":{"line":95,"column":3}},{"start":{},"end":{}}],"line":89},"25":{"loc":{"start":{"line":89,"column":6},"end":{"line":89,"column":53}},"type":"binary-expr","locations":[{"start":{"line":89,"column":6},"end":{"line":89,"column":20}},{"start":{"line":89,"column":24},"end":{"line":89,"column":53}}],"line":89},"26":{"loc":{"start":{"line":92,"column":10},"end":{"line":92,"column":45}},"type":"cond-expr","locations":[{"start":{"line":92,"column":20},"end":{"line":92,"column":38}},{"start":{"line":92,"column":41},"end":{"line":92,"column":45}}],"line":92},"27":{"loc":{"start":{"line":98,"column":2},"end":{"line":101,"column":3}},"type":"if","locations":[{"start":{"line":98,"column":2},"end":{"line":101,"column":3}},{"start":{},"end":{}}],"line":98},"28":{"loc":{"start":{"line":98,"column":6},"end":{"line":98,"column":66}},"type":"binary-expr","locations":[{"start":{"line":98,"column":6},"end":{"line":98,"column":32}},{"start":{"line":98,"column":36},"end":{"line":98,"column":66}}],"line":98},"29":{"loc":{"start":{"line":114,"column":24},"end":{"line":114,"column":35}},"type":"default-arg","locations":[{"start":{"line":114,"column":33},"end":{"line":114,"column":35}}],"line":114},"30":{"loc":{"start":{"line":114,"column":37},"end":{"line":114,"column":46}},"type":"default-arg","locations":[{"start":{"line":114,"column":44},"end":{"line":114,"column":46}}],"line":114},"31":{"loc":{"start":{"line":114,"column":48},"end":{"line":114,"column":63}},"type":"default-arg","locations":[{"start":{"line":114,"column":61},"end":{"line":114,"column":63}}],"line":114},"32":{"loc":{"start":{"line":118,"column":6},"end":{"line":118,"column":84}},"type":"if","locations":[{"start":{"line":118,"column":6},"end":{"line":118,"column":84}},{"start":{},"end":{}}],"line":118},"33":{"loc":{"start":{"line":119,"column":6},"end":{"line":119,"column":75}},"type":"if","locations":[{"start":{"line":119,"column":6},"end":{"line":119,"column":75}},{"start":{},"end":{}}],"line":119},"34":{"loc":{"start":{"line":120,"column":6},"end":{"line":122,"column":7}},"type":"if","locations":[{"start":{"line":120,"column":6},"end":{"line":122,"column":7}},{"start":{},"end":{}}],"line":120},"35":{"loc":{"start":{"line":120,"column":10},"end":{"line":120,"column":63}},"type":"binary-expr","locations":[{"start":{"line":120,"column":10},"end":{"line":120,"column":29}},{"start":{"line":120,"column":33},"end":{"line":120,"column":63}}],"line":120},"36":{"loc":{"start":{"line":124,"column":6},"end":{"line":128,"column":7}},"type":"if","locations":[{"start":{"line":124,"column":6},"end":{"line":128,"column":7}},{"start":{},"end":{}}],"line":124},"37":{"loc":{"start":{"line":124,"column":10},"end":{"line":124,"column":60}},"type":"binary-expr","locations":[{"start":{"line":124,"column":10},"end":{"line":124,"column":33}},{"start":{"line":124,"column":37},"end":{"line":124,"column":60}}],"line":124},"38":{"loc":{"start":{"line":126,"column":8},"end":{"line":126,"column":95}},"type":"if","locations":[{"start":{"line":126,"column":8},"end":{"line":126,"column":95}},{"start":{},"end":{}}],"line":126},"39":{"loc":{"start":{"line":127,"column":8},"end":{"line":127,"column":95}},"type":"if","locations":[{"start":{"line":127,"column":8},"end":{"line":127,"column":95}},{"start":{},"end":{}}],"line":127},"40":{"loc":{"start":{"line":130,"column":6},"end":{"line":136,"column":7}},"type":"if","locations":[{"start":{"line":130,"column":6},"end":{"line":136,"column":7}},{"start":{},"end":{}}],"line":130},"41":{"loc":{"start":{"line":140,"column":6},"end":{"line":157,"column":7}},"type":"if","locations":[{"start":{"line":140,"column":6},"end":{"line":157,"column":7}},{"start":{"line":155,"column":13},"end":{"line":157,"column":7}}],"line":140},"42":{"loc":{"start":{"line":141,"column":30},"end":{"line":141,"column":64}},"type":"cond-expr","locations":[{"start":{"line":141,"column":58},"end":{"line":141,"column":60}},{"start":{"line":141,"column":63},"end":{"line":141,"column":64}}],"line":141},"43":{"loc":{"start":{"line":142,"column":8},"end":{"line":154,"column":9}},"type":"switch","locations":[{"start":{"line":143,"column":10},"end":{"line":145,"column":18}},{"start":{"line":146,"column":10},"end":{"line":148,"column":18}},{"start":{"line":149,"column":10},"end":{"line":151,"column":18}},{"start":{"line":152,"column":10},"end":{"line":153,"column":40}}],"line":142},"44":{"loc":{"start":{"line":160,"column":19},"end":{"line":160,"column":39}},"type":"binary-expr","locations":[{"start":{"line":160,"column":19},"end":{"line":160,"column":34}},{"start":{"line":160,"column":38},"end":{"line":160,"column":39}}],"line":160},"45":{"loc":{"start":{"line":161,"column":20},"end":{"line":161,"column":42}},"type":"binary-expr","locations":[{"start":{"line":161,"column":20},"end":{"line":161,"column":36}},{"start":{"line":161,"column":40},"end":{"line":161,"column":42}}],"line":161},"46":{"loc":{"start":{"line":172,"column":53},"end":{"line":172,"column":68}},"type":"default-arg","locations":[{"start":{"line":172,"column":66},"end":{"line":172,"column":68}}],"line":172},"47":{"loc":{"start":{"line":175,"column":6},"end":{"line":177,"column":7}},"type":"if","locations":[{"start":{"line":175,"column":6},"end":{"line":177,"column":7}},{"start":{},"end":{}}],"line":175},"48":{"loc":{"start":{"line":175,"column":10},"end":{"line":175,"column":37}},"type":"binary-expr","locations":[{"start":{"line":175,"column":10},"end":{"line":175,"column":16}},{"start":{"line":175,"column":20},"end":{"line":175,"column":37}}],"line":175},"49":{"loc":{"start":{"line":179,"column":19},"end":{"line":179,"column":39}},"type":"binary-expr","locations":[{"start":{"line":179,"column":19},"end":{"line":179,"column":34}},{"start":{"line":179,"column":38},"end":{"line":179,"column":39}}],"line":179},"50":{"loc":{"start":{"line":180,"column":20},"end":{"line":180,"column":42}},"type":"binary-expr","locations":[{"start":{"line":180,"column":20},"end":{"line":180,"column":36}},{"start":{"line":180,"column":40},"end":{"line":180,"column":42}}],"line":180},"51":{"loc":{"start":{"line":191,"column":57},"end":{"line":191,"column":72}},"type":"default-arg","locations":[{"start":{"line":191,"column":70},"end":{"line":191,"column":72}}],"line":191},"52":{"loc":{"start":{"line":194,"column":6},"end":{"line":196,"column":7}},"type":"if","locations":[{"start":{"line":194,"column":6},"end":{"line":196,"column":7}},{"start":{},"end":{}}],"line":194},"53":{"loc":{"start":{"line":194,"column":10},"end":{"line":194,"column":37}},"type":"binary-expr","locations":[{"start":{"line":194,"column":10},"end":{"line":194,"column":16}},{"start":{"line":194,"column":20},"end":{"line":194,"column":37}}],"line":194},"54":{"loc":{"start":{"line":198,"column":19},"end":{"line":198,"column":39}},"type":"binary-expr","locations":[{"start":{"line":198,"column":19},"end":{"line":198,"column":34}},{"start":{"line":198,"column":38},"end":{"line":198,"column":39}}],"line":198},"55":{"loc":{"start":{"line":199,"column":20},"end":{"line":199,"column":42}},"type":"binary-expr","locations":[{"start":{"line":199,"column":20},"end":{"line":199,"column":36}},{"start":{"line":199,"column":40},"end":{"line":199,"column":42}}],"line":199},"56":{"loc":{"start":{"line":213,"column":13},"end":{"line":213,"column":43}},"type":"cond-expr","locations":[{"start":{"line":213,"column":21},"end":{"line":213,"column":38}},{"start":{"line":213,"column":41},"end":{"line":213,"column":43}}],"line":213},"57":{"loc":{"start":{"line":221,"column":20},"end":{"line":221,"column":56}},"type":"cond-expr","locations":[{"start":{"line":221,"column":40},"end":{"line":221,"column":49}},{"start":{"line":221,"column":52},"end":{"line":221,"column":56}}],"line":221},"58":{"loc":{"start":{"line":222,"column":6},"end":{"line":222,"column":48}},"type":"if","locations":[{"start":{"line":222,"column":6},"end":{"line":222,"column":48}},{"start":{},"end":{}}],"line":222},"59":{"loc":{"start":{"line":222,"column":10},"end":{"line":222,"column":34}},"type":"binary-expr","locations":[{"start":{"line":222,"column":10},"end":{"line":222,"column":16}},{"start":{"line":222,"column":20},"end":{"line":222,"column":34}}],"line":222},"60":{"loc":{"start":{"line":229,"column":6},"end":{"line":229,"column":48}},"type":"if","locations":[{"start":{"line":229,"column":6},"end":{"line":229,"column":48}},{"start":{},"end":{}}],"line":229},"61":{"loc":{"start":{"line":229,"column":10},"end":{"line":229,"column":34}},"type":"binary-expr","locations":[{"start":{"line":229,"column":10},"end":{"line":229,"column":16}},{"start":{"line":229,"column":20},"end":{"line":229,"column":34}}],"line":229},"62":{"loc":{"start":{"line":238,"column":20},"end":{"line":238,"column":56}},"type":"cond-expr","locations":[{"start":{"line":238,"column":40},"end":{"line":238,"column":49}},{"start":{"line":238,"column":52},"end":{"line":238,"column":56}}],"line":238},"63":{"loc":{"start":{"line":239,"column":6},"end":{"line":239,"column":57}},"type":"if","locations":[{"start":{"line":239,"column":6},"end":{"line":239,"column":57}},{"start":{},"end":{}}],"line":239},"64":{"loc":{"start":{"line":239,"column":10},"end":{"line":239,"column":43}},"type":"binary-expr","locations":[{"start":{"line":239,"column":10},"end":{"line":239,"column":16}},{"start":{"line":239,"column":20},"end":{"line":239,"column":43}}],"line":239},"65":{"loc":{"start":{"line":255,"column":8},"end":{"line":257,"column":9}},"type":"if","locations":[{"start":{"line":255,"column":8},"end":{"line":257,"column":9}},{"start":{},"end":{}}],"line":255},"66":{"loc":{"start":{"line":255,"column":12},"end":{"line":255,"column":91}},"type":"binary-expr","locations":[{"start":{"line":255,"column":12},"end":{"line":255,"column":19}},{"start":{"line":255,"column":23},"end":{"line":255,"column":38}},{"start":{"line":255,"column":42},"end":{"line":255,"column":91}}],"line":255},"67":{"loc":{"start":{"line":262,"column":8},"end":{"line":264,"column":9}},"type":"if","locations":[{"start":{"line":262,"column":8},"end":{"line":264,"column":9}},{"start":{},"end":{}}],"line":262},"68":{"loc":{"start":{"line":265,"column":15},"end":{"line":265,"column":45}},"type":"cond-expr","locations":[{"start":{"line":265,"column":39},"end":{"line":265,"column":41}},{"start":{"line":265,"column":44},"end":{"line":265,"column":45}}],"line":265},"69":{"loc":{"start":{"line":301,"column":6},"end":{"line":301,"column":43}},"type":"if","locations":[{"start":{"line":301,"column":6},"end":{"line":301,"column":43}},{"start":{},"end":{}}],"line":301},"70":{"loc":{"start":{"line":305,"column":6},"end":{"line":305,"column":28}},"type":"if","locations":[{"start":{"line":305,"column":6},"end":{"line":305,"column":28}},{"start":{},"end":{}}],"line":305},"71":{"loc":{"start":{"line":312,"column":6},"end":{"line":312,"column":28}},"type":"if","locations":[{"start":{"line":312,"column":6},"end":{"line":312,"column":28}},{"start":{},"end":{}}],"line":312},"72":{"loc":{"start":{"line":316,"column":8},"end":{"line":318,"column":9}},"type":"if","locations":[{"start":{"line":316,"column":8},"end":{"line":318,"column":9}},{"start":{},"end":{}}],"line":316},"73":{"loc":{"start":{"line":328,"column":6},"end":{"line":331,"column":7}},"type":"if","locations":[{"start":{"line":328,"column":6},"end":{"line":331,"column":7}},{"start":{},"end":{}}],"line":328},"74":{"loc":{"start":{"line":328,"column":10},"end":{"line":328,"column":37}},"type":"binary-expr","locations":[{"start":{"line":328,"column":10},"end":{"line":328,"column":16}},{"start":{"line":328,"column":20},"end":{"line":328,"column":37}}],"line":328},"75":{"loc":{"start":{"line":339,"column":10},"end":{"line":345,"column":11}},"type":"if","locations":[{"start":{"line":339,"column":10},"end":{"line":345,"column":11}},{"start":{},"end":{}}],"line":339},"76":{"loc":{"start":{"line":339,"column":14},"end":{"line":340,"column":89}},"type":"binary-expr","locations":[{"start":{"line":339,"column":14},"end":{"line":339,"column":71}},{"start":{"line":340,"column":13},"end":{"line":340,"column":20}},{"start":{"line":340,"column":24},"end":{"line":340,"column":38}},{"start":{"line":340,"column":42},"end":{"line":340,"column":88}}],"line":339},"77":{"loc":{"start":{"line":383,"column":25},"end":{"line":383,"column":75}},"type":"cond-expr","locations":[{"start":{"line":383,"column":43},"end":{"line":383,"column":68}},{"start":{"line":383,"column":71},"end":{"line":383,"column":75}}],"line":383},"78":{"loc":{"start":{"line":387,"column":6},"end":{"line":403,"column":7}},"type":"if","locations":[{"start":{"line":387,"column":6},"end":{"line":403,"column":7}},{"start":{"line":395,"column":13},"end":{"line":403,"column":7}}],"line":387},"79":{"loc":{"start":{"line":390,"column":8},"end":{"line":394,"column":9}},"type":"if","locations":[{"start":{"line":390,"column":8},"end":{"line":394,"column":9}},{"start":{"line":392,"column":15},"end":{"line":394,"column":9}}],"line":390},"80":{"loc":{"start":{"line":390,"column":12},"end":{"line":390,"column":59}},"type":"binary-expr","locations":[{"start":{"line":390,"column":12},"end":{"line":390,"column":25}},{"start":{"line":390,"column":29},"end":{"line":390,"column":59}}],"line":390},"81":{"loc":{"start":{"line":395,"column":13},"end":{"line":403,"column":7}},"type":"if","locations":[{"start":{"line":395,"column":13},"end":{"line":403,"column":7}},{"start":{"line":401,"column":13},"end":{"line":403,"column":7}}],"line":395},"82":{"loc":{"start":{"line":397,"column":8},"end":{"line":399,"column":9}},"type":"if","locations":[{"start":{"line":397,"column":8},"end":{"line":399,"column":9}},{"start":{},"end":{}}],"line":397},"83":{"loc":{"start":{"line":406,"column":6},"end":{"line":408,"column":7}},"type":"if","locations":[{"start":{"line":406,"column":6},"end":{"line":408,"column":7}},{"start":{},"end":{}}],"line":406},"84":{"loc":{"start":{"line":406,"column":10},"end":{"line":406,"column":47}},"type":"binary-expr","locations":[{"start":{"line":406,"column":10},"end":{"line":406,"column":21}},{"start":{"line":406,"column":25},"end":{"line":406,"column":47}}],"line":406},"85":{"loc":{"start":{"line":414,"column":6},"end":{"line":416,"column":7}},"type":"if","locations":[{"start":{"line":414,"column":6},"end":{"line":416,"column":7}},{"start":{},"end":{}}],"line":414},"86":{"loc":{"start":{"line":425,"column":6},"end":{"line":427,"column":7}},"type":"if","locations":[{"start":{"line":425,"column":6},"end":{"line":427,"column":7}},{"start":{},"end":{}}],"line":425},"87":{"loc":{"start":{"line":431,"column":8},"end":{"line":435,"column":9}},"type":"if","locations":[{"start":{"line":431,"column":8},"end":{"line":435,"column":9}},{"start":{"line":433,"column":15},"end":{"line":435,"column":9}}],"line":431},"88":{"loc":{"start":{"line":431,"column":12},"end":{"line":431,"column":48}},"type":"binary-expr","locations":[{"start":{"line":431,"column":12},"end":{"line":431,"column":34}},{"start":{"line":431,"column":38},"end":{"line":431,"column":48}}],"line":431},"89":{"loc":{"start":{"line":439,"column":6},"end":{"line":441,"column":7}},"type":"if","locations":[{"start":{"line":439,"column":6},"end":{"line":441,"column":7}},{"start":{},"end":{}}],"line":439},"90":{"loc":{"start":{"line":443,"column":6},"end":{"line":445,"column":7}},"type":"if","locations":[{"start":{"line":443,"column":6},"end":{"line":445,"column":7}},{"start":{},"end":{}}],"line":443},"91":{"loc":{"start":{"line":454,"column":6},"end":{"line":456,"column":7}},"type":"if","locations":[{"start":{"line":454,"column":6},"end":{"line":456,"column":7}},{"start":{},"end":{}}],"line":454},"92":{"loc":{"start":{"line":466,"column":6},"end":{"line":468,"column":7}},"type":"if","locations":[{"start":{"line":466,"column":6},"end":{"line":468,"column":7}},{"start":{},"end":{}}],"line":466},"93":{"loc":{"start":{"line":470,"column":26},"end":{"line":470,"column":92}},"type":"cond-expr","locations":[{"start":{"line":470,"column":49},"end":{"line":470,"column":79}},{"start":{"line":470,"column":82},"end":{"line":470,"column":92}}],"line":470},"94":{"loc":{"start":{"line":479,"column":6},"end":{"line":481,"column":7}},"type":"if","locations":[{"start":{"line":479,"column":6},"end":{"line":481,"column":7}},{"start":{},"end":{}}],"line":479},"95":{"loc":{"start":{"line":499,"column":6},"end":{"line":501,"column":7}},"type":"if","locations":[{"start":{"line":499,"column":6},"end":{"line":501,"column":7}},{"start":{},"end":{}}],"line":499},"96":{"loc":{"start":{"line":515,"column":6},"end":{"line":517,"column":7}},"type":"if","locations":[{"start":{"line":515,"column":6},"end":{"line":517,"column":7}},{"start":{},"end":{}}],"line":515},"97":{"loc":{"start":{"line":527,"column":6},"end":{"line":529,"column":7}},"type":"if","locations":[{"start":{"line":527,"column":6},"end":{"line":529,"column":7}},{"start":{},"end":{}}],"line":527},"98":{"loc":{"start":{"line":541,"column":6},"end":{"line":543,"column":7}},"type":"if","locations":[{"start":{"line":541,"column":6},"end":{"line":543,"column":7}},{"start":{},"end":{}}],"line":541},"99":{"loc":{"start":{"line":549,"column":6},"end":{"line":551,"column":7}},"type":"if","locations":[{"start":{"line":549,"column":6},"end":{"line":551,"column":7}},{"start":{},"end":{}}],"line":549},"100":{"loc":{"start":{"line":549,"column":10},"end":{"line":549,"column":84}},"type":"binary-expr","locations":[{"start":{"line":549,"column":10},"end":{"line":549,"column":48}},{"start":{"line":549,"column":52},"end":{"line":549,"column":84}}],"line":549},"101":{"loc":{"start":{"line":561,"column":6},"end":{"line":563,"column":7}},"type":"if","locations":[{"start":{"line":561,"column":6},"end":{"line":563,"column":7}},{"start":{},"end":{}}],"line":561},"102":{"loc":{"start":{"line":568,"column":6},"end":{"line":570,"column":7}},"type":"if","locations":[{"start":{"line":568,"column":6},"end":{"line":570,"column":7}},{"start":{},"end":{}}],"line":568},"103":{"loc":{"start":{"line":573,"column":6},"end":{"line":575,"column":7}},"type":"if","locations":[{"start":{"line":573,"column":6},"end":{"line":575,"column":7}},{"start":{},"end":{}}],"line":573},"104":{"loc":{"start":{"line":583,"column":6},"end":{"line":587,"column":7}},"type":"if","locations":[{"start":{"line":583,"column":6},"end":{"line":587,"column":7}},{"start":{"line":585,"column":13},"end":{"line":587,"column":7}}],"line":583},"105":{"loc":{"start":{"line":598,"column":6},"end":{"line":600,"column":7}},"type":"if","locations":[{"start":{"line":598,"column":6},"end":{"line":600,"column":7}},{"start":{},"end":{}}],"line":598},"106":{"loc":{"start":{"line":603,"column":26},"end":{"line":603,"column":72}},"type":"binary-expr","locations":[{"start":{"line":603,"column":26},"end":{"line":603,"column":39}},{"start":{"line":603,"column":43},"end":{"line":603,"column":72}}],"line":603},"107":{"loc":{"start":{"line":617,"column":6},"end":{"line":619,"column":7}},"type":"if","locations":[{"start":{"line":617,"column":6},"end":{"line":619,"column":7}},{"start":{},"end":{}}],"line":617},"108":{"loc":{"start":{"line":625,"column":8},"end":{"line":629,"column":9}},"type":"if","locations":[{"start":{"line":625,"column":8},"end":{"line":629,"column":9}},{"start":{"line":627,"column":15},"end":{"line":629,"column":9}}],"line":625},"109":{"loc":{"start":{"line":625,"column":12},"end":{"line":625,"column":48}},"type":"binary-expr","locations":[{"start":{"line":625,"column":12},"end":{"line":625,"column":34}},{"start":{"line":625,"column":38},"end":{"line":625,"column":48}}],"line":625},"110":{"loc":{"start":{"line":641,"column":6},"end":{"line":644,"column":7}},"type":"if","locations":[{"start":{"line":641,"column":6},"end":{"line":644,"column":7}},{"start":{},"end":{}}],"line":641},"111":{"loc":{"start":{"line":660,"column":8},"end":{"line":665,"column":9}},"type":"if","locations":[{"start":{"line":660,"column":8},"end":{"line":665,"column":9}},{"start":{},"end":{}}],"line":660},"112":{"loc":{"start":{"line":660,"column":12},"end":{"line":662,"column":54}},"type":"binary-expr","locations":[{"start":{"line":660,"column":12},"end":{"line":660,"column":34}},{"start":{"line":660,"column":38},"end":{"line":660,"column":68}},{"start":{"line":661,"column":12},"end":{"line":661,"column":76}},{"start":{"line":662,"column":12},"end":{"line":662,"column":54}}],"line":660},"113":{"loc":{"start":{"line":670,"column":6},"end":{"line":672,"column":7}},"type":"if","locations":[{"start":{"line":670,"column":6},"end":{"line":672,"column":7}},{"start":{},"end":{}}],"line":670},"114":{"loc":{"start":{"line":707,"column":6},"end":{"line":709,"column":7}},"type":"if","locations":[{"start":{"line":707,"column":6},"end":{"line":709,"column":7}},{"start":{},"end":{}}],"line":707},"115":{"loc":{"start":{"line":720,"column":6},"end":{"line":722,"column":7}},"type":"if","locations":[{"start":{"line":720,"column":6},"end":{"line":722,"column":7}},{"start":{},"end":{}}],"line":720},"116":{"loc":{"start":{"line":735,"column":6},"end":{"line":737,"column":7}},"type":"if","locations":[{"start":{"line":735,"column":6},"end":{"line":737,"column":7}},{"start":{},"end":{}}],"line":735},"117":{"loc":{"start":{"line":741,"column":6},"end":{"line":743,"column":7}},"type":"if","locations":[{"start":{"line":741,"column":6},"end":{"line":743,"column":7}},{"start":{},"end":{}}],"line":741},"118":{"loc":{"start":{"line":757,"column":6},"end":{"line":759,"column":7}},"type":"if","locations":[{"start":{"line":757,"column":6},"end":{"line":759,"column":7}},{"start":{},"end":{}}],"line":757},"119":{"loc":{"start":{"line":780,"column":6},"end":{"line":780,"column":45}},"type":"if","locations":[{"start":{"line":780,"column":6},"end":{"line":780,"column":45}},{"start":{},"end":{}}],"line":780},"120":{"loc":{"start":{"line":804,"column":6},"end":{"line":804,"column":53}},"type":"if","locations":[{"start":{"line":804,"column":6},"end":{"line":804,"column":53}},{"start":{},"end":{}}],"line":804},"121":{"loc":{"start":{"line":815,"column":6},"end":{"line":815,"column":44}},"type":"if","locations":[{"start":{"line":815,"column":6},"end":{"line":815,"column":44}},{"start":{},"end":{}}],"line":815},"122":{"loc":{"start":{"line":837,"column":6},"end":{"line":839,"column":7}},"type":"if","locations":[{"start":{"line":837,"column":6},"end":{"line":839,"column":7}},{"start":{},"end":{}}],"line":837},"123":{"loc":{"start":{"line":837,"column":10},"end":{"line":837,"column":86}},"type":"binary-expr","locations":[{"start":{"line":837,"column":10},"end":{"line":837,"column":40}},{"start":{"line":837,"column":44},"end":{"line":837,"column":86}}],"line":837}},"s":{"0":1,"1":1,"2":31,"3":0,"4":31,"5":1,"6":5,"7":0,"8":5,"9":1,"10":0,"11":0,"12":0,"13":0,"14":1,"15":4,"16":0,"17":4,"18":4,"19":1,"20":1,"21":0,"22":1,"23":1,"24":1,"25":1,"26":1,"27":1,"28":0,"29":0,"30":0,"31":0,"32":0,"33":0,"34":0,"35":1,"36":3,"37":0,"38":3,"39":3,"40":3,"41":3,"42":3,"43":1,"44":9,"45":0,"46":9,"47":9,"48":9,"49":9,"50":9,"51":0,"52":0,"53":9,"54":9,"55":8,"56":9,"57":9,"58":9,"59":9,"60":1,"61":1,"62":1,"63":1,"64":1,"65":1,"66":1,"67":0,"68":1,"69":1,"70":1,"71":0,"72":0,"73":0,"74":0,"75":0,"76":1,"77":0,"78":1,"79":1,"80":0,"81":0,"82":0,"83":0,"84":0,"85":0,"86":0,"87":0,"88":0,"89":1,"90":1,"91":1,"92":1,"93":1,"94":1,"95":1,"96":1,"97":1,"98":1,"99":1,"100":1,"101":1,"102":1,"103":1,"104":1,"105":1,"106":1,"107":1,"108":1,"109":1,"110":1,"111":0,"112":0,"113":0,"114":0,"115":0,"116":0,"117":0,"118":0,"119":0,"120":0,"121":0,"122":0,"123":0,"124":0,"125":0,"126":0,"127":0,"128":0,"129":0,"130":0,"131":0,"132":0,"133":0,"134":0,"135":0,"136":0,"137":0,"138":0,"139":0,"140":0,"141":0,"142":0,"143":0,"144":0,"145":0,"146":0,"147":0,"148":0,"149":1,"150":1,"151":0,"152":1,"153":0,"154":0,"155":0,"156":1,"157":1,"158":1,"159":1,"160":1,"161":1,"162":1,"163":1,"164":1,"165":1,"166":1,"167":1,"168":1,"169":1,"170":1,"171":0,"172":1,"173":1,"174":1,"175":0,"176":0,"177":0,"178":0,"179":1,"180":1,"181":1,"182":1,"183":0,"184":1,"185":0,"186":1,"187":1,"188":1,"189":1,"190":1,"191":1,"192":0,"193":1,"194":2,"195":0,"196":2,"197":1,"198":0,"199":1,"200":0,"201":1,"202":1,"203":1,"204":1,"205":0,"206":1,"207":1,"208":1,"209":1,"210":1,"211":0,"212":1,"213":1,"214":1,"215":0,"216":0,"217":0,"218":0,"219":0,"220":0,"221":0,"222":0,"223":0,"224":0,"225":0,"226":0,"227":0,"228":0,"229":0,"230":0,"231":1,"232":1,"233":1,"234":0,"235":1,"236":1,"237":0,"238":1,"239":1,"240":1,"241":0,"242":0,"243":0,"244":0,"245":0,"246":0,"247":0,"248":0,"249":0,"250":0,"251":0,"252":0,"253":0,"254":0,"255":0,"256":0,"257":0,"258":0,"259":0,"260":0,"261":0,"262":0,"263":0,"264":0,"265":0,"266":0,"267":0,"268":0,"269":0,"270":0,"271":0,"272":0,"273":0,"274":0,"275":0,"276":0,"277":0,"278":0,"279":0,"280":0,"281":0,"282":0,"283":0,"284":0,"285":0,"286":0,"287":0,"288":0,"289":0,"290":0,"291":0,"292":0,"293":0,"294":0,"295":0,"296":0,"297":0,"298":0,"299":0,"300":0,"301":1,"302":1,"303":1,"304":0,"305":1,"306":1,"307":0,"308":1,"309":1,"310":1,"311":0,"312":0,"313":0,"314":0,"315":0,"316":0,"317":0,"318":0,"319":0,"320":0,"321":0,"322":1,"323":1,"324":0,"325":1,"326":1,"327":1,"328":1,"329":0,"330":0,"331":0,"332":0,"333":0,"334":0,"335":0,"336":0,"337":0,"338":0,"339":0,"340":0,"341":0,"342":0,"343":0,"344":0,"345":0,"346":0,"347":0,"348":0,"349":0,"350":0,"351":0,"352":1},"f":{"0":31,"1":5,"2":0,"3":0,"4":4,"5":4,"6":1,"7":0,"8":3,"9":9,"10":8,"11":1,"12":1,"13":1,"14":1,"15":0,"16":0,"17":0,"18":0,"19":0,"20":0,"21":0,"22":0,"23":0,"24":0,"25":0,"26":1,"27":0,"28":1,"29":1,"30":1,"31":1,"32":0,"33":1,"34":1,"35":2,"36":1,"37":1,"38":0,"39":0,"40":1,"41":0,"42":0,"43":0,"44":0,"45":0,"46":0,"47":0,"48":0,"49":0,"50":0,"51":0,"52":1,"53":0,"54":1,"55":0,"56":0,"57":0,"58":0,"59":0,"60":0,"61":0,"62":0,"63":0,"64":0,"65":0,"66":0,"67":0,"68":0,"69":0},"b":{"0":[0,31],"1":[0,5],"2":[0,0],"3":[0,0],"4":[0,4],"5":[4,4],"6":[0,1],"7":[1,0],"8":[1,0],"9":[1,0],"10":[0,0],"11":[0,0],"12":[0,0],"13":[0,0],"14":[0,3],"15":[3,0],"16":[3,0],"17":[3,0],"18":[0,9],"19":[9,0],"20":[9,0],"21":[9,0],"22":[0,9],"23":[9,0],"24":[9,0],"25":[9,9],"26":[8,0],"27":[9,0],"28":[9,9],"29":[0],"30":[1],"31":[1],"32":[1,0],"33":[0,1],"34":[1,0],"35":[1,1],"36":[0,1],"37":[1,1],"38":[0,0],"39":[0,0],"40":[0,1],"41":[0,1],"42":[0,0],"43":[0,0,0,0],"44":[1,1],"45":[1,1],"46":[1],"47":[1,0],"48":[1,1],"49":[1,1],"50":[1,1],"51":[1],"52":[1,0],"53":[1,1],"54":[1,1],"55":[1,1],"56":[0,0],"57":[0,0],"58":[0,0],"59":[0,0],"60":[0,0],"61":[0,0],"62":[0,0],"63":[0,0],"64":[0,0],"65":[0,0],"66":[0,0,0],"67":[0,0],"68":[0,0],"69":[0,0],"70":[0,0],"71":[0,1],"72":[0,0],"73":[1,0],"74":[1,1],"75":[1,0],"76":[1,1,1,1],"77":[0,1],"78":[0,1],"79":[0,0],"80":[0,0],"81":[1,0],"82":[1,0],"83":[0,1],"84":[1,0],"85":[0,1],"86":[0,1],"87":[0,2],"88":[2,0],"89":[0,1],"90":[0,1],"91":[0,1],"92":[0,1],"93":[1,0],"94":[0,0],"95":[0,0],"96":[0,1],"97":[0,1],"98":[0,0],"99":[0,0],"100":[0,0],"101":[0,0],"102":[0,0],"103":[0,0],"104":[0,0],"105":[0,0],"106":[0,0],"107":[0,0],"108":[0,0],"109":[0,0],"110":[0,0],"111":[0,0],"112":[0,0,0,0],"113":[0,0],"114":[0,1],"115":[0,1],"116":[0,0],"117":[0,0],"118":[0,1],"119":[0,0],"120":[0,0],"121":[0,0],"122":[0,0],"123":[0,0]},"_coverageSchema":"1a1c01bbd47fc00a2c39e90264f33305004495a9","hash":"3bdeaf08eebc893cab13b6f67a3074aff86fee18"}
,"C:\\Users\\Mohmmad\\Documents\\vsProject\\web\\SmartOrder\\Backend\\Orders\\graphql\\typeDefs\\orderTypeDefs.js": {"path":"C:\\Users\\Mohmmad\\Documents\\vsProject\\web\\SmartOrder\\Backend\\Orders\\graphql\\typeDefs\\orderTypeDefs.js","statementMap":{"0":{"start":{"line":1,"column":16},"end":{"line":1,"column":48}},"1":{"start":{"line":3,"column":22},"end":{"line":403,"column":1}},"2":{"start":{"line":405,"column":0},"end":{"line":405,"column":31}}},"fnMap":{},"branchMap":{},"s":{"0":1,"1":1,"2":1},"f":{},"b":{},"_coverageSchema":"1a1c01bbd47fc00a2c39e90264f33305004495a9","hash":"da056ec444522afa1f9a8c3e5dd33dc4bd87b19b"}
,"C:\\Users\\Mohmmad\\Documents\\vsProject\\web\\SmartOrder\\Backend\\Orders\\models\\Order.js": {"path":"C:\\Users\\Mohmmad\\Documents\\vsProject\\web\\SmartOrder\\Backend\\Orders\\models\\Order.js","statementMap":{"0":{"start":{"line":1,"column":17},"end":{"line":1,"column":36}},"1":{"start":{"line":4,"column":24},"end":{"line":14,"column":1}},"2":{"start":{"line":17,"column":26},"end":{"line":25,"column":1}},"3":{"start":{"line":28,"column":22},"end":{"line":34,"column":1}},"4":{"start":{"line":37,"column":24},"end":{"line":77,"column":2}},"5":{"start":{"line":49,"column":8},"end":{"line":49,"column":60}},"6":{"start":{"line":80,"column":0},"end":{"line":82,"column":3}},"7":{"start":{"line":81,"column":2},"end":{"line":81,"column":56}},"8":{"start":{"line":85,"column":0},"end":{"line":90,"column":3}},"9":{"start":{"line":86,"column":2},"end":{"line":88,"column":3}},"10":{"start":{"line":87,"column":4},"end":{"line":87,"column":56}},"11":{"start":{"line":89,"column":2},"end":{"line":89,"column":9}},"12":{"start":{"line":93,"column":22},"end":{"line":154,"column":2}},"13":{"start":{"line":129,"column":8},"end":{"line":129,"column":75}},"14":{"start":{"line":157,"column":0},"end":{"line":175,"column":3}},"15":{"start":{"line":158,"column":2},"end":{"line":158,"column":31}},"16":{"start":{"line":160,"column":2},"end":{"line":162,"column":3}},"17":{"start":{"line":161,"column":4},"end":{"line":161,"column":81}},"18":{"start":{"line":165,"column":2},"end":{"line":167,"column":3}},"19":{"start":{"line":166,"column":4},"end":{"line":166,"column":40}},"20":{"start":{"line":170,"column":2},"end":{"line":172,"column":3}},"21":{"start":{"line":171,"column":4},"end":{"line":171,"column":39}},"22":{"start":{"line":174,"column":2},"end":{"line":174,"column":9}},"23":{"start":{"line":178,"column":18},"end":{"line":219,"column":2}},"24":{"start":{"line":222,"column":0},"end":{"line":233,"column":3}},"25":{"start":{"line":223,"column":2},"end":{"line":223,"column":31}},"26":{"start":{"line":226,"column":2},"end":{"line":230,"column":3}},"27":{"start":{"line":227,"column":23},"end":{"line":227,"column":33}},"28":{"start":{"line":228,"column":4},"end":{"line":228,"column":52}},"29":{"start":{"line":229,"column":4},"end":{"line":229,"column":34}},"30":{"start":{"line":232,"column":2},"end":{"line":232,"column":9}},"31":{"start":{"line":236,"column":0},"end":{"line":251,"column":3}},"32":{"start":{"line":237,"column":16},"end":{"line":237,"column":69}},"33":{"start":{"line":238,"column":18},"end":{"line":238,"column":59}},"34":{"start":{"line":240,"column":18},"end":{"line":240,"column":20}},"35":{"start":{"line":241,"column":2},"end":{"line":244,"column":3}},"36":{"start":{"line":242,"column":4},"end":{"line":242,"column":56}},"37":{"start":{"line":243,"column":4},"end":{"line":243,"column":42}},"38":{"start":{"line":243,"column":21},"end":{"line":243,"column":42}},"39":{"start":{"line":246,"column":2},"end":{"line":248,"column":3}},"40":{"start":{"line":247,"column":4},"end":{"line":247,"column":62}},"41":{"start":{"line":250,"column":2},"end":{"line":250,"column":19}},"42":{"start":{"line":254,"column":0},"end":{"line":266,"column":2}},"43":{"start":{"line":256,"column":2},"end":{"line":256,"column":62}},"44":{"start":{"line":256,"column":49},"end":{"line":256,"column":62}},"45":{"start":{"line":259,"column":2},"end":{"line":263,"column":3}},"46":{"start":{"line":261,"column":4},"end":{"line":261,"column":44}},"47":{"start":{"line":262,"column":4},"end":{"line":262,"column":17}},"48":{"start":{"line":265,"column":2},"end":{"line":265,"column":14}},"49":{"start":{"line":269,"column":22},"end":{"line":354,"column":2}},"50":{"start":{"line":291,"column":8},"end":{"line":291,"column":47}},"51":{"start":{"line":326,"column":8},"end":{"line":326,"column":63}},"52":{"start":{"line":336,"column":8},"end":{"line":336,"column":65}},"53":{"start":{"line":357,"column":0},"end":{"line":364,"column":3}},"54":{"start":{"line":358,"column":20},"end":{"line":358,"column":38}},"55":{"start":{"line":359,"column":2},"end":{"line":359,"column":67}},"56":{"start":{"line":359,"column":26},"end":{"line":359,"column":67}},"57":{"start":{"line":360,"column":2},"end":{"line":360,"column":34}},"58":{"start":{"line":361,"column":2},"end":{"line":361,"column":63}},"59":{"start":{"line":361,"column":24},"end":{"line":361,"column":63}},"60":{"start":{"line":362,"column":2},"end":{"line":362,"column":37}},"61":{"start":{"line":363,"column":2},"end":{"line":363,"column":21}},"62":{"start":{"line":367,"column":20},"end":{"line":496,"column":2}},"63":{"start":{"line":396,"column":8},"end":{"line":396,"column":44}},"64":{"start":{"line":406,"column":8},"end":{"line":406,"column":44}},"65":{"start":{"line":442,"column":8},"end":{"line":442,"column":44}},"66":{"start":{"line":457,"column":8},"end":{"line":457,"column":26}},"67":{"start":{"line":467,"column":8},"end":{"line":467,"column":44}},"68":{"start":{"line":499,"column":0},"end":{"line":522,"column":3}},"69":{"start":{"line":500,"column":2},"end":{"line":500,"column":31}},"70":{"start":{"line":503,"column":2},"end":{"line":505,"column":3}},"71":{"start":{"line":504,"column":4},"end":{"line":504,"column":48}},"72":{"start":{"line":508,"column":2},"end":{"line":519,"column":3}},"73":{"start":{"line":509,"column":24},"end":{"line":509,"column":86}},"74":{"start":{"line":509,"column":63},"end":{"line":509,"column":82}},"75":{"start":{"line":510,"column":4},"end":{"line":510,"column":49}},"76":{"start":{"line":513,"column":4},"end":{"line":518,"column":5}},"77":{"start":{"line":514,"column":6},"end":{"line":514,"column":44}},"78":{"start":{"line":517,"column":6},"end":{"line":517,"column":67}},"79":{"start":{"line":521,"column":2},"end":{"line":521,"column":9}},"80":{"start":{"line":525,"column":0},"end":{"line":527,"column":3}},"81":{"start":{"line":526,"column":2},"end":{"line":526,"column":18}},"82":{"start":{"line":530,"column":0},"end":{"line":530,"column":43}},"83":{"start":{"line":532,"column":0},"end":{"line":532,"column":40}},"84":{"start":{"line":534,"column":0},"end":{"line":534,"column":39}},"85":{"start":{"line":536,"column":0},"end":{"line":536,"column":38}},"86":{"start":{"line":539,"column":0},"end":{"line":551,"column":2}},"87":{"start":{"line":541,"column":18},"end":{"line":544,"column":3}},"88":{"start":{"line":547,"column":2},"end":{"line":547,"column":33}},"89":{"start":{"line":550,"column":2},"end":{"line":550,"column":14}},"90":{"start":{"line":553,"column":0},"end":{"line":566,"column":2}},"91":{"start":{"line":555,"column":20},"end":{"line":555,"column":97}},"92":{"start":{"line":555,"column":55},"end":{"line":555,"column":96}},"93":{"start":{"line":557,"column":2},"end":{"line":559,"column":3}},"94":{"start":{"line":558,"column":4},"end":{"line":558,"column":44}},"95":{"start":{"line":562,"column":2},"end":{"line":562,"column":40}},"96":{"start":{"line":565,"column":2},"end":{"line":565,"column":14}},"97":{"start":{"line":568,"column":0},"end":{"line":572,"column":2}},"98":{"start":{"line":570,"column":2},"end":{"line":570,"column":26}},"99":{"start":{"line":571,"column":2},"end":{"line":571,"column":14}},"100":{"start":{"line":574,"column":0},"end":{"line":602,"column":2}},"101":{"start":{"line":576,"column":14},"end":{"line":576,"column":33}},"102":{"start":{"line":578,"column":2},"end":{"line":580,"column":3}},"103":{"start":{"line":579,"column":4},"end":{"line":579,"column":37}},"104":{"start":{"line":582,"column":2},"end":{"line":584,"column":3}},"105":{"start":{"line":583,"column":4},"end":{"line":583,"column":46}},"106":{"start":{"line":587,"column":2},"end":{"line":587,"column":42}},"107":{"start":{"line":590,"column":2},"end":{"line":590,"column":41}},"108":{"start":{"line":591,"column":2},"end":{"line":591,"column":47}},"109":{"start":{"line":592,"column":2},"end":{"line":592,"column":42}},"110":{"start":{"line":595,"column":2},"end":{"line":599,"column":5}},"111":{"start":{"line":596,"column":4},"end":{"line":598,"column":5}},"112":{"start":{"line":597,"column":6},"end":{"line":597,"column":51}},"113":{"start":{"line":601,"column":2},"end":{"line":601,"column":14}},"114":{"start":{"line":604,"column":0},"end":{"line":607,"column":2}},"115":{"start":{"line":605,"column":2},"end":{"line":605,"column":29}},"116":{"start":{"line":606,"column":2},"end":{"line":606,"column":14}},"117":{"start":{"line":609,"column":0},"end":{"line":617,"column":2}},"118":{"start":{"line":610,"column":2},"end":{"line":610,"column":48}},"119":{"start":{"line":611,"column":2},"end":{"line":611,"column":59}},"120":{"start":{"line":612,"column":2},"end":{"line":612,"column":43}},"121":{"start":{"line":613,"column":2},"end":{"line":615,"column":5}},"122":{"start":{"line":614,"column":4},"end":{"line":614,"column":44}},"123":{"start":{"line":616,"column":2},"end":{"line":616,"column":14}},"124":{"start":{"line":619,"column":0},"end":{"line":623,"column":2}},"125":{"start":{"line":620,"column":2},"end":{"line":620,"column":48}},"126":{"start":{"line":621,"column":2},"end":{"line":621,"column":57}},"127":{"start":{"line":622,"column":2},"end":{"line":622,"column":14}},"128":{"start":{"line":626,"column":0},"end":{"line":632,"column":3}},"129":{"start":{"line":629,"column":4},"end":{"line":629,"column":19}},"130":{"start":{"line":630,"column":4},"end":{"line":630,"column":15}},"131":{"start":{"line":634,"column":14},"end":{"line":634,"column":50}},"132":{"start":{"line":636,"column":0},"end":{"line":641,"column":2}}},"fnMap":{"0":{"name":"(anonymous_0)","decl":{"start":{"line":47,"column":17},"end":{"line":47,"column":18}},"loc":{"start":{"line":47,"column":33},"end":{"line":50,"column":7}},"line":47},"1":{"name":"(anonymous_1)","decl":{"start":{"line":80,"column":41},"end":{"line":80,"column":42}},"loc":{"start":{"line":80,"column":52},"end":{"line":82,"column":1}},"line":80},"2":{"name":"(anonymous_2)","decl":{"start":{"line":85,"column":28},"end":{"line":85,"column":29}},"loc":{"start":{"line":85,"column":43},"end":{"line":90,"column":1}},"line":85},"3":{"name":"(anonymous_3)","decl":{"start":{"line":128,"column":17},"end":{"line":128,"column":18}},"loc":{"start":{"line":128,"column":33},"end":{"line":130,"column":7}},"line":128},"4":{"name":"(anonymous_4)","decl":{"start":{"line":157,"column":26},"end":{"line":157,"column":27}},"loc":{"start":{"line":157,"column":41},"end":{"line":175,"column":1}},"line":157},"5":{"name":"(anonymous_5)","decl":{"start":{"line":222,"column":22},"end":{"line":222,"column":23}},"loc":{"start":{"line":222,"column":37},"end":{"line":233,"column":1}},"line":222},"6":{"name":"(anonymous_6)","decl":{"start":{"line":236,"column":59},"end":{"line":236,"column":60}},"loc":{"start":{"line":236,"column":70},"end":{"line":251,"column":1}},"line":236},"7":{"name":"(anonymous_7)","decl":{"start":{"line":254,"column":31},"end":{"line":254,"column":32}},"loc":{"start":{"line":254,"column":42},"end":{"line":266,"column":1}},"line":254},"8":{"name":"(anonymous_8)","decl":{"start":{"line":290,"column":17},"end":{"line":290,"column":18}},"loc":{"start":{"line":290,"column":33},"end":{"line":292,"column":7}},"line":290},"9":{"name":"(anonymous_9)","decl":{"start":{"line":325,"column":17},"end":{"line":325,"column":18}},"loc":{"start":{"line":325,"column":33},"end":{"line":327,"column":7}},"line":325},"10":{"name":"(anonymous_10)","decl":{"start":{"line":335,"column":17},"end":{"line":335,"column":18}},"loc":{"start":{"line":335,"column":33},"end":{"line":337,"column":7}},"line":335},"11":{"name":"(anonymous_11)","decl":{"start":{"line":357,"column":42},"end":{"line":357,"column":43}},"loc":{"start":{"line":357,"column":53},"end":{"line":364,"column":1}},"line":357},"12":{"name":"(anonymous_12)","decl":{"start":{"line":395,"column":17},"end":{"line":395,"column":18}},"loc":{"start":{"line":395,"column":33},"end":{"line":397,"column":7}},"line":395},"13":{"name":"(anonymous_13)","decl":{"start":{"line":405,"column":17},"end":{"line":405,"column":18}},"loc":{"start":{"line":405,"column":33},"end":{"line":407,"column":7}},"line":405},"14":{"name":"(anonymous_14)","decl":{"start":{"line":441,"column":17},"end":{"line":441,"column":18}},"loc":{"start":{"line":441,"column":33},"end":{"line":443,"column":7}},"line":441},"15":{"name":"(anonymous_15)","decl":{"start":{"line":456,"column":17},"end":{"line":456,"column":18}},"loc":{"start":{"line":456,"column":33},"end":{"line":458,"column":7}},"line":456},"16":{"name":"(anonymous_16)","decl":{"start":{"line":466,"column":17},"end":{"line":466,"column":18}},"loc":{"start":{"line":466,"column":33},"end":{"line":468,"column":7}},"line":466},"17":{"name":"(anonymous_17)","decl":{"start":{"line":499,"column":24},"end":{"line":499,"column":25}},"loc":{"start":{"line":499,"column":39},"end":{"line":522,"column":1}},"line":499},"18":{"name":"(anonymous_18)","decl":{"start":{"line":509,"column":48},"end":{"line":509,"column":49}},"loc":{"start":{"line":509,"column":63},"end":{"line":509,"column":82}},"line":509},"19":{"name":"(anonymous_19)","decl":{"start":{"line":525,"column":36},"end":{"line":525,"column":37}},"loc":{"start":{"line":525,"column":47},"end":{"line":527,"column":1}},"line":525},"20":{"name":"(anonymous_20)","decl":{"start":{"line":539,"column":35},"end":{"line":539,"column":36}},"loc":{"start":{"line":539,"column":54},"end":{"line":551,"column":1}},"line":539},"21":{"name":"(anonymous_21)","decl":{"start":{"line":553,"column":38},"end":{"line":553,"column":39}},"loc":{"start":{"line":553,"column":55},"end":{"line":566,"column":1}},"line":553},"22":{"name":"(anonymous_22)","decl":{"start":{"line":555,"column":47},"end":{"line":555,"column":48}},"loc":{"start":{"line":555,"column":55},"end":{"line":555,"column":96}},"line":555},"23":{"name":"(anonymous_23)","decl":{"start":{"line":568,"column":29},"end":{"line":568,"column":30}},"loc":{"start":{"line":568,"column":47},"end":{"line":572,"column":1}},"line":568},"24":{"name":"(anonymous_24)","decl":{"start":{"line":574,"column":32},"end":{"line":574,"column":33}},"loc":{"start":{"line":574,"column":48},"end":{"line":602,"column":1}},"line":574},"25":{"name":"(anonymous_25)","decl":{"start":{"line":595,"column":20},"end":{"line":595,"column":21}},"loc":{"start":{"line":595,"column":32},"end":{"line":599,"column":3}},"line":595},"26":{"name":"(anonymous_26)","decl":{"start":{"line":604,"column":33},"end":{"line":604,"column":34}},"loc":{"start":{"line":604,"column":55},"end":{"line":607,"column":1}},"line":604},"27":{"name":"(anonymous_27)","decl":{"start":{"line":609,"column":34},"end":{"line":609,"column":35}},"loc":{"start":{"line":609,"column":51},"end":{"line":617,"column":1}},"line":609},"28":{"name":"(anonymous_28)","decl":{"start":{"line":613,"column":20},"end":{"line":613,"column":21}},"loc":{"start":{"line":613,"column":27},"end":{"line":615,"column":3}},"line":613},"29":{"name":"(anonymous_29)","decl":{"start":{"line":619,"column":36},"end":{"line":619,"column":37}},"loc":{"start":{"line":619,"column":66},"end":{"line":623,"column":1}},"line":619},"30":{"name":"(anonymous_30)","decl":{"start":{"line":628,"column":13},"end":{"line":628,"column":14}},"loc":{"start":{"line":628,"column":27},"end":{"line":631,"column":3}},"line":628}},"branchMap":{"0":{"loc":{"start":{"line":49,"column":15},"end":{"line":49,"column":59}},"type":"binary-expr","locations":[{"start":{"line":49,"column":15},"end":{"line":49,"column":41}},{"start":{"line":49,"column":45},"end":{"line":49,"column":59}}],"line":49},"1":{"loc":{"start":{"line":81,"column":9},"end":{"line":81,"column":55}},"type":"binary-expr","locations":[{"start":{"line":81,"column":9},"end":{"line":81,"column":40}},{"start":{"line":81,"column":44},"end":{"line":81,"column":55}}],"line":81},"2":{"loc":{"start":{"line":86,"column":2},"end":{"line":88,"column":3}},"type":"if","locations":[{"start":{"line":86,"column":2},"end":{"line":88,"column":3}},{"start":{},"end":{}}],"line":86},"3":{"loc":{"start":{"line":86,"column":6},"end":{"line":86,"column":70}},"type":"binary-expr","locations":[{"start":{"line":86,"column":6},"end":{"line":86,"column":33}},{"start":{"line":86,"column":37},"end":{"line":86,"column":70}}],"line":86},"4":{"loc":{"start":{"line":129,"column":15},"end":{"line":129,"column":74}},"type":"binary-expr","locations":[{"start":{"line":129,"column":15},"end":{"line":129,"column":29}},{"start":{"line":129,"column":34},"end":{"line":129,"column":44}},{"start":{"line":129,"column":48},"end":{"line":129,"column":73}}],"line":129},"5":{"loc":{"start":{"line":160,"column":2},"end":{"line":162,"column":3}},"type":"if","locations":[{"start":{"line":160,"column":2},"end":{"line":162,"column":3}},{"start":{},"end":{}}],"line":160},"6":{"loc":{"start":{"line":165,"column":2},"end":{"line":167,"column":3}},"type":"if","locations":[{"start":{"line":165,"column":2},"end":{"line":167,"column":3}},{"start":{},"end":{}}],"line":165},"7":{"loc":{"start":{"line":165,"column":6},"end":{"line":165,"column":121}},"type":"binary-expr","locations":[{"start":{"line":165,"column":6},"end":{"line":165,"column":39}},{"start":{"line":165,"column":43},"end":{"line":165,"column":94}},{"start":{"line":165,"column":98},"end":{"line":165,"column":121}}],"line":165},"8":{"loc":{"start":{"line":170,"column":2},"end":{"line":172,"column":3}},"type":"if","locations":[{"start":{"line":170,"column":2},"end":{"line":172,"column":3}},{"start":{},"end":{}}],"line":170},"9":{"loc":{"start":{"line":170,"column":6},"end":{"line":170,"column":90}},"type":"binary-expr","locations":[{"start":{"line":170,"column":6},"end":{"line":170,"column":38}},{"start":{"line":170,"column":42},"end":{"line":170,"column":64}},{"start":{"line":170,"column":68},"end":{"line":170,"column":90}}],"line":170},"10":{"loc":{"start":{"line":226,"column":2},"end":{"line":230,"column":3}},"type":"if","locations":[{"start":{"line":226,"column":2},"end":{"line":230,"column":3}},{"start":{},"end":{}}],"line":226},"11":{"loc":{"start":{"line":226,"column":6},"end":{"line":226,"column":37}},"type":"binary-expr","locations":[{"start":{"line":226,"column":6},"end":{"line":226,"column":23}},{"start":{"line":226,"column":27},"end":{"line":226,"column":37}}],"line":226},"12":{"loc":{"start":{"line":241,"column":2},"end":{"line":244,"column":3}},"type":"if","locations":[{"start":{"line":241,"column":2},"end":{"line":244,"column":3}},{"start":{},"end":{}}],"line":241},"13":{"loc":{"start":{"line":242,"column":33},"end":{"line":242,"column":53}},"type":"cond-expr","locations":[{"start":{"line":242,"column":45},"end":{"line":242,"column":48}},{"start":{"line":242,"column":51},"end":{"line":242,"column":53}}],"line":242},"14":{"loc":{"start":{"line":243,"column":4},"end":{"line":243,"column":42}},"type":"if","locations":[{"start":{"line":243,"column":4},"end":{"line":243,"column":42}},{"start":{},"end":{}}],"line":243},"15":{"loc":{"start":{"line":246,"column":2},"end":{"line":248,"column":3}},"type":"if","locations":[{"start":{"line":246,"column":2},"end":{"line":248,"column":3}},{"start":{},"end":{}}],"line":246},"16":{"loc":{"start":{"line":246,"column":6},"end":{"line":246,"column":32}},"type":"binary-expr","locations":[{"start":{"line":246,"column":6},"end":{"line":246,"column":17}},{"start":{"line":246,"column":21},"end":{"line":246,"column":32}}],"line":246},"17":{"loc":{"start":{"line":247,"column":37},"end":{"line":247,"column":59}},"type":"cond-expr","locations":[{"start":{"line":247,"column":51},"end":{"line":247,"column":54}},{"start":{"line":247,"column":57},"end":{"line":247,"column":59}}],"line":247},"18":{"loc":{"start":{"line":256,"column":2},"end":{"line":256,"column":62}},"type":"if","locations":[{"start":{"line":256,"column":2},"end":{"line":256,"column":62}},{"start":{},"end":{}}],"line":256},"19":{"loc":{"start":{"line":259,"column":2},"end":{"line":263,"column":3}},"type":"if","locations":[{"start":{"line":259,"column":2},"end":{"line":263,"column":3}},{"start":{},"end":{}}],"line":259},"20":{"loc":{"start":{"line":259,"column":6},"end":{"line":259,"column":55}},"type":"binary-expr","locations":[{"start":{"line":259,"column":6},"end":{"line":259,"column":22}},{"start":{"line":259,"column":26},"end":{"line":259,"column":55}}],"line":259},"21":{"loc":{"start":{"line":326,"column":15},"end":{"line":326,"column":62}},"type":"binary-expr","locations":[{"start":{"line":326,"column":15},"end":{"line":326,"column":29}},{"start":{"line":326,"column":34},"end":{"line":326,"column":46}},{"start":{"line":326,"column":50},"end":{"line":326,"column":61}}],"line":326},"22":{"loc":{"start":{"line":336,"column":15},"end":{"line":336,"column":64}},"type":"binary-expr","locations":[{"start":{"line":336,"column":15},"end":{"line":336,"column":29}},{"start":{"line":336,"column":34},"end":{"line":336,"column":47}},{"start":{"line":336,"column":51},"end":{"line":336,"column":63}}],"line":336},"23":{"loc":{"start":{"line":359,"column":2},"end":{"line":359,"column":67}},"type":"if","locations":[{"start":{"line":359,"column":2},"end":{"line":359,"column":67}},{"start":{},"end":{}}],"line":359},"24":{"loc":{"start":{"line":361,"column":2},"end":{"line":361,"column":63}},"type":"if","locations":[{"start":{"line":361,"column":2},"end":{"line":361,"column":63}},{"start":{},"end":{}}],"line":361},"25":{"loc":{"start":{"line":396,"column":15},"end":{"line":396,"column":43}},"type":"binary-expr","locations":[{"start":{"line":396,"column":15},"end":{"line":396,"column":29}},{"start":{"line":396,"column":33},"end":{"line":396,"column":43}}],"line":396},"26":{"loc":{"start":{"line":406,"column":15},"end":{"line":406,"column":43}},"type":"binary-expr","locations":[{"start":{"line":406,"column":15},"end":{"line":406,"column":29}},{"start":{"line":406,"column":33},"end":{"line":406,"column":43}}],"line":406},"27":{"loc":{"start":{"line":442,"column":15},"end":{"line":442,"column":43}},"type":"binary-expr","locations":[{"start":{"line":442,"column":15},"end":{"line":442,"column":29}},{"start":{"line":442,"column":33},"end":{"line":442,"column":43}}],"line":442},"28":{"loc":{"start":{"line":467,"column":15},"end":{"line":467,"column":43}},"type":"binary-expr","locations":[{"start":{"line":467,"column":15},"end":{"line":467,"column":29}},{"start":{"line":467,"column":33},"end":{"line":467,"column":43}}],"line":467},"29":{"loc":{"start":{"line":503,"column":2},"end":{"line":505,"column":3}},"type":"if","locations":[{"start":{"line":503,"column":2},"end":{"line":505,"column":3}},{"start":{},"end":{}}],"line":503},"30":{"loc":{"start":{"line":503,"column":6},"end":{"line":503,"column":88}},"type":"binary-expr","locations":[{"start":{"line":503,"column":6},"end":{"line":503,"column":16}},{"start":{"line":503,"column":20},"end":{"line":503,"column":39}},{"start":{"line":503,"column":43},"end":{"line":503,"column":88}}],"line":503},"31":{"loc":{"start":{"line":508,"column":2},"end":{"line":519,"column":3}},"type":"if","locations":[{"start":{"line":508,"column":2},"end":{"line":519,"column":3}},{"start":{},"end":{}}],"line":508},"32":{"loc":{"start":{"line":508,"column":6},"end":{"line":508,"column":53}},"type":"binary-expr","locations":[{"start":{"line":508,"column":6},"end":{"line":508,"column":22}},{"start":{"line":508,"column":26},"end":{"line":508,"column":53}}],"line":508},"33":{"loc":{"start":{"line":513,"column":4},"end":{"line":518,"column":5}},"type":"if","locations":[{"start":{"line":513,"column":4},"end":{"line":518,"column":5}},{"start":{"line":515,"column":11},"end":{"line":518,"column":5}}],"line":513},"34":{"loc":{"start":{"line":557,"column":2},"end":{"line":559,"column":3}},"type":"if","locations":[{"start":{"line":557,"column":2},"end":{"line":559,"column":3}},{"start":{},"end":{}}],"line":557},"35":{"loc":{"start":{"line":578,"column":2},"end":{"line":580,"column":3}},"type":"if","locations":[{"start":{"line":578,"column":2},"end":{"line":580,"column":3}},{"start":{},"end":{}}],"line":578},"36":{"loc":{"start":{"line":582,"column":2},"end":{"line":584,"column":3}},"type":"if","locations":[{"start":{"line":582,"column":2},"end":{"line":584,"column":3}},{"start":{},"end":{}}],"line":582},"37":{"loc":{"start":{"line":596,"column":4},"end":{"line":598,"column":5}},"type":"if","locations":[{"start":{"line":596,"column":4},"end":{"line":598,"column":5}},{"start":{},"end":{}}],"line":596},"38":{"loc":{"start":{"line":596,"column":8},"end":{"line":596,"column":101}},"type":"binary-expr","locations":[{"start":{"line":596,"column":8},"end":{"line":596,"column":52}},{"start":{"line":596,"column":56},"end":{"line":596,"column":101}}],"line":596},"39":{"loc":{"start":{"line":611,"column":29},"end":{"line":611,"column":58}},"type":"binary-expr","locations":[{"start":{"line":611,"column":29},"end":{"line":611,"column":35}},{"start":{"line":611,"column":39},"end":{"line":611,"column":58}}],"line":611},"40":{"loc":{"start":{"line":619,"column":45},"end":{"line":619,"column":64}},"type":"default-arg","locations":[{"start":{"line":619,"column":60},"end":{"line":619,"column":64}}],"line":619},"41":{"loc":{"start":{"line":621,"column":30},"end":{"line":621,"column":56}},"type":"binary-expr","locations":[{"start":{"line":621,"column":30},"end":{"line":621,"column":42}},{"start":{"line":621,"column":46},"end":{"line":621,"column":56}}],"line":621}},"s":{"0":2,"1":2,"2":2,"3":2,"4":2,"5":3,"6":2,"7":0,"8":2,"9":4,"10":4,"11":4,"12":2,"13":11,"14":2,"15":11,"16":11,"17":0,"18":11,"19":1,"20":11,"21":3,"22":11,"23":2,"24":2,"25":40,"26":40,"27":26,"28":26,"29":26,"30":40,"31":2,"32":0,"33":0,"34":0,"35":0,"36":0,"37":0,"38":0,"39":0,"40":0,"41":0,"42":2,"43":4,"44":0,"45":4,"46":0,"47":0,"48":4,"49":2,"50":116,"51":61,"52":61,"53":2,"54":0,"55":0,"56":0,"57":0,"58":0,"59":0,"60":0,"61":0,"62":2,"63":62,"64":62,"65":62,"66":62,"67":64,"68":2,"69":109,"70":109,"71":27,"72":109,"73":3,"74":4,"75":3,"76":3,"77":3,"78":0,"79":109,"80":2,"81":1,"82":2,"83":2,"84":2,"85":2,"86":2,"87":3,"88":3,"89":3,"90":2,"91":1,"92":1,"93":1,"94":0,"95":1,"96":1,"97":2,"98":25,"99":25,"100":2,"101":4,"102":4,"103":0,"104":4,"105":0,"106":4,"107":4,"108":4,"109":4,"110":4,"111":5,"112":1,"113":4,"114":2,"115":0,"116":0,"117":2,"118":6,"119":6,"120":6,"121":6,"122":3,"123":6,"124":2,"125":2,"126":2,"127":2,"128":2,"129":0,"130":0,"131":2,"132":2},"f":{"0":3,"1":0,"2":4,"3":11,"4":11,"5":40,"6":0,"7":4,"8":116,"9":61,"10":61,"11":0,"12":62,"13":62,"14":62,"15":62,"16":64,"17":109,"18":4,"19":1,"20":3,"21":1,"22":1,"23":25,"24":4,"25":5,"26":0,"27":6,"28":3,"29":2,"30":0},"b":{"0":[3,1],"1":[0,0],"2":[4,0],"3":[4,0],"4":[11,4,4],"5":[0,11],"6":[1,10],"7":[11,10,4],"8":[3,8],"9":[11,10,3],"10":[26,14],"11":[40,26],"12":[0,0],"13":[0,0],"14":[0,0],"15":[0,0],"16":[0,0],"17":[0,0],"18":[0,4],"19":[0,4],"20":[4,4],"21":[61,0,0],"22":[61,0,0],"23":[0,0],"24":[0,0],"25":[62,8],"26":[62,8],"27":[62,26],"28":[64,29],"29":[27,82],"30":[109,47,27],"31":[3,106],"32":[109,109],"33":[3,0],"34":[0,1],"35":[0,4],"36":[0,4],"37":[1,4],"38":[5,1],"39":[6,0],"40":[0],"41":[2,0]},"_coverageSchema":"1a1c01bbd47fc00a2c39e90264f33305004495a9","hash":"e5c428e31a27da7b2b31ad7e6702862bc92f7ff4"}
}
