TN:
SF:graphql\resolvers\orderResolvers.js
FN:6,(anonymous_0)
FN:11,(anonymous_1)
FN:17,(anonymous_2)
FN:19,(anonymous_3)
FN:22,(anonymous_4)
FN:24,(anonymous_5)
FN:28,(anonymous_6)
FN:41,(anonymous_7)
FN:54,(anonymous_8)
FN:68,(anonymous_9)
FN:90,(anonymous_10)
FN:109,(anonymous_11)
FN:114,(anonymous_12)
FN:172,(anonymous_13)
FN:191,(anonymous_14)
FN:211,(anonymous_15)
FN:217,(anonymous_16)
FN:227,(anonymous_17)
FN:235,(anonymous_18)
FN:245,(anonymous_19)
FN:253,(anonymous_20)
FN:260,(anonymous_21)
FN:270,(anonymous_22)
FN:274,(anonymous_23)
FN:281,(anonymous_24)
FN:298,(anonymous_25)
FN:310,(anonymous_26)
FN:315,(anonymous_27)
FN:322,(anonymous_28)
FN:325,(anonymous_29)
FN:337,(anonymous_30)
FN:338,(anonymous_31)
FN:350,(anonymous_32)
FN:356,(anonymous_33)
FN:422,(anonymous_34)
FN:430,(anonymous_35)
FN:452,(anonymous_36)
FN:464,(anonymous_37)
FN:477,(anonymous_38)
FN:496,(anonymous_39)
FN:511,(anonymous_40)
FN:538,(anonymous_41)
FN:558,(anonymous_42)
FN:595,(anonymous_43)
FN:614,(anonymous_44)
FN:624,(anonymous_45)
FN:637,(anonymous_46)
FN:651,(anonymous_47)
FN:682,(anonymous_48)
FN:687,(anonymous_49)
FN:692,(anonymous_50)
FN:697,(anonymous_51)
FN:703,(anonymous_52)
FN:732,(anonymous_53)
FN:754,(anonymous_54)
FN:773,(anonymous_55)
FN:779,(anonymous_56)
FN:787,(anonymous_57)
FN:791,(anonymous_58)
FN:795,(anonymous_59)
FN:799,(anonymous_60)
FN:803,(anonymous_61)
FN:810,(anonymous_62)
FN:814,(anonymous_63)
FN:824,(anonymous_64)
FN:828,(anonymous_65)
FN:836,(anonymous_66)
FN:845,(anonymous_67)
FN:850,(anonymous_68)
FN:854,(anonymous_69)
FNF:70
FNH:25
FNDA:31,(anonymous_0)
FNDA:5,(anonymous_1)
FNDA:0,(anonymous_2)
FNDA:0,(anonymous_3)
FNDA:4,(anonymous_4)
FNDA:4,(anonymous_5)
FNDA:1,(anonymous_6)
FNDA:0,(anonymous_7)
FNDA:3,(anonymous_8)
FNDA:9,(anonymous_9)
FNDA:8,(anonymous_10)
FNDA:1,(anonymous_11)
FNDA:1,(anonymous_12)
FNDA:1,(anonymous_13)
FNDA:1,(anonymous_14)
FNDA:0,(anonymous_15)
FNDA:0,(anonymous_16)
FNDA:0,(anonymous_17)
FNDA:0,(anonymous_18)
FNDA:0,(anonymous_19)
FNDA:0,(anonymous_20)
FNDA:0,(anonymous_21)
FNDA:0,(anonymous_22)
FNDA:0,(anonymous_23)
FNDA:0,(anonymous_24)
FNDA:0,(anonymous_25)
FNDA:1,(anonymous_26)
FNDA:0,(anonymous_27)
FNDA:1,(anonymous_28)
FNDA:1,(anonymous_29)
FNDA:1,(anonymous_30)
FNDA:1,(anonymous_31)
FNDA:0,(anonymous_32)
FNDA:1,(anonymous_33)
FNDA:1,(anonymous_34)
FNDA:2,(anonymous_35)
FNDA:1,(anonymous_36)
FNDA:1,(anonymous_37)
FNDA:0,(anonymous_38)
FNDA:0,(anonymous_39)
FNDA:1,(anonymous_40)
FNDA:0,(anonymous_41)
FNDA:0,(anonymous_42)
FNDA:0,(anonymous_43)
FNDA:0,(anonymous_44)
FNDA:0,(anonymous_45)
FNDA:0,(anonymous_46)
FNDA:0,(anonymous_47)
FNDA:0,(anonymous_48)
FNDA:0,(anonymous_49)
FNDA:0,(anonymous_50)
FNDA:0,(anonymous_51)
FNDA:1,(anonymous_52)
FNDA:0,(anonymous_53)
FNDA:1,(anonymous_54)
FNDA:0,(anonymous_55)
FNDA:0,(anonymous_56)
FNDA:0,(anonymous_57)
FNDA:0,(anonymous_58)
FNDA:0,(anonymous_59)
FNDA:0,(anonymous_60)
FNDA:0,(anonymous_61)
FNDA:0,(anonymous_62)
FNDA:0,(anonymous_63)
FNDA:0,(anonymous_64)
FNDA:0,(anonymous_65)
FNDA:0,(anonymous_66)
FNDA:0,(anonymous_67)
FNDA:0,(anonymous_68)
FNDA:0,(anonymous_69)
DA:3,1
DA:6,1
DA:7,31
DA:8,31
DA:11,1
DA:12,5
DA:13,5
DA:17,1
DA:18,0
DA:19,0
DA:22,1
DA:23,4
DA:24,4
DA:28,1
DA:29,1
DA:31,1
DA:32,1
DA:34,1
DA:35,1
DA:38,1
DA:41,1
DA:42,0
DA:44,0
DA:45,0
DA:47,0
DA:48,0
DA:51,0
DA:54,1
DA:55,3
DA:57,3
DA:58,3
DA:60,3
DA:61,3
DA:64,3
DA:68,1
DA:69,9
DA:72,9
DA:75,9
DA:78,9
DA:79,9
DA:83,9
DA:84,0
DA:85,0
DA:89,9
DA:90,9
DA:98,9
DA:99,9
DA:100,9
DA:103,9
DA:106,1
DA:110,1
DA:111,1
DA:115,1
DA:118,1
DA:119,1
DA:120,1
DA:121,1
DA:124,1
DA:125,0
DA:126,0
DA:127,0
DA:130,1
DA:132,0
DA:139,1
DA:140,1
DA:141,0
DA:142,0
DA:144,0
DA:145,0
DA:147,0
DA:148,0
DA:150,0
DA:151,0
DA:153,0
DA:156,1
DA:160,1
DA:161,1
DA:162,1
DA:164,1
DA:169,1
DA:173,1
DA:175,1
DA:176,1
DA:179,1
DA:180,1
DA:181,1
DA:183,1
DA:188,1
DA:192,1
DA:194,1
DA:195,1
DA:198,1
DA:199,1
DA:200,1
DA:202,1
DA:207,1
DA:212,0
DA:213,0
DA:220,0
DA:221,0
DA:222,0
DA:224,0
DA:228,0
DA:229,0
DA:231,0
DA:237,0
DA:238,0
DA:239,0
DA:241,0
DA:246,0
DA:252,0
DA:253,0
DA:254,0
DA:255,0
DA:256,0
DA:260,0
DA:262,0
DA:263,0
DA:265,0
DA:271,0
DA:275,0
DA:282,0
DA:283,0
DA:300,0
DA:301,0
DA:303,0
DA:304,0
DA:305,0
DA:307,0
DA:311,1
DA:312,1
DA:315,1
DA:316,0
DA:317,0
DA:319,0
DA:322,1
DA:326,1
DA:328,1
DA:329,1
DA:330,1
DA:333,1
DA:336,1
DA:337,1
DA:338,1
DA:339,1
DA:342,1
DA:343,1
DA:344,1
DA:350,1
DA:371,1
DA:374,1
DA:387,1
DA:389,0
DA:390,0
DA:391,0
DA:393,0
DA:395,1
DA:397,1
DA:398,1
DA:400,1
DA:402,0
DA:406,1
DA:407,0
DA:411,1
DA:414,1
DA:418,1
DA:419,1
DA:424,1
DA:425,1
DA:426,0
DA:430,1
DA:431,2
DA:432,0
DA:434,2
DA:439,1
DA:440,0
DA:443,1
DA:444,0
DA:448,1
DA:449,1
DA:453,1
DA:454,1
DA:455,0
DA:458,1
DA:459,1
DA:461,1
DA:465,1
DA:466,1
DA:467,0
DA:470,1
DA:471,1
DA:473,1
DA:478,0
DA:479,0
DA:480,0
DA:483,0
DA:484,0
DA:487,0
DA:490,0
DA:491,0
DA:493,0
DA:498,0
DA:499,0
DA:500,0
DA:503,0
DA:504,0
DA:505,0
DA:507,0
DA:512,1
DA:514,1
DA:515,1
DA:516,0
DA:520,1
DA:527,1
DA:528,0
DA:531,1
DA:532,1
DA:535,1
DA:540,0
DA:541,0
DA:542,0
DA:545,0
DA:546,0
DA:549,0
DA:550,0
DA:553,0
DA:555,0
DA:560,0
DA:561,0
DA:562,0
DA:565,0
DA:568,0
DA:569,0
DA:573,0
DA:574,0
DA:578,0
DA:579,0
DA:580,0
DA:583,0
DA:584,0
DA:586,0
DA:589,0
DA:591,0
DA:598,0
DA:599,0
DA:602,0
DA:609,0
DA:611,0
DA:616,0
DA:617,0
DA:618,0
DA:621,0
DA:624,0
DA:625,0
DA:626,0
DA:628,0
DA:632,0
DA:634,0
DA:640,0
DA:641,0
DA:643,0
DA:648,0
DA:653,0
DA:659,0
DA:660,0
DA:663,0
DA:664,0
DA:669,0
DA:670,0
DA:671,0
DA:674,0
DA:675,0
DA:676,0
DA:678,0
DA:684,0
DA:689,0
DA:694,0
DA:699,0
DA:704,1
DA:706,1
DA:707,1
DA:708,0
DA:712,1
DA:720,1
DA:721,0
DA:725,1
DA:726,1
DA:729,1
DA:734,0
DA:735,0
DA:736,0
DA:739,0
DA:740,0
DA:741,0
DA:742,0
DA:746,0
DA:747,0
DA:749,0
DA:751,0
DA:756,1
DA:757,1
DA:758,0
DA:761,1
DA:764,1
DA:765,1
DA:767,1
DA:776,0
DA:780,0
DA:784,0
DA:788,0
DA:792,0
DA:796,0
DA:800,0
DA:804,0
DA:805,0
DA:811,0
DA:815,0
DA:819,0
DA:825,0
DA:831,0
DA:837,0
DA:838,0
DA:845,0
DA:851,0
DA:857,0
DA:862,1
LF:326
LH:144
BRDA:7,0,0,0
BRDA:7,0,1,31
BRDA:12,1,0,0
BRDA:12,1,1,5
BRDA:18,2,0,0
BRDA:18,2,1,0
BRDA:18,3,0,0
BRDA:18,3,1,0
BRDA:23,4,0,0
BRDA:23,4,1,4
BRDA:23,5,0,4
BRDA:23,5,1,4
BRDA:29,6,0,0
BRDA:29,6,1,1
BRDA:31,7,0,1
BRDA:31,7,1,0
BRDA:32,8,0,1
BRDA:32,8,1,0
BRDA:34,9,0,1
BRDA:34,9,1,0
BRDA:42,10,0,0
BRDA:42,10,1,0
BRDA:44,11,0,0
BRDA:44,11,1,0
BRDA:45,12,0,0
BRDA:45,12,1,0
BRDA:47,13,0,0
BRDA:47,13,1,0
BRDA:55,14,0,0
BRDA:55,14,1,3
BRDA:57,15,0,3
BRDA:57,15,1,0
BRDA:58,16,0,3
BRDA:58,16,1,0
BRDA:60,17,0,3
BRDA:60,17,1,0
BRDA:69,18,0,0
BRDA:69,18,1,9
BRDA:72,19,0,9
BRDA:72,19,1,0
BRDA:75,20,0,9
BRDA:75,20,1,0
BRDA:78,21,0,9
BRDA:78,21,1,0
BRDA:83,22,0,0
BRDA:83,22,1,9
BRDA:83,23,0,9
BRDA:83,23,1,0
BRDA:89,24,0,9
BRDA:89,24,1,0
BRDA:89,25,0,9
BRDA:89,25,1,9
BRDA:92,26,0,8
BRDA:92,26,1,0
BRDA:98,27,0,9
BRDA:98,27,1,0
BRDA:98,28,0,9
BRDA:98,28,1,9
BRDA:114,29,0,0
BRDA:114,30,0,1
BRDA:114,31,0,1
BRDA:118,32,0,1
BRDA:118,32,1,0
BRDA:119,33,0,0
BRDA:119,33,1,1
BRDA:120,34,0,1
BRDA:120,34,1,0
BRDA:120,35,0,1
BRDA:120,35,1,1
BRDA:124,36,0,0
BRDA:124,36,1,1
BRDA:124,37,0,1
BRDA:124,37,1,1
BRDA:126,38,0,0
BRDA:126,38,1,0
BRDA:127,39,0,0
BRDA:127,39,1,0
BRDA:130,40,0,0
BRDA:130,40,1,1
BRDA:140,41,0,0
BRDA:140,41,1,1
BRDA:141,42,0,0
BRDA:141,42,1,0
BRDA:142,43,0,0
BRDA:142,43,1,0
BRDA:142,43,2,0
BRDA:142,43,3,0
BRDA:160,44,0,1
BRDA:160,44,1,1
BRDA:161,45,0,1
BRDA:161,45,1,1
BRDA:172,46,0,1
BRDA:175,47,0,1
BRDA:175,47,1,0
BRDA:175,48,0,1
BRDA:175,48,1,1
BRDA:179,49,0,1
BRDA:179,49,1,1
BRDA:180,50,0,1
BRDA:180,50,1,1
BRDA:191,51,0,1
BRDA:194,52,0,1
BRDA:194,52,1,0
BRDA:194,53,0,1
BRDA:194,53,1,1
BRDA:198,54,0,1
BRDA:198,54,1,1
BRDA:199,55,0,1
BRDA:199,55,1,1
BRDA:213,56,0,0
BRDA:213,56,1,0
BRDA:221,57,0,0
BRDA:221,57,1,0
BRDA:222,58,0,0
BRDA:222,58,1,0
BRDA:222,59,0,0
BRDA:222,59,1,0
BRDA:229,60,0,0
BRDA:229,60,1,0
BRDA:229,61,0,0
BRDA:229,61,1,0
BRDA:238,62,0,0
BRDA:238,62,1,0
BRDA:239,63,0,0
BRDA:239,63,1,0
BRDA:239,64,0,0
BRDA:239,64,1,0
BRDA:255,65,0,0
BRDA:255,65,1,0
BRDA:255,66,0,0
BRDA:255,66,1,0
BRDA:255,66,2,0
BRDA:262,67,0,0
BRDA:262,67,1,0
BRDA:265,68,0,0
BRDA:265,68,1,0
BRDA:301,69,0,0
BRDA:301,69,1,0
BRDA:305,70,0,0
BRDA:305,70,1,0
BRDA:312,71,0,0
BRDA:312,71,1,1
BRDA:316,72,0,0
BRDA:316,72,1,0
BRDA:328,73,0,1
BRDA:328,73,1,0
BRDA:328,74,0,1
BRDA:328,74,1,1
BRDA:339,75,0,1
BRDA:339,75,1,0
BRDA:339,76,0,1
BRDA:339,76,1,1
BRDA:339,76,2,1
BRDA:339,76,3,1
BRDA:383,77,0,0
BRDA:383,77,1,1
BRDA:387,78,0,0
BRDA:387,78,1,1
BRDA:390,79,0,0
BRDA:390,79,1,0
BRDA:390,80,0,0
BRDA:390,80,1,0
BRDA:395,81,0,1
BRDA:395,81,1,0
BRDA:397,82,0,1
BRDA:397,82,1,0
BRDA:406,83,0,0
BRDA:406,83,1,1
BRDA:406,84,0,1
BRDA:406,84,1,0
BRDA:414,85,0,0
BRDA:414,85,1,1
BRDA:425,86,0,0
BRDA:425,86,1,1
BRDA:431,87,0,0
BRDA:431,87,1,2
BRDA:431,88,0,2
BRDA:431,88,1,0
BRDA:439,89,0,0
BRDA:439,89,1,1
BRDA:443,90,0,0
BRDA:443,90,1,1
BRDA:454,91,0,0
BRDA:454,91,1,1
BRDA:466,92,0,0
BRDA:466,92,1,1
BRDA:470,93,0,1
BRDA:470,93,1,0
BRDA:479,94,0,0
BRDA:479,94,1,0
BRDA:499,95,0,0
BRDA:499,95,1,0
BRDA:515,96,0,0
BRDA:515,96,1,1
BRDA:527,97,0,0
BRDA:527,97,1,1
BRDA:541,98,0,0
BRDA:541,98,1,0
BRDA:549,99,0,0
BRDA:549,99,1,0
BRDA:549,100,0,0
BRDA:549,100,1,0
BRDA:561,101,0,0
BRDA:561,101,1,0
BRDA:568,102,0,0
BRDA:568,102,1,0
BRDA:573,103,0,0
BRDA:573,103,1,0
BRDA:583,104,0,0
BRDA:583,104,1,0
BRDA:598,105,0,0
BRDA:598,105,1,0
BRDA:603,106,0,0
BRDA:603,106,1,0
BRDA:617,107,0,0
BRDA:617,107,1,0
BRDA:625,108,0,0
BRDA:625,108,1,0
BRDA:625,109,0,0
BRDA:625,109,1,0
BRDA:641,110,0,0
BRDA:641,110,1,0
BRDA:660,111,0,0
BRDA:660,111,1,0
BRDA:660,112,0,0
BRDA:660,112,1,0
BRDA:660,112,2,0
BRDA:660,112,3,0
BRDA:670,113,0,0
BRDA:670,113,1,0
BRDA:707,114,0,0
BRDA:707,114,1,1
BRDA:720,115,0,0
BRDA:720,115,1,1
BRDA:735,116,0,0
BRDA:735,116,1,0
BRDA:741,117,0,0
BRDA:741,117,1,0
BRDA:757,118,0,0
BRDA:757,118,1,1
BRDA:780,119,0,0
BRDA:780,119,1,0
BRDA:804,120,0,0
BRDA:804,120,1,0
BRDA:815,121,0,0
BRDA:815,121,1,0
BRDA:837,122,0,0
BRDA:837,122,1,0
BRDA:837,123,0,0
BRDA:837,123,1,0
BRF:250
BRH:87
end_of_record
TN:
SF:graphql\typeDefs\orderTypeDefs.js
FNF:0
FNH:0
DA:1,1
DA:3,1
DA:405,1
LF:3
LH:3
BRF:0
BRH:0
end_of_record
TN:
SF:models\Order.js
FN:47,(anonymous_0)
FN:80,(anonymous_1)
FN:85,(anonymous_2)
FN:128,(anonymous_3)
FN:157,(anonymous_4)
FN:222,(anonymous_5)
FN:236,(anonymous_6)
FN:254,(anonymous_7)
FN:290,(anonymous_8)
FN:325,(anonymous_9)
FN:335,(anonymous_10)
FN:357,(anonymous_11)
FN:395,(anonymous_12)
FN:405,(anonymous_13)
FN:441,(anonymous_14)
FN:456,(anonymous_15)
FN:466,(anonymous_16)
FN:499,(anonymous_17)
FN:509,(anonymous_18)
FN:525,(anonymous_19)
FN:539,(anonymous_20)
FN:553,(anonymous_21)
FN:555,(anonymous_22)
FN:568,(anonymous_23)
FN:574,(anonymous_24)
FN:595,(anonymous_25)
FN:604,(anonymous_26)
FN:609,(anonymous_27)
FN:613,(anonymous_28)
FN:619,(anonymous_29)
FN:628,(anonymous_30)
FNF:31
FNH:26
FNDA:3,(anonymous_0)
FNDA:0,(anonymous_1)
FNDA:4,(anonymous_2)
FNDA:11,(anonymous_3)
FNDA:11,(anonymous_4)
FNDA:40,(anonymous_5)
FNDA:0,(anonymous_6)
FNDA:4,(anonymous_7)
FNDA:116,(anonymous_8)
FNDA:61,(anonymous_9)
FNDA:61,(anonymous_10)
FNDA:0,(anonymous_11)
FNDA:62,(anonymous_12)
FNDA:62,(anonymous_13)
FNDA:62,(anonymous_14)
FNDA:62,(anonymous_15)
FNDA:64,(anonymous_16)
FNDA:109,(anonymous_17)
FNDA:4,(anonymous_18)
FNDA:1,(anonymous_19)
FNDA:3,(anonymous_20)
FNDA:1,(anonymous_21)
FNDA:1,(anonymous_22)
FNDA:25,(anonymous_23)
FNDA:4,(anonymous_24)
FNDA:5,(anonymous_25)
FNDA:0,(anonymous_26)
FNDA:6,(anonymous_27)
FNDA:3,(anonymous_28)
FNDA:2,(anonymous_29)
FNDA:0,(anonymous_30)
DA:1,2
DA:4,2
DA:17,2
DA:28,2
DA:37,2
DA:49,3
DA:80,2
DA:81,0
DA:85,2
DA:86,4
DA:87,4
DA:89,4
DA:93,2
DA:129,11
DA:157,2
DA:158,11
DA:160,11
DA:161,0
DA:165,11
DA:166,1
DA:170,11
DA:171,3
DA:174,11
DA:178,2
DA:222,2
DA:223,40
DA:226,40
DA:227,26
DA:228,26
DA:229,26
DA:232,40
DA:236,2
DA:237,0
DA:238,0
DA:240,0
DA:241,0
DA:242,0
DA:243,0
DA:246,0
DA:247,0
DA:250,0
DA:254,2
DA:256,4
DA:259,4
DA:261,0
DA:262,0
DA:265,4
DA:269,2
DA:291,116
DA:326,61
DA:336,61
DA:357,2
DA:358,0
DA:359,0
DA:360,0
DA:361,0
DA:362,0
DA:363,0
DA:367,2
DA:396,62
DA:406,62
DA:442,62
DA:457,62
DA:467,64
DA:499,2
DA:500,109
DA:503,109
DA:504,27
DA:508,109
DA:509,4
DA:510,3
DA:513,3
DA:514,3
DA:517,0
DA:521,109
DA:525,2
DA:526,1
DA:530,2
DA:532,2
DA:534,2
DA:536,2
DA:539,2
DA:541,3
DA:547,3
DA:550,3
DA:553,2
DA:555,1
DA:557,1
DA:558,0
DA:562,1
DA:565,1
DA:568,2
DA:570,25
DA:571,25
DA:574,2
DA:576,4
DA:578,4
DA:579,0
DA:582,4
DA:583,0
DA:587,4
DA:590,4
DA:591,4
DA:592,4
DA:595,4
DA:596,5
DA:597,1
DA:601,4
DA:604,2
DA:605,0
DA:606,0
DA:609,2
DA:610,6
DA:611,6
DA:612,6
DA:613,6
DA:614,3
DA:616,6
DA:619,2
DA:620,2
DA:621,2
DA:622,2
DA:626,2
DA:629,0
DA:630,0
DA:634,2
DA:636,2
LF:127
LH:100
BRDA:49,0,0,3
BRDA:49,0,1,1
BRDA:81,1,0,0
BRDA:81,1,1,0
BRDA:86,2,0,4
BRDA:86,2,1,0
BRDA:86,3,0,4
BRDA:86,3,1,0
BRDA:129,4,0,11
BRDA:129,4,1,4
BRDA:129,4,2,4
BRDA:160,5,0,0
BRDA:160,5,1,11
BRDA:165,6,0,1
BRDA:165,6,1,10
BRDA:165,7,0,11
BRDA:165,7,1,10
BRDA:165,7,2,4
BRDA:170,8,0,3
BRDA:170,8,1,8
BRDA:170,9,0,11
BRDA:170,9,1,10
BRDA:170,9,2,3
BRDA:226,10,0,26
BRDA:226,10,1,14
BRDA:226,11,0,40
BRDA:226,11,1,26
BRDA:241,12,0,0
BRDA:241,12,1,0
BRDA:242,13,0,0
BRDA:242,13,1,0
BRDA:243,14,0,0
BRDA:243,14,1,0
BRDA:246,15,0,0
BRDA:246,15,1,0
BRDA:246,16,0,0
BRDA:246,16,1,0
BRDA:247,17,0,0
BRDA:247,17,1,0
BRDA:256,18,0,0
BRDA:256,18,1,4
BRDA:259,19,0,0
BRDA:259,19,1,4
BRDA:259,20,0,4
BRDA:259,20,1,4
BRDA:326,21,0,61
BRDA:326,21,1,0
BRDA:326,21,2,0
BRDA:336,22,0,61
BRDA:336,22,1,0
BRDA:336,22,2,0
BRDA:359,23,0,0
BRDA:359,23,1,0
BRDA:361,24,0,0
BRDA:361,24,1,0
BRDA:396,25,0,62
BRDA:396,25,1,8
BRDA:406,26,0,62
BRDA:406,26,1,8
BRDA:442,27,0,62
BRDA:442,27,1,26
BRDA:467,28,0,64
BRDA:467,28,1,29
BRDA:503,29,0,27
BRDA:503,29,1,82
BRDA:503,30,0,109
BRDA:503,30,1,47
BRDA:503,30,2,27
BRDA:508,31,0,3
BRDA:508,31,1,106
BRDA:508,32,0,109
BRDA:508,32,1,109
BRDA:513,33,0,3
BRDA:513,33,1,0
BRDA:557,34,0,0
BRDA:557,34,1,1
BRDA:578,35,0,0
BRDA:578,35,1,4
BRDA:582,36,0,0
BRDA:582,36,1,4
BRDA:596,37,0,1
BRDA:596,37,1,4
BRDA:596,38,0,5
BRDA:596,38,1,1
BRDA:611,39,0,6
BRDA:611,39,1,0
BRDA:619,40,0,0
BRDA:621,41,0,2
BRDA:621,41,1,0
BRF:89
BRH:55
end_of_record
