{"C:\\Users\\Mohmmad\\Documents\\vsProject\\web\\SmartOrder\\Backend\\Restaurants\\graphql\\resolvers.js": {"path":"C:\\Users\\Mohmmad\\Documents\\vsProject\\web\\SmartOrder\\Backend\\Restaurants\\graphql\\resolvers.js","statementMap":{"0":{"start":{"line":1,"column":33},"end":{"line":1,"column":64}},"1":{"start":{"line":2,"column":48},"end":{"line":2,"column":80}},"2":{"start":{"line":4,"column":18},"end":{"line":343,"column":1}},"3":{"start":{"line":7,"column":6},"end":{"line":11,"column":7}},"4":{"start":{"line":8,"column":8},"end":{"line":8,"column":41}},"5":{"start":{"line":10,"column":8},"end":{"line":10,"column":73}},"6":{"start":{"line":15,"column":6},"end":{"line":23,"column":7}},"7":{"start":{"line":16,"column":27},"end":{"line":16,"column":56}},"8":{"start":{"line":17,"column":8},"end":{"line":19,"column":9}},"9":{"start":{"line":18,"column":10},"end":{"line":18,"column":59}},"10":{"start":{"line":20,"column":8},"end":{"line":20,"column":26}},"11":{"start":{"line":22,"column":8},"end":{"line":22,"column":72}},"12":{"start":{"line":27,"column":6},"end":{"line":35,"column":7}},"13":{"start":{"line":28,"column":27},"end":{"line":28,"column":66}},"14":{"start":{"line":29,"column":8},"end":{"line":31,"column":9}},"15":{"start":{"line":30,"column":10},"end":{"line":30,"column":59}},"16":{"start":{"line":32,"column":8},"end":{"line":32,"column":46}},"17":{"start":{"line":34,"column":8},"end":{"line":34,"column":75}},"18":{"start":{"line":39,"column":6},"end":{"line":47,"column":7}},"19":{"start":{"line":40,"column":27},"end":{"line":40,"column":66}},"20":{"start":{"line":41,"column":8},"end":{"line":43,"column":9}},"21":{"start":{"line":42,"column":10},"end":{"line":42,"column":59}},"22":{"start":{"line":44,"column":8},"end":{"line":44,"column":43}},"23":{"start":{"line":46,"column":8},"end":{"line":46,"column":72}},"24":{"start":{"line":51,"column":6},"end":{"line":59,"column":7}},"25":{"start":{"line":52,"column":27},"end":{"line":52,"column":60}},"26":{"start":{"line":53,"column":8},"end":{"line":55,"column":9}},"27":{"start":{"line":54,"column":10},"end":{"line":54,"column":58}},"28":{"start":{"line":56,"column":8},"end":{"line":56,"column":97}},"29":{"start":{"line":56,"column":50},"end":{"line":56,"column":95}},"30":{"start":{"line":58,"column":8},"end":{"line":58,"column":71}},"31":{"start":{"line":63,"column":6},"end":{"line":80,"column":7}},"32":{"start":{"line":64,"column":27},"end":{"line":64,"column":66}},"33":{"start":{"line":65,"column":8},"end":{"line":67,"column":9}},"34":{"start":{"line":66,"column":10},"end":{"line":66,"column":59}},"35":{"start":{"line":70,"column":30},"end":{"line":70,"column":39}},"36":{"start":{"line":71,"column":8},"end":{"line":75,"column":11}},"37":{"start":{"line":72,"column":10},"end":{"line":74,"column":13}},"38":{"start":{"line":73,"column":12},"end":{"line":73,"column":56}},"39":{"start":{"line":77,"column":8},"end":{"line":77,"column":69}},"40":{"start":{"line":77,"column":52},"end":{"line":77,"column":67}},"41":{"start":{"line":79,"column":8},"end":{"line":79,"column":72}},"42":{"start":{"line":86,"column":6},"end":{"line":103,"column":7}},"43":{"start":{"line":88,"column":35},"end":{"line":93,"column":10}},"44":{"start":{"line":95,"column":8},"end":{"line":97,"column":9}},"45":{"start":{"line":96,"column":10},"end":{"line":96,"column":86}},"46":{"start":{"line":99,"column":30},"end":{"line":99,"column":61}},"47":{"start":{"line":100,"column":8},"end":{"line":100,"column":42}},"48":{"start":{"line":102,"column":8},"end":{"line":102,"column":75}},"49":{"start":{"line":107,"column":6},"end":{"line":132,"column":7}},"50":{"start":{"line":108,"column":27},"end":{"line":108,"column":56}},"51":{"start":{"line":109,"column":8},"end":{"line":111,"column":9}},"52":{"start":{"line":110,"column":10},"end":{"line":110,"column":59}},"53":{"start":{"line":114,"column":8},"end":{"line":123,"column":9}},"54":{"start":{"line":115,"column":30},"end":{"line":118,"column":12}},"55":{"start":{"line":120,"column":10},"end":{"line":122,"column":11}},"56":{"start":{"line":121,"column":12},"end":{"line":121,"column":86}},"57":{"start":{"line":125,"column":8},"end":{"line":127,"column":11}},"58":{"start":{"line":126,"column":10},"end":{"line":126,"column":49}},"59":{"start":{"line":129,"column":8},"end":{"line":129,"column":39}},"60":{"start":{"line":131,"column":8},"end":{"line":131,"column":73}},"61":{"start":{"line":136,"column":6},"end":{"line":141,"column":7}},"62":{"start":{"line":137,"column":23},"end":{"line":137,"column":62}},"63":{"start":{"line":138,"column":8},"end":{"line":138,"column":39}},"64":{"start":{"line":140,"column":8},"end":{"line":140,"column":73}},"65":{"start":{"line":145,"column":6},"end":{"line":169,"column":7}},"66":{"start":{"line":146,"column":27},"end":{"line":146,"column":66}},"67":{"start":{"line":147,"column":8},"end":{"line":149,"column":9}},"68":{"start":{"line":148,"column":10},"end":{"line":148,"column":59}},"69":{"start":{"line":152,"column":28},"end":{"line":155,"column":9}},"70":{"start":{"line":157,"column":8},"end":{"line":157,"column":51}},"71":{"start":{"line":158,"column":8},"end":{"line":158,"column":32}},"72":{"start":{"line":160,"column":31},"end":{"line":160,"column":92}},"73":{"start":{"line":162,"column":8},"end":{"line":164,"column":9}},"74":{"start":{"line":163,"column":10},"end":{"line":163,"column":52}},"75":{"start":{"line":166,"column":8},"end":{"line":166,"column":30}},"76":{"start":{"line":168,"column":8},"end":{"line":168,"column":72}},"77":{"start":{"line":173,"column":6},"end":{"line":198,"column":7}},"78":{"start":{"line":174,"column":27},"end":{"line":174,"column":66}},"79":{"start":{"line":175,"column":8},"end":{"line":177,"column":9}},"80":{"start":{"line":176,"column":10},"end":{"line":176,"column":59}},"81":{"start":{"line":179,"column":33},"end":{"line":179,"column":103}},"82":{"start":{"line":179,"column":76},"end":{"line":179,"column":102}},"83":{"start":{"line":180,"column":8},"end":{"line":182,"column":9}},"84":{"start":{"line":181,"column":10},"end":{"line":181,"column":75}},"85":{"start":{"line":185,"column":35},"end":{"line":189,"column":9}},"86":{"start":{"line":192,"column":8},"end":{"line":192,"column":72}},"87":{"start":{"line":194,"column":8},"end":{"line":194,"column":32}},"88":{"start":{"line":195,"column":8},"end":{"line":195,"column":58}},"89":{"start":{"line":197,"column":8},"end":{"line":197,"column":75}},"90":{"start":{"line":202,"column":6},"end":{"line":219,"column":7}},"91":{"start":{"line":203,"column":27},"end":{"line":203,"column":66}},"92":{"start":{"line":204,"column":8},"end":{"line":206,"column":9}},"93":{"start":{"line":205,"column":10},"end":{"line":205,"column":61}},"94":{"start":{"line":208,"column":30},"end":{"line":208,"column":61}},"95":{"start":{"line":209,"column":8},"end":{"line":209,"column":103}},"96":{"start":{"line":209,"column":75},"end":{"line":209,"column":101}},"97":{"start":{"line":211,"column":8},"end":{"line":213,"column":9}},"98":{"start":{"line":212,"column":10},"end":{"line":212,"column":23}},"99":{"start":{"line":215,"column":8},"end":{"line":215,"column":32}},"100":{"start":{"line":216,"column":8},"end":{"line":216,"column":20}},"101":{"start":{"line":218,"column":8},"end":{"line":218,"column":75}},"102":{"start":{"line":223,"column":6},"end":{"line":248,"column":7}},"103":{"start":{"line":224,"column":27},"end":{"line":224,"column":66}},"104":{"start":{"line":225,"column":8},"end":{"line":227,"column":9}},"105":{"start":{"line":226,"column":10},"end":{"line":226,"column":59}},"106":{"start":{"line":229,"column":25},"end":{"line":229,"column":124}},"107":{"start":{"line":229,"column":68},"end":{"line":229,"column":85}},"108":{"start":{"line":229,"column":99},"end":{"line":229,"column":123}},"109":{"start":{"line":231,"column":8},"end":{"line":233,"column":9}},"110":{"start":{"line":232,"column":10},"end":{"line":232,"column":23}},"111":{"start":{"line":235,"column":33},"end":{"line":239,"column":21}},"112":{"start":{"line":236,"column":10},"end":{"line":238,"column":13}},"113":{"start":{"line":237,"column":12},"end":{"line":237,"column":80}},"114":{"start":{"line":241,"column":8},"end":{"line":243,"column":9}},"115":{"start":{"line":242,"column":10},"end":{"line":242,"column":22}},"116":{"start":{"line":245,"column":8},"end":{"line":245,"column":21}},"117":{"start":{"line":247,"column":8},"end":{"line":247,"column":74}},"118":{"start":{"line":252,"column":6},"end":{"line":264,"column":7}},"119":{"start":{"line":253,"column":27},"end":{"line":253,"column":66}},"120":{"start":{"line":254,"column":8},"end":{"line":256,"column":9}},"121":{"start":{"line":255,"column":10},"end":{"line":255,"column":59}},"122":{"start":{"line":258,"column":8},"end":{"line":258,"column":50}},"123":{"start":{"line":259,"column":8},"end":{"line":259,"column":32}},"124":{"start":{"line":261,"column":8},"end":{"line":261,"column":29}},"125":{"start":{"line":263,"column":8},"end":{"line":263,"column":69}},"126":{"start":{"line":268,"column":6},"end":{"line":289,"column":7}},"127":{"start":{"line":269,"column":27},"end":{"line":269,"column":66}},"128":{"start":{"line":270,"column":8},"end":{"line":272,"column":9}},"129":{"start":{"line":271,"column":10},"end":{"line":271,"column":58}},"130":{"start":{"line":274,"column":30},"end":{"line":274,"column":97}},"131":{"start":{"line":274,"column":70},"end":{"line":274,"column":96}},"132":{"start":{"line":275,"column":8},"end":{"line":277,"column":9}},"133":{"start":{"line":276,"column":10},"end":{"line":276,"column":58}},"134":{"start":{"line":280,"column":8},"end":{"line":283,"column":10}},"135":{"start":{"line":285,"column":8},"end":{"line":285,"column":32}},"136":{"start":{"line":286,"column":8},"end":{"line":286,"column":52}},"137":{"start":{"line":288,"column":8},"end":{"line":288,"column":72}},"138":{"start":{"line":293,"column":6},"end":{"line":310,"column":7}},"139":{"start":{"line":294,"column":27},"end":{"line":294,"column":66}},"140":{"start":{"line":295,"column":8},"end":{"line":297,"column":9}},"141":{"start":{"line":296,"column":10},"end":{"line":296,"column":59}},"142":{"start":{"line":299,"column":30},"end":{"line":299,"column":58}},"143":{"start":{"line":300,"column":8},"end":{"line":300,"column":97}},"144":{"start":{"line":300,"column":69},"end":{"line":300,"column":95}},"145":{"start":{"line":302,"column":8},"end":{"line":304,"column":9}},"146":{"start":{"line":303,"column":10},"end":{"line":303,"column":23}},"147":{"start":{"line":306,"column":8},"end":{"line":306,"column":32}},"148":{"start":{"line":307,"column":8},"end":{"line":307,"column":20}},"149":{"start":{"line":309,"column":8},"end":{"line":309,"column":72}},"150":{"start":{"line":314,"column":6},"end":{"line":319,"column":7}},"151":{"start":{"line":315,"column":25},"end":{"line":315,"column":61}},"152":{"start":{"line":316,"column":8},"end":{"line":316,"column":24}},"153":{"start":{"line":318,"column":8},"end":{"line":318,"column":68}},"154":{"start":{"line":323,"column":6},"end":{"line":328,"column":7}},"155":{"start":{"line":324,"column":25},"end":{"line":324,"column":91}},"156":{"start":{"line":325,"column":8},"end":{"line":325,"column":24}},"157":{"start":{"line":327,"column":8},"end":{"line":327,"column":71}},"158":{"start":{"line":332,"column":6},"end":{"line":340,"column":7}},"159":{"start":{"line":333,"column":25},"end":{"line":333,"column":61}},"160":{"start":{"line":334,"column":8},"end":{"line":336,"column":9}},"161":{"start":{"line":335,"column":10},"end":{"line":335,"column":57}},"162":{"start":{"line":337,"column":8},"end":{"line":337,"column":20}},"163":{"start":{"line":339,"column":8},"end":{"line":339,"column":71}},"164":{"start":{"line":345,"column":0},"end":{"line":345,"column":27}}},"fnMap":{"0":{"name":"(anonymous_0)","decl":{"start":{"line":6,"column":17},"end":{"line":6,"column":18}},"loc":{"start":{"line":6,"column":29},"end":{"line":12,"column":5}},"line":6},"1":{"name":"(anonymous_1)","decl":{"start":{"line":14,"column":16},"end":{"line":14,"column":17}},"loc":{"start":{"line":14,"column":37},"end":{"line":24,"column":5}},"line":14},"2":{"name":"(anonymous_2)","decl":{"start":{"line":26,"column":18},"end":{"line":26,"column":19}},"loc":{"start":{"line":26,"column":49},"end":{"line":36,"column":5}},"line":26},"3":{"name":"(anonymous_3)","decl":{"start":{"line":38,"column":15},"end":{"line":38,"column":16}},"loc":{"start":{"line":38,"column":46},"end":{"line":48,"column":5}},"line":38},"4":{"name":"(anonymous_4)","decl":{"start":{"line":50,"column":14},"end":{"line":50,"column":15}},"loc":{"start":{"line":50,"column":39},"end":{"line":60,"column":5}},"line":50},"5":{"name":"(anonymous_5)","decl":{"start":{"line":56,"column":42},"end":{"line":56,"column":43}},"loc":{"start":{"line":56,"column":50},"end":{"line":56,"column":95}},"line":56},"6":{"name":"(anonymous_6)","decl":{"start":{"line":62,"column":16},"end":{"line":62,"column":17}},"loc":{"start":{"line":62,"column":47},"end":{"line":81,"column":5}},"line":62},"7":{"name":"(anonymous_7)","decl":{"start":{"line":71,"column":38},"end":{"line":71,"column":39}},"loc":{"start":{"line":71,"column":46},"end":{"line":75,"column":9}},"line":71},"8":{"name":"(anonymous_8)","decl":{"start":{"line":72,"column":34},"end":{"line":72,"column":35}},"loc":{"start":{"line":72,"column":46},"end":{"line":74,"column":11}},"line":72},"9":{"name":"(anonymous_9)","decl":{"start":{"line":77,"column":45},"end":{"line":77,"column":46}},"loc":{"start":{"line":77,"column":52},"end":{"line":77,"column":67}},"line":77},"10":{"name":"(anonymous_10)","decl":{"start":{"line":85,"column":24},"end":{"line":85,"column":25}},"loc":{"start":{"line":85,"column":58},"end":{"line":104,"column":5}},"line":85},"11":{"name":"(anonymous_11)","decl":{"start":{"line":106,"column":22},"end":{"line":106,"column":23}},"loc":{"start":{"line":106,"column":60},"end":{"line":133,"column":5}},"line":106},"12":{"name":"(anonymous_12)","decl":{"start":{"line":125,"column":45},"end":{"line":125,"column":46}},"loc":{"start":{"line":125,"column":52},"end":{"line":127,"column":9}},"line":125},"13":{"name":"(anonymous_13)","decl":{"start":{"line":135,"column":22},"end":{"line":135,"column":23}},"loc":{"start":{"line":135,"column":43},"end":{"line":142,"column":5}},"line":135},"14":{"name":"(anonymous_14)","decl":{"start":{"line":144,"column":20},"end":{"line":144,"column":21}},"loc":{"start":{"line":144,"column":69},"end":{"line":170,"column":5}},"line":144},"15":{"name":"(anonymous_15)","decl":{"start":{"line":172,"column":23},"end":{"line":172,"column":24}},"loc":{"start":{"line":172,"column":76},"end":{"line":199,"column":5}},"line":172},"16":{"name":"(anonymous_16)","decl":{"start":{"line":179,"column":68},"end":{"line":179,"column":69}},"loc":{"start":{"line":179,"column":76},"end":{"line":179,"column":102}},"line":179},"17":{"name":"(anonymous_17)","decl":{"start":{"line":201,"column":23},"end":{"line":201,"column":24}},"loc":{"start":{"line":201,"column":58},"end":{"line":220,"column":5}},"line":201},"18":{"name":"(anonymous_18)","decl":{"start":{"line":209,"column":67},"end":{"line":209,"column":68}},"loc":{"start":{"line":209,"column":75},"end":{"line":209,"column":101}},"line":209},"19":{"name":"(anonymous_19)","decl":{"start":{"line":222,"column":32},"end":{"line":222,"column":33}},"loc":{"start":{"line":222,"column":84},"end":{"line":249,"column":5}},"line":222},"20":{"name":"(anonymous_20)","decl":{"start":{"line":229,"column":57},"end":{"line":229,"column":58}},"loc":{"start":{"line":229,"column":68},"end":{"line":229,"column":85}},"line":229},"21":{"name":"(anonymous_21)","decl":{"start":{"line":229,"column":91},"end":{"line":229,"column":92}},"loc":{"start":{"line":229,"column":99},"end":{"line":229,"column":123}},"line":229},"22":{"name":"(anonymous_22)","decl":{"start":{"line":235,"column":49},"end":{"line":235,"column":50}},"loc":{"start":{"line":235,"column":60},"end":{"line":239,"column":9}},"line":235},"23":{"name":"(anonymous_23)","decl":{"start":{"line":236,"column":30},"end":{"line":236,"column":31}},"loc":{"start":{"line":236,"column":39},"end":{"line":238,"column":11}},"line":236},"24":{"name":"(anonymous_24)","decl":{"start":{"line":251,"column":17},"end":{"line":251,"column":18}},"loc":{"start":{"line":251,"column":63},"end":{"line":265,"column":5}},"line":251},"25":{"name":"(anonymous_25)","decl":{"start":{"line":267,"column":20},"end":{"line":267,"column":21}},"loc":{"start":{"line":267,"column":70},"end":{"line":290,"column":5}},"line":267},"26":{"name":"(anonymous_26)","decl":{"start":{"line":274,"column":62},"end":{"line":274,"column":63}},"loc":{"start":{"line":274,"column":70},"end":{"line":274,"column":96}},"line":274},"27":{"name":"(anonymous_27)","decl":{"start":{"line":292,"column":20},"end":{"line":292,"column":21}},"loc":{"start":{"line":292,"column":55},"end":{"line":311,"column":5}},"line":292},"28":{"name":"(anonymous_28)","decl":{"start":{"line":300,"column":61},"end":{"line":300,"column":62}},"loc":{"start":{"line":300,"column":69},"end":{"line":300,"column":95}},"line":300},"29":{"name":"(anonymous_29)","decl":{"start":{"line":313,"column":17},"end":{"line":313,"column":18}},"loc":{"start":{"line":313,"column":49},"end":{"line":320,"column":5}},"line":313},"30":{"name":"(anonymous_30)","decl":{"start":{"line":322,"column":20},"end":{"line":322,"column":21}},"loc":{"start":{"line":322,"column":56},"end":{"line":329,"column":5}},"line":322},"31":{"name":"(anonymous_31)","decl":{"start":{"line":331,"column":20},"end":{"line":331,"column":21}},"loc":{"start":{"line":331,"column":41},"end":{"line":341,"column":5}},"line":331}},"branchMap":{"0":{"loc":{"start":{"line":17,"column":8},"end":{"line":19,"column":9}},"type":"if","locations":[{"start":{"line":17,"column":8},"end":{"line":19,"column":9}},{"start":{},"end":{}}],"line":17},"1":{"loc":{"start":{"line":29,"column":8},"end":{"line":31,"column":9}},"type":"if","locations":[{"start":{"line":29,"column":8},"end":{"line":31,"column":9}},{"start":{},"end":{}}],"line":29},"2":{"loc":{"start":{"line":32,"column":15},"end":{"line":32,"column":45}},"type":"binary-expr","locations":[{"start":{"line":32,"column":15},"end":{"line":32,"column":39}},{"start":{"line":32,"column":43},"end":{"line":32,"column":45}}],"line":32},"3":{"loc":{"start":{"line":41,"column":8},"end":{"line":43,"column":9}},"type":"if","locations":[{"start":{"line":41,"column":8},"end":{"line":43,"column":9}},{"start":{},"end":{}}],"line":41},"4":{"loc":{"start":{"line":44,"column":15},"end":{"line":44,"column":42}},"type":"binary-expr","locations":[{"start":{"line":44,"column":15},"end":{"line":44,"column":36}},{"start":{"line":44,"column":40},"end":{"line":44,"column":42}}],"line":44},"5":{"loc":{"start":{"line":53,"column":8},"end":{"line":55,"column":9}},"type":"if","locations":[{"start":{"line":53,"column":8},"end":{"line":55,"column":9}},{"start":{},"end":{}}],"line":53},"6":{"loc":{"start":{"line":65,"column":8},"end":{"line":67,"column":9}},"type":"if","locations":[{"start":{"line":65,"column":8},"end":{"line":67,"column":9}},{"start":{},"end":{}}],"line":65},"7":{"loc":{"start":{"line":95,"column":8},"end":{"line":97,"column":9}},"type":"if","locations":[{"start":{"line":95,"column":8},"end":{"line":97,"column":9}},{"start":{},"end":{}}],"line":95},"8":{"loc":{"start":{"line":109,"column":8},"end":{"line":111,"column":9}},"type":"if","locations":[{"start":{"line":109,"column":8},"end":{"line":111,"column":9}},{"start":{},"end":{}}],"line":109},"9":{"loc":{"start":{"line":114,"column":8},"end":{"line":123,"column":9}},"type":"if","locations":[{"start":{"line":114,"column":8},"end":{"line":123,"column":9}},{"start":{},"end":{}}],"line":114},"10":{"loc":{"start":{"line":114,"column":12},"end":{"line":114,"column":79}},"type":"binary-expr","locations":[{"start":{"line":114,"column":12},"end":{"line":114,"column":33}},{"start":{"line":114,"column":37},"end":{"line":114,"column":79}}],"line":114},"11":{"loc":{"start":{"line":120,"column":10},"end":{"line":122,"column":11}},"type":"if","locations":[{"start":{"line":120,"column":10},"end":{"line":122,"column":11}},{"start":{},"end":{}}],"line":120},"12":{"loc":{"start":{"line":147,"column":8},"end":{"line":149,"column":9}},"type":"if","locations":[{"start":{"line":147,"column":8},"end":{"line":149,"column":9}},{"start":{},"end":{}}],"line":147},"13":{"loc":{"start":{"line":154,"column":16},"end":{"line":154,"column":43}},"type":"binary-expr","locations":[{"start":{"line":154,"column":16},"end":{"line":154,"column":37}},{"start":{"line":154,"column":41},"end":{"line":154,"column":43}}],"line":154},"14":{"loc":{"start":{"line":162,"column":8},"end":{"line":164,"column":9}},"type":"if","locations":[{"start":{"line":162,"column":8},"end":{"line":164,"column":9}},{"start":{},"end":{}}],"line":162},"15":{"loc":{"start":{"line":175,"column":8},"end":{"line":177,"column":9}},"type":"if","locations":[{"start":{"line":175,"column":8},"end":{"line":177,"column":9}},{"start":{},"end":{}}],"line":175},"16":{"loc":{"start":{"line":180,"column":8},"end":{"line":182,"column":9}},"type":"if","locations":[{"start":{"line":180,"column":8},"end":{"line":182,"column":9}},{"start":{},"end":{}}],"line":180},"17":{"loc":{"start":{"line":188,"column":16},"end":{"line":188,"column":94}},"type":"binary-expr","locations":[{"start":{"line":188,"column":16},"end":{"line":188,"column":37}},{"start":{"line":188,"column":41},"end":{"line":188,"column":88}},{"start":{"line":188,"column":92},"end":{"line":188,"column":94}}],"line":188},"18":{"loc":{"start":{"line":204,"column":8},"end":{"line":206,"column":9}},"type":"if","locations":[{"start":{"line":204,"column":8},"end":{"line":206,"column":9}},{"start":{},"end":{}}],"line":204},"19":{"loc":{"start":{"line":211,"column":8},"end":{"line":213,"column":9}},"type":"if","locations":[{"start":{"line":211,"column":8},"end":{"line":213,"column":9}},{"start":{},"end":{}}],"line":211},"20":{"loc":{"start":{"line":225,"column":8},"end":{"line":227,"column":9}},"type":"if","locations":[{"start":{"line":225,"column":8},"end":{"line":227,"column":9}},{"start":{},"end":{}}],"line":225},"21":{"loc":{"start":{"line":231,"column":8},"end":{"line":233,"column":9}},"type":"if","locations":[{"start":{"line":231,"column":8},"end":{"line":233,"column":9}},{"start":{},"end":{}}],"line":231},"22":{"loc":{"start":{"line":237,"column":19},"end":{"line":237,"column":79}},"type":"binary-expr","locations":[{"start":{"line":237,"column":19},"end":{"line":237,"column":46}},{"start":{"line":237,"column":50},"end":{"line":237,"column":79}}],"line":237},"23":{"loc":{"start":{"line":241,"column":8},"end":{"line":243,"column":9}},"type":"if","locations":[{"start":{"line":241,"column":8},"end":{"line":243,"column":9}},{"start":{},"end":{}}],"line":241},"24":{"loc":{"start":{"line":254,"column":8},"end":{"line":256,"column":9}},"type":"if","locations":[{"start":{"line":254,"column":8},"end":{"line":256,"column":9}},{"start":{},"end":{}}],"line":254},"25":{"loc":{"start":{"line":270,"column":8},"end":{"line":272,"column":9}},"type":"if","locations":[{"start":{"line":270,"column":8},"end":{"line":272,"column":9}},{"start":{},"end":{}}],"line":270},"26":{"loc":{"start":{"line":275,"column":8},"end":{"line":277,"column":9}},"type":"if","locations":[{"start":{"line":275,"column":8},"end":{"line":277,"column":9}},{"start":{},"end":{}}],"line":275},"27":{"loc":{"start":{"line":295,"column":8},"end":{"line":297,"column":9}},"type":"if","locations":[{"start":{"line":295,"column":8},"end":{"line":297,"column":9}},{"start":{},"end":{}}],"line":295},"28":{"loc":{"start":{"line":302,"column":8},"end":{"line":304,"column":9}},"type":"if","locations":[{"start":{"line":302,"column":8},"end":{"line":304,"column":9}},{"start":{},"end":{}}],"line":302},"29":{"loc":{"start":{"line":334,"column":8},"end":{"line":336,"column":9}},"type":"if","locations":[{"start":{"line":334,"column":8},"end":{"line":336,"column":9}},{"start":{},"end":{}}],"line":334}},"s":{"0":1,"1":1,"2":1,"3":1,"4":1,"5":0,"6":2,"7":2,"8":2,"9":1,"10":1,"11":1,"12":1,"13":1,"14":1,"15":0,"16":1,"17":0,"18":1,"19":1,"20":1,"21":0,"22":1,"23":0,"24":0,"25":0,"26":0,"27":0,"28":0,"29":0,"30":0,"31":0,"32":0,"33":0,"34":0,"35":0,"36":0,"37":0,"38":0,"39":0,"40":0,"41":0,"42":2,"43":2,"44":2,"45":1,"46":1,"47":1,"48":1,"49":1,"50":1,"51":1,"52":0,"53":1,"54":0,"55":0,"56":0,"57":1,"58":10,"59":1,"60":0,"61":1,"62":1,"63":1,"64":0,"65":1,"66":1,"67":1,"68":0,"69":1,"70":1,"71":1,"72":1,"73":1,"74":0,"75":1,"76":0,"77":1,"78":1,"79":1,"80":0,"81":1,"82":1,"83":1,"84":0,"85":1,"86":1,"87":1,"88":1,"89":0,"90":1,"91":1,"92":1,"93":0,"94":1,"95":1,"96":1,"97":1,"98":0,"99":1,"100":1,"101":0,"102":2,"103":2,"104":2,"105":0,"106":2,"107":2,"108":2,"109":2,"110":0,"111":2,"112":2,"113":2,"114":2,"115":1,"116":1,"117":0,"118":1,"119":1,"120":1,"121":0,"122":1,"123":1,"124":1,"125":0,"126":1,"127":1,"128":1,"129":0,"130":1,"131":1,"132":1,"133":0,"134":1,"135":1,"136":1,"137":0,"138":1,"139":1,"140":1,"141":0,"142":1,"143":1,"144":1,"145":1,"146":0,"147":1,"148":1,"149":0,"150":1,"151":1,"152":1,"153":0,"154":1,"155":1,"156":1,"157":0,"158":1,"159":1,"160":1,"161":0,"162":1,"163":0,"164":1},"f":{"0":1,"1":2,"2":1,"3":1,"4":0,"5":0,"6":0,"7":0,"8":0,"9":0,"10":2,"11":1,"12":10,"13":1,"14":1,"15":1,"16":1,"17":1,"18":1,"19":2,"20":2,"21":2,"22":2,"23":2,"24":1,"25":1,"26":1,"27":1,"28":1,"29":1,"30":1,"31":1},"b":{"0":[1,1],"1":[0,1],"2":[1,0],"3":[0,1],"4":[1,0],"5":[0,0],"6":[0,0],"7":[1,1],"8":[0,1],"9":[0,1],"10":[1,1],"11":[0,0],"12":[0,1],"13":[1,0],"14":[0,1],"15":[0,1],"16":[0,1],"17":[1,0,0],"18":[0,1],"19":[0,1],"20":[0,2],"21":[0,2],"22":[2,1],"23":[1,1],"24":[0,1],"25":[0,1],"26":[0,1],"27":[0,1],"28":[0,1],"29":[0,1]},"_coverageSchema":"1a1c01bbd47fc00a2c39e90264f33305004495a9","hash":"60b6685b692f49367696f9448fec234d0d3cff96"}
,"C:\\Users\\Mohmmad\\Documents\\vsProject\\web\\SmartOrder\\Backend\\Restaurants\\graphql\\typeDefs.js": {"path":"C:\\Users\\Mohmmad\\Documents\\vsProject\\web\\SmartOrder\\Backend\\Restaurants\\graphql\\typeDefs.js","statementMap":{"0":{"start":{"line":1,"column":16},"end":{"line":1,"column":48}},"1":{"start":{"line":3,"column":17},"end":{"line":193,"column":1}},"2":{"start":{"line":195,"column":0},"end":{"line":195,"column":26}}},"fnMap":{},"branchMap":{},"s":{"0":1,"1":1,"2":1},"f":{},"b":{},"_coverageSchema":"1a1c01bbd47fc00a2c39e90264f33305004495a9","hash":"8e18e4e66748551ffcf9cae266c99462f37c12a6"}
,"C:\\Users\\Mohmmad\\Documents\\vsProject\\web\\SmartOrder\\Backend\\Restaurants\\middleware\\auth.js": {"path":"C:\\Users\\Mohmmad\\Documents\\vsProject\\web\\SmartOrder\\Backend\\Restaurants\\middleware\\auth.js","statementMap":{"0":{"start":{"line":1,"column":12},"end":{"line":1,"column":35}},"1":{"start":{"line":2,"column":32},"end":{"line":2,"column":64}},"2":{"start":{"line":4,"column":22},"end":{"line":25,"column":1}},"3":{"start":{"line":5,"column":2},"end":{"line":7,"column":3}},"4":{"start":{"line":6,"column":4},"end":{"line":6,"column":16}},"5":{"start":{"line":9,"column":2},"end":{"line":24,"column":3}},"6":{"start":{"line":11,"column":4},"end":{"line":13,"column":5}},"7":{"start":{"line":12,"column":6},"end":{"line":12,"column":29}},"8":{"start":{"line":15,"column":20},"end":{"line":15,"column":61}},"9":{"start":{"line":17,"column":4},"end":{"line":21,"column":6}},"10":{"start":{"line":23,"column":4},"end":{"line":23,"column":16}},"11":{"start":{"line":27,"column":20},"end":{"line":32,"column":1}},"12":{"start":{"line":28,"column":2},"end":{"line":30,"column":3}},"13":{"start":{"line":29,"column":4},"end":{"line":29,"column":61}},"14":{"start":{"line":31,"column":2},"end":{"line":31,"column":14}},"15":{"start":{"line":34,"column":21},"end":{"line":39,"column":1}},"16":{"start":{"line":35,"column":2},"end":{"line":37,"column":3}},"17":{"start":{"line":36,"column":4},"end":{"line":36,"column":63}},"18":{"start":{"line":38,"column":2},"end":{"line":38,"column":14}},"19":{"start":{"line":41,"column":0},"end":{"line":45,"column":2}}},"fnMap":{"0":{"name":"(anonymous_0)","decl":{"start":{"line":4,"column":22},"end":{"line":4,"column":23}},"loc":{"start":{"line":4,"column":33},"end":{"line":25,"column":1}},"line":4},"1":{"name":"(anonymous_1)","decl":{"start":{"line":27,"column":20},"end":{"line":27,"column":21}},"loc":{"start":{"line":27,"column":30},"end":{"line":32,"column":1}},"line":27},"2":{"name":"(anonymous_2)","decl":{"start":{"line":34,"column":21},"end":{"line":34,"column":22}},"loc":{"start":{"line":34,"column":31},"end":{"line":39,"column":1}},"line":34}},"branchMap":{"0":{"loc":{"start":{"line":5,"column":2},"end":{"line":7,"column":3}},"type":"if","locations":[{"start":{"line":5,"column":2},"end":{"line":7,"column":3}},{"start":{},"end":{}}],"line":5},"1":{"loc":{"start":{"line":11,"column":4},"end":{"line":13,"column":5}},"type":"if","locations":[{"start":{"line":11,"column":4},"end":{"line":13,"column":5}},{"start":{},"end":{}}],"line":11},"2":{"loc":{"start":{"line":28,"column":2},"end":{"line":30,"column":3}},"type":"if","locations":[{"start":{"line":28,"column":2},"end":{"line":30,"column":3}},{"start":{},"end":{}}],"line":28},"3":{"loc":{"start":{"line":35,"column":2},"end":{"line":37,"column":3}},"type":"if","locations":[{"start":{"line":35,"column":2},"end":{"line":37,"column":3}},{"start":{},"end":{}}],"line":35},"4":{"loc":{"start":{"line":35,"column":6},"end":{"line":35,"column":28}},"type":"binary-expr","locations":[{"start":{"line":35,"column":6},"end":{"line":35,"column":11}},{"start":{"line":35,"column":15},"end":{"line":35,"column":28}}],"line":35}},"s":{"0":0,"1":0,"2":0,"3":0,"4":0,"5":0,"6":0,"7":0,"8":0,"9":0,"10":0,"11":0,"12":0,"13":0,"14":0,"15":0,"16":0,"17":0,"18":0,"19":0},"f":{"0":0,"1":0,"2":0},"b":{"0":[0,0],"1":[0,0],"2":[0,0],"3":[0,0],"4":[0,0]}}
,"C:\\Users\\Mohmmad\\Documents\\vsProject\\web\\SmartOrder\\Backend\\Restaurants\\models\\Restaurant.js": {"path":"C:\\Users\\Mohmmad\\Documents\\vsProject\\web\\SmartOrder\\Backend\\Restaurants\\models\\Restaurant.js","statementMap":{"0":{"start":{"line":1,"column":17},"end":{"line":1,"column":36}},"1":{"start":{"line":2,"column":15},"end":{"line":2,"column":30}},"2":{"start":{"line":4,"column":29},"end":{"line":17,"column":18}},"3":{"start":{"line":19,"column":21},"end":{"line":52,"column":2}},"4":{"start":{"line":54,"column":33},"end":{"line":63,"column":2}},"5":{"start":{"line":66,"column":26},"end":{"line":97,"column":2}},"6":{"start":{"line":100,"column":23},"end":{"line":120,"column":2}},"7":{"start":{"line":123,"column":0},"end":{"line":128,"column":3}},"8":{"start":{"line":130,"column":23},"end":{"line":170,"column":2}},"9":{"start":{"line":172,"column":25},"end":{"line":266,"column":2}},"10":{"start":{"line":269,"column":0},"end":{"line":272,"column":3}},"11":{"start":{"line":270,"column":2},"end":{"line":270,"column":31}},"12":{"start":{"line":271,"column":2},"end":{"line":271,"column":9}},"13":{"start":{"line":275,"column":17},"end":{"line":275,"column":59}},"14":{"start":{"line":276,"column":19},"end":{"line":276,"column":65}},"15":{"start":{"line":278,"column":0},"end":{"line":278,"column":42}}},"fnMap":{"0":{"name":"(anonymous_0)","decl":{"start":{"line":269,"column":29},"end":{"line":269,"column":30}},"loc":{"start":{"line":269,"column":45},"end":{"line":272,"column":1}},"line":269}},"branchMap":{},"s":{"0":1,"1":1,"2":1,"3":1,"4":1,"5":1,"6":1,"7":1,"8":1,"9":1,"10":1,"11":25,"12":25,"13":1,"14":1,"15":1},"f":{"0":25},"b":{},"_coverageSchema":"1a1c01bbd47fc00a2c39e90264f33305004495a9","hash":"6917f942405fbf6a785cc786ccd873871a5a9534"}
}
