TN:
SF:graphql\resolvers.js
FN:6,(anonymous_0)
FN:14,(anonymous_1)
FN:26,(anonymous_2)
FN:38,(anonymous_3)
FN:50,(anonymous_4)
FN:56,(anonymous_5)
FN:62,(anonymous_6)
FN:71,(anonymous_7)
FN:72,(anonymous_8)
FN:77,(anonymous_9)
FN:85,(anonymous_10)
FN:106,(anonymous_11)
FN:125,(anonymous_12)
FN:135,(anonymous_13)
FN:144,(anonymous_14)
FN:172,(anonymous_15)
FN:179,(anonymous_16)
FN:201,(anonymous_17)
FN:209,(anonymous_18)
FN:222,(anonymous_19)
FN:229,(anonymous_20)
FN:229,(anonymous_21)
FN:235,(anonymous_22)
FN:236,(anonymous_23)
FN:251,(anonymous_24)
FN:267,(anonymous_25)
FN:274,(anonymous_26)
FN:292,(anonymous_27)
FN:300,(anonymous_28)
FN:313,(anonymous_29)
FN:322,(anonymous_30)
FN:331,(anonymous_31)
FNF:32
FNH:26
FNDA:1,(anonymous_0)
FNDA:2,(anonymous_1)
FNDA:1,(anonymous_2)
FNDA:1,(anonymous_3)
FNDA:0,(anonymous_4)
FNDA:0,(anonymous_5)
FNDA:0,(anonymous_6)
FNDA:0,(anonymous_7)
FNDA:0,(anonymous_8)
FNDA:0,(anonymous_9)
FNDA:2,(anonymous_10)
FNDA:1,(anonymous_11)
FNDA:10,(anonymous_12)
FNDA:1,(anonymous_13)
FNDA:1,(anonymous_14)
FNDA:1,(anonymous_15)
FNDA:1,(anonymous_16)
FNDA:1,(anonymous_17)
FNDA:1,(anonymous_18)
FNDA:2,(anonymous_19)
FNDA:2,(anonymous_20)
FNDA:2,(anonymous_21)
FNDA:2,(anonymous_22)
FNDA:2,(anonymous_23)
FNDA:1,(anonymous_24)
FNDA:1,(anonymous_25)
FNDA:1,(anonymous_26)
FNDA:1,(anonymous_27)
FNDA:1,(anonymous_28)
FNDA:1,(anonymous_29)
FNDA:1,(anonymous_30)
FNDA:1,(anonymous_31)
DA:1,1
DA:2,1
DA:4,1
DA:7,1
DA:8,1
DA:10,0
DA:15,2
DA:16,2
DA:17,2
DA:18,1
DA:20,1
DA:22,1
DA:27,1
DA:28,1
DA:29,1
DA:30,0
DA:32,1
DA:34,0
DA:39,1
DA:40,1
DA:41,1
DA:42,0
DA:44,1
DA:46,0
DA:51,0
DA:52,0
DA:53,0
DA:54,0
DA:56,0
DA:58,0
DA:63,0
DA:64,0
DA:65,0
DA:66,0
DA:70,0
DA:71,0
DA:72,0
DA:73,0
DA:77,0
DA:79,0
DA:86,2
DA:88,2
DA:95,2
DA:96,1
DA:99,1
DA:100,1
DA:102,1
DA:107,1
DA:108,1
DA:109,1
DA:110,0
DA:114,1
DA:115,0
DA:120,0
DA:121,0
DA:125,1
DA:126,10
DA:129,1
DA:131,0
DA:136,1
DA:137,1
DA:138,1
DA:140,0
DA:145,1
DA:146,1
DA:147,1
DA:148,0
DA:152,1
DA:157,1
DA:158,1
DA:160,1
DA:162,1
DA:163,0
DA:166,1
DA:168,0
DA:173,1
DA:174,1
DA:175,1
DA:176,0
DA:179,1
DA:180,1
DA:181,0
DA:185,1
DA:192,1
DA:194,1
DA:195,1
DA:197,0
DA:202,1
DA:203,1
DA:204,1
DA:205,0
DA:208,1
DA:209,1
DA:211,1
DA:212,0
DA:215,1
DA:216,1
DA:218,0
DA:223,2
DA:224,2
DA:225,2
DA:226,0
DA:229,2
DA:231,2
DA:232,0
DA:235,2
DA:236,2
DA:237,2
DA:241,2
DA:242,1
DA:245,1
DA:247,0
DA:252,1
DA:253,1
DA:254,1
DA:255,0
DA:258,1
DA:259,1
DA:261,1
DA:263,0
DA:268,1
DA:269,1
DA:270,1
DA:271,0
DA:274,1
DA:275,1
DA:276,0
DA:280,1
DA:285,1
DA:286,1
DA:288,0
DA:293,1
DA:294,1
DA:295,1
DA:296,0
DA:299,1
DA:300,1
DA:302,1
DA:303,0
DA:306,1
DA:307,1
DA:309,0
DA:314,1
DA:315,1
DA:316,1
DA:318,0
DA:323,1
DA:324,1
DA:325,1
DA:327,0
DA:332,1
DA:333,1
DA:334,1
DA:335,0
DA:337,1
DA:339,0
DA:345,1
LF:157
LH:106
BRDA:17,0,0,1
BRDA:17,0,1,1
BRDA:29,1,0,0
BRDA:29,1,1,1
BRDA:32,2,0,1
BRDA:32,2,1,0
BRDA:41,3,0,0
BRDA:41,3,1,1
BRDA:44,4,0,1
BRDA:44,4,1,0
BRDA:53,5,0,0
BRDA:53,5,1,0
BRDA:65,6,0,0
BRDA:65,6,1,0
BRDA:95,7,0,1
BRDA:95,7,1,1
BRDA:109,8,0,0
BRDA:109,8,1,1
BRDA:114,9,0,0
BRDA:114,9,1,1
BRDA:114,10,0,1
BRDA:114,10,1,1
BRDA:120,11,0,0
BRDA:120,11,1,0
BRDA:147,12,0,0
BRDA:147,12,1,1
BRDA:154,13,0,1
BRDA:154,13,1,0
BRDA:162,14,0,0
BRDA:162,14,1,1
BRDA:175,15,0,0
BRDA:175,15,1,1
BRDA:180,16,0,0
BRDA:180,16,1,1
BRDA:188,17,0,1
BRDA:188,17,1,0
BRDA:188,17,2,0
BRDA:204,18,0,0
BRDA:204,18,1,1
BRDA:211,19,0,0
BRDA:211,19,1,1
BRDA:225,20,0,0
BRDA:225,20,1,2
BRDA:231,21,0,0
BRDA:231,21,1,2
BRDA:237,22,0,2
BRDA:237,22,1,1
BRDA:241,23,0,1
BRDA:241,23,1,1
BRDA:254,24,0,0
BRDA:254,24,1,1
BRDA:270,25,0,0
BRDA:270,25,1,1
BRDA:275,26,0,0
BRDA:275,26,1,1
BRDA:295,27,0,0
BRDA:295,27,1,1
BRDA:302,28,0,0
BRDA:302,28,1,1
BRDA:334,29,0,0
BRDA:334,29,1,1
BRF:61
BRH:32
end_of_record
TN:
SF:graphql\typeDefs.js
FNF:0
FNH:0
DA:1,1
DA:3,1
DA:195,1
LF:3
LH:3
BRF:0
BRH:0
end_of_record
TN:
SF:middleware\auth.js
FN:4,(anonymous_0)
FN:27,(anonymous_1)
FN:34,(anonymous_2)
FNF:3
FNH:0
FNDA:0,(anonymous_0)
FNDA:0,(anonymous_1)
FNDA:0,(anonymous_2)
DA:1,0
DA:2,0
DA:4,0
DA:5,0
DA:6,0
DA:9,0
DA:11,0
DA:12,0
DA:15,0
DA:17,0
DA:23,0
DA:27,0
DA:28,0
DA:29,0
DA:31,0
DA:34,0
DA:35,0
DA:36,0
DA:38,0
DA:41,0
LF:20
LH:0
BRDA:5,0,0,0
BRDA:5,0,1,0
BRDA:11,1,0,0
BRDA:11,1,1,0
BRDA:28,2,0,0
BRDA:28,2,1,0
BRDA:35,3,0,0
BRDA:35,3,1,0
BRDA:35,4,0,0
BRDA:35,4,1,0
BRF:10
BRH:0
end_of_record
TN:
SF:models\Restaurant.js
FN:269,(anonymous_0)
FNF:1
FNH:1
FNDA:25,(anonymous_0)
DA:1,1
DA:2,1
DA:4,1
DA:19,1
DA:54,1
DA:66,1
DA:100,1
DA:123,1
DA:130,1
DA:172,1
DA:269,1
DA:270,25
DA:271,25
DA:275,1
DA:276,1
DA:278,1
LF:16
LH:16
BRF:0
BRH:0
end_of_record
