{"C:\\Users\\Mohmmad\\Documents\\vsProject\\web\\SmartOrder\\Backend\\Notifications\\graphql\\resolvers.js": {"path":"C:\\Users\\Mohmmad\\Documents\\vsProject\\web\\SmartOrder\\Backend\\Notifications\\graphql\\resolvers.js","statementMap":{"0":{"start":{"line":1,"column":21},"end":{"line":1,"column":54}},"1":{"start":{"line":3,"column":18},"end":{"line":99,"column":1}},"2":{"start":{"line":7,"column":6},"end":{"line":14,"column":7}},"3":{"start":{"line":8,"column":8},"end":{"line":11,"column":24}},"4":{"start":{"line":13,"column":8},"end":{"line":13,"column":75}},"5":{"start":{"line":19,"column":6},"end":{"line":23,"column":7}},"6":{"start":{"line":20,"column":8},"end":{"line":20,"column":47}},"7":{"start":{"line":22,"column":8},"end":{"line":22,"column":74}},"8":{"start":{"line":28,"column":6},"end":{"line":35,"column":7}},"9":{"start":{"line":29,"column":8},"end":{"line":32,"column":11}},"10":{"start":{"line":34,"column":8},"end":{"line":34,"column":82}},"11":{"start":{"line":42,"column":6},"end":{"line":46,"column":7}},"12":{"start":{"line":43,"column":8},"end":{"line":43,"column":48}},"13":{"start":{"line":45,"column":8},"end":{"line":45,"column":75}},"14":{"start":{"line":51,"column":6},"end":{"line":63,"column":7}},"15":{"start":{"line":52,"column":8},"end":{"line":60,"column":10}},"16":{"start":{"line":62,"column":8},"end":{"line":62,"column":81}},"17":{"start":{"line":68,"column":6},"end":{"line":85,"column":7}},"18":{"start":{"line":69,"column":8},"end":{"line":79,"column":10}},"19":{"start":{"line":81,"column":8},"end":{"line":81,"column":20}},"20":{"start":{"line":83,"column":8},"end":{"line":83,"column":86}},"21":{"start":{"line":84,"column":8},"end":{"line":84,"column":21}},"22":{"start":{"line":90,"column":6},"end":{"line":96,"column":7}},"23":{"start":{"line":91,"column":23},"end":{"line":91,"column":64}},"24":{"start":{"line":92,"column":8},"end":{"line":92,"column":39}},"25":{"start":{"line":94,"column":8},"end":{"line":94,"column":75}},"26":{"start":{"line":95,"column":8},"end":{"line":95,"column":21}},"27":{"start":{"line":101,"column":0},"end":{"line":101,"column":27}}},"fnMap":{"0":{"name":"(anonymous_0)","decl":{"start":{"line":6,"column":19},"end":{"line":6,"column":20}},"loc":{"start":{"line":6,"column":68},"end":{"line":15,"column":5}},"line":6},"1":{"name":"(anonymous_1)","decl":{"start":{"line":18,"column":18},"end":{"line":18,"column":19}},"loc":{"start":{"line":18,"column":39},"end":{"line":24,"column":5}},"line":18},"2":{"name":"(anonymous_2)","decl":{"start":{"line":27,"column":30},"end":{"line":27,"column":31}},"loc":{"start":{"line":27,"column":55},"end":{"line":36,"column":5}},"line":27},"3":{"name":"(anonymous_3)","decl":{"start":{"line":41,"column":24},"end":{"line":41,"column":25}},"loc":{"start":{"line":41,"column":48},"end":{"line":47,"column":5}},"line":41},"4":{"name":"(anonymous_4)","decl":{"start":{"line":50,"column":28},"end":{"line":50,"column":29}},"loc":{"start":{"line":50,"column":49},"end":{"line":64,"column":5}},"line":50},"5":{"name":"(anonymous_5)","decl":{"start":{"line":67,"column":32},"end":{"line":67,"column":33}},"loc":{"start":{"line":67,"column":57},"end":{"line":86,"column":5}},"line":67},"6":{"name":"(anonymous_6)","decl":{"start":{"line":89,"column":24},"end":{"line":89,"column":25}},"loc":{"start":{"line":89,"column":45},"end":{"line":97,"column":5}},"line":89}},"branchMap":{"0":{"loc":{"start":{"line":6,"column":39},"end":{"line":6,"column":49}},"type":"default-arg","locations":[{"start":{"line":6,"column":47},"end":{"line":6,"column":49}}],"line":6},"1":{"loc":{"start":{"line":6,"column":51},"end":{"line":6,"column":61}},"type":"default-arg","locations":[{"start":{"line":6,"column":60},"end":{"line":6,"column":61}}],"line":6}},"s":{"0":0,"1":0,"2":0,"3":0,"4":0,"5":0,"6":0,"7":0,"8":0,"9":0,"10":0,"11":0,"12":0,"13":0,"14":0,"15":0,"16":0,"17":0,"18":0,"19":0,"20":0,"21":0,"22":0,"23":0,"24":0,"25":0,"26":0,"27":0},"f":{"0":0,"1":0,"2":0,"3":0,"4":0,"5":0,"6":0},"b":{"0":[0],"1":[0]}}
,"C:\\Users\\Mohmmad\\Documents\\vsProject\\web\\SmartOrder\\Backend\\Notifications\\graphql\\typeDefs.js": {"path":"C:\\Users\\Mohmmad\\Documents\\vsProject\\web\\SmartOrder\\Backend\\Notifications\\graphql\\typeDefs.js","statementMap":{"0":{"start":{"line":1,"column":16},"end":{"line":1,"column":48}},"1":{"start":{"line":3,"column":17},"end":{"line":72,"column":1}},"2":{"start":{"line":74,"column":0},"end":{"line":74,"column":26}}},"fnMap":{},"branchMap":{},"s":{"0":0,"1":0,"2":0},"f":{},"b":{}}
,"C:\\Users\\Mohmmad\\Documents\\vsProject\\web\\SmartOrder\\Backend\\Notifications\\models\\Notification.js": {"path":"C:\\Users\\Mohmmad\\Documents\\vsProject\\web\\SmartOrder\\Backend\\Notifications\\models\\Notification.js","statementMap":{"0":{"start":{"line":1,"column":17},"end":{"line":1,"column":36}},"1":{"start":{"line":3,"column":27},"end":{"line":56,"column":2}},"2":{"start":{"line":59,"column":0},"end":{"line":59,"column":67}},"3":{"start":{"line":60,"column":0},"end":{"line":60,"column":41}},"4":{"start":{"line":61,"column":0},"end":{"line":61,"column":75}},"5":{"start":{"line":64,"column":0},"end":{"line":70,"column":3}},"6":{"start":{"line":67,"column":4},"end":{"line":67,"column":19}},"7":{"start":{"line":68,"column":4},"end":{"line":68,"column":15}},"8":{"start":{"line":72,"column":21},"end":{"line":72,"column":71}},"9":{"start":{"line":74,"column":0},"end":{"line":74,"column":30}}},"fnMap":{"0":{"name":"(anonymous_0)","decl":{"start":{"line":66,"column":13},"end":{"line":66,"column":14}},"loc":{"start":{"line":66,"column":27},"end":{"line":69,"column":3}},"line":66}},"branchMap":{},"s":{"0":1,"1":1,"2":1,"3":1,"4":1,"5":1,"6":0,"7":0,"8":1,"9":1},"f":{"0":0},"b":{},"_coverageSchema":"1a1c01bbd47fc00a2c39e90264f33305004495a9","hash":"15ccd56da116d66a5054743e9d25ed5a9c6d65a5"}
}
