TN:
SF:graphql\resolvers.js
FN:6,(anonymous_0)
FN:18,(anonymous_1)
FN:27,(anonymous_2)
FN:41,(anonymous_3)
FN:50,(anonymous_4)
FN:67,(anonymous_5)
FN:89,(anonymous_6)
FNF:7
FNH:0
FNDA:0,(anonymous_0)
FNDA:0,(anonymous_1)
FNDA:0,(anonymous_2)
FNDA:0,(anonymous_3)
FNDA:0,(anonymous_4)
FNDA:0,(anonymous_5)
FNDA:0,(anonymous_6)
DA:1,0
DA:3,0
DA:7,0
DA:8,0
DA:13,0
DA:19,0
DA:20,0
DA:22,0
DA:28,0
DA:29,0
DA:34,0
DA:42,0
DA:43,0
DA:45,0
DA:51,0
DA:52,0
DA:62,0
DA:68,0
DA:69,0
DA:81,0
DA:83,0
DA:84,0
DA:90,0
DA:91,0
DA:92,0
DA:94,0
DA:95,0
DA:101,0
LF:28
LH:0
BRDA:6,0,0,0
BRDA:6,1,0,0
BRF:2
BRH:0
end_of_record
TN:
SF:graphql\typeDefs.js
FNF:0
FNH:0
DA:1,0
DA:3,0
DA:74,0
LF:3
LH:0
BRF:0
BRH:0
end_of_record
TN:
SF:models\Notification.js
FN:66,(anonymous_0)
FNF:1
FNH:0
FNDA:0,(anonymous_0)
DA:1,1
DA:3,1
DA:59,1
DA:60,1
DA:61,1
DA:64,1
DA:67,0
DA:68,0
DA:72,1
DA:74,1
LF:10
LH:8
BRF:0
BRH:0
end_of_record
