{"C:\\Users\\Mohmmad\\Documents\\vsProject\\web\\SmartOrder\\Backend\\Users\\graphql\\resolvers.js": {"path":"C:\\Users\\Mohmmad\\Documents\\vsProject\\web\\SmartOrder\\Backend\\Users\\graphql\\resolvers.js","statementMap":{"0":{"start":{"line":1,"column":13},"end":{"line":1,"column":38}},"1":{"start":{"line":2,"column":17},"end":{"line":2,"column":46}},"2":{"start":{"line":3,"column":48},"end":{"line":3,"column":80}},"3":{"start":{"line":4,"column":15},"end":{"line":4,"column":32}},"4":{"start":{"line":10,"column":4},"end":{"line":10,"column":28}},"5":{"start":{"line":11,"column":36},"end":{"line":11,"column":54}},"6":{"start":{"line":14,"column":19},"end":{"line":33,"column":2}},"7":{"start":{"line":18,"column":4},"end":{"line":18,"column":17}},"8":{"start":{"line":21,"column":4},"end":{"line":21,"column":17}},"9":{"start":{"line":24,"column":4},"end":{"line":30,"column":5}},"10":{"start":{"line":26,"column":6},"end":{"line":29,"column":13}},"11":{"start":{"line":27,"column":8},"end":{"line":27,"column":50}},"12":{"start":{"line":28,"column":8},"end":{"line":28,"column":19}},"13":{"start":{"line":31,"column":4},"end":{"line":31,"column":16}},"14":{"start":{"line":35,"column":0},"end":{"line":354,"column":2}},"15":{"start":{"line":48,"column":6},"end":{"line":50,"column":7}},"16":{"start":{"line":49,"column":8},"end":{"line":49,"column":59}},"17":{"start":{"line":52,"column":22},"end":{"line":52,"column":50}},"18":{"start":{"line":53,"column":6},"end":{"line":55,"column":7}},"19":{"start":{"line":54,"column":8},"end":{"line":54,"column":56}},"20":{"start":{"line":57,"column":6},"end":{"line":57,"column":38}},"21":{"start":{"line":69,"column":6},"end":{"line":71,"column":7}},"22":{"start":{"line":70,"column":8},"end":{"line":70,"column":59}},"23":{"start":{"line":74,"column":22},"end":{"line":74,"column":50}},"24":{"start":{"line":75,"column":6},"end":{"line":77,"column":7}},"25":{"start":{"line":76,"column":8},"end":{"line":76,"column":66}},"26":{"start":{"line":79,"column":6},"end":{"line":79,"column":41}},"27":{"start":{"line":96,"column":6},"end":{"line":98,"column":7}},"28":{"start":{"line":97,"column":8},"end":{"line":97,"column":59}},"29":{"start":{"line":101,"column":22},"end":{"line":101,"column":50}},"30":{"start":{"line":102,"column":6},"end":{"line":104,"column":7}},"31":{"start":{"line":103,"column":8},"end":{"line":103,"column":66}},"32":{"start":{"line":106,"column":27},"end":{"line":106,"column":32}},"33":{"start":{"line":109,"column":6},"end":{"line":114,"column":7}},"34":{"start":{"line":110,"column":8},"end":{"line":110,"column":23}},"35":{"start":{"line":111,"column":8},"end":{"line":111,"column":21}},"36":{"start":{"line":113,"column":8},"end":{"line":113,"column":56}},"37":{"start":{"line":116,"column":6},"end":{"line":116,"column":57}},"38":{"start":{"line":123,"column":70},"end":{"line":123,"column":75}},"39":{"start":{"line":126,"column":27},"end":{"line":128,"column":8}},"40":{"start":{"line":130,"column":6},"end":{"line":137,"column":7}},"41":{"start":{"line":131,"column":8},"end":{"line":133,"column":9}},"42":{"start":{"line":132,"column":10},"end":{"line":132,"column":67}},"43":{"start":{"line":134,"column":8},"end":{"line":136,"column":9}},"44":{"start":{"line":135,"column":10},"end":{"line":135,"column":66}},"45":{"start":{"line":140,"column":6},"end":{"line":142,"column":7}},"46":{"start":{"line":141,"column":8},"end":{"line":141,"column":80}},"47":{"start":{"line":145,"column":19},"end":{"line":152,"column":8}},"48":{"start":{"line":155,"column":6},"end":{"line":155,"column":24}},"49":{"start":{"line":159,"column":6},"end":{"line":162,"column":8}},"50":{"start":{"line":167,"column":34},"end":{"line":167,"column":39}},"51":{"start":{"line":170,"column":19},"end":{"line":170,"column":73}},"52":{"start":{"line":173,"column":6},"end":{"line":175,"column":7}},"53":{"start":{"line":174,"column":8},"end":{"line":174,"column":64}},"54":{"start":{"line":178,"column":6},"end":{"line":180,"column":7}},"55":{"start":{"line":179,"column":8},"end":{"line":179,"column":100}},"56":{"start":{"line":183,"column":6},"end":{"line":183,"column":38}},"57":{"start":{"line":186,"column":27},"end":{"line":186,"column":52}},"58":{"start":{"line":187,"column":28},"end":{"line":187,"column":54}},"59":{"start":{"line":190,"column":6},"end":{"line":190,"column":41}},"60":{"start":{"line":191,"column":6},"end":{"line":191,"column":53}},"61":{"start":{"line":193,"column":6},"end":{"line":198,"column":8}},"62":{"start":{"line":203,"column":44},"end":{"line":203,"column":49}},"63":{"start":{"line":206,"column":27},"end":{"line":209,"column":22}},"64":{"start":{"line":212,"column":19},"end":{"line":215,"column":8}},"65":{"start":{"line":218,"column":6},"end":{"line":220,"column":7}},"66":{"start":{"line":219,"column":8},"end":{"line":219,"column":68}},"67":{"start":{"line":223,"column":6},"end":{"line":225,"column":7}},"68":{"start":{"line":224,"column":8},"end":{"line":224,"column":80}},"69":{"start":{"line":228,"column":6},"end":{"line":228,"column":35}},"70":{"start":{"line":229,"column":6},"end":{"line":229,"column":44}},"71":{"start":{"line":230,"column":6},"end":{"line":230,"column":46}},"72":{"start":{"line":232,"column":6},"end":{"line":232,"column":24}},"73":{"start":{"line":234,"column":6},"end":{"line":236,"column":8}},"74":{"start":{"line":241,"column":32},"end":{"line":241,"column":37}},"75":{"start":{"line":244,"column":22},"end":{"line":244,"column":55}},"76":{"start":{"line":245,"column":6},"end":{"line":247,"column":7}},"77":{"start":{"line":246,"column":8},"end":{"line":246,"column":74}},"78":{"start":{"line":250,"column":19},"end":{"line":253,"column":8}},"79":{"start":{"line":255,"column":6},"end":{"line":257,"column":7}},"80":{"start":{"line":256,"column":8},"end":{"line":256,"column":63}},"81":{"start":{"line":260,"column":27},"end":{"line":260,"column":52}},"82":{"start":{"line":262,"column":6},"end":{"line":265,"column":8}},"83":{"start":{"line":270,"column":6},"end":{"line":282,"column":7}},"84":{"start":{"line":272,"column":8},"end":{"line":275,"column":10}},"85":{"start":{"line":276,"column":13},"end":{"line":282,"column":7}},"86":{"start":{"line":278,"column":8},"end":{"line":281,"column":10}},"87":{"start":{"line":284,"column":6},"end":{"line":286,"column":8}},"88":{"start":{"line":291,"column":6},"end":{"line":293,"column":7}},"89":{"start":{"line":292,"column":8},"end":{"line":292,"column":59}},"90":{"start":{"line":295,"column":63},"end":{"line":295,"column":68}},"91":{"start":{"line":298,"column":22},"end":{"line":298,"column":50}},"92":{"start":{"line":299,"column":6},"end":{"line":301,"column":7}},"93":{"start":{"line":300,"column":8},"end":{"line":300,"column":56}},"94":{"start":{"line":304,"column":6},"end":{"line":309,"column":7}},"95":{"start":{"line":305,"column":29},"end":{"line":305,"column":65}},"96":{"start":{"line":306,"column":8},"end":{"line":308,"column":9}},"97":{"start":{"line":307,"column":10},"end":{"line":307,"column":66}},"98":{"start":{"line":312,"column":6},"end":{"line":312,"column":51}},"99":{"start":{"line":312,"column":21},"end":{"line":312,"column":51}},"100":{"start":{"line":313,"column":6},"end":{"line":313,"column":60}},"101":{"start":{"line":313,"column":24},"end":{"line":313,"column":60}},"102":{"start":{"line":314,"column":6},"end":{"line":314,"column":81}},"103":{"start":{"line":314,"column":31},"end":{"line":314,"column":81}},"104":{"start":{"line":317,"column":6},"end":{"line":317,"column":27}},"105":{"start":{"line":319,"column":6},"end":{"line":319,"column":38}},"106":{"start":{"line":331,"column":6},"end":{"line":333,"column":7}},"107":{"start":{"line":332,"column":8},"end":{"line":332,"column":32}},"108":{"start":{"line":336,"column":6},"end":{"line":338,"column":7}},"109":{"start":{"line":337,"column":8},"end":{"line":337,"column":34}},"110":{"start":{"line":341,"column":6},"end":{"line":343,"column":7}},"111":{"start":{"line":342,"column":8},"end":{"line":342,"column":53}},"112":{"start":{"line":346,"column":6},"end":{"line":348,"column":7}},"113":{"start":{"line":347,"column":8},"end":{"line":347,"column":37}},"114":{"start":{"line":351,"column":6},"end":{"line":351,"column":45}}},"fnMap":{"0":{"name":"(anonymous_0)","decl":{"start":{"line":17,"column":2},"end":{"line":17,"column":3}},"loc":{"start":{"line":17,"column":19},"end":{"line":19,"column":3}},"line":17},"1":{"name":"(anonymous_1)","decl":{"start":{"line":20,"column":2},"end":{"line":20,"column":3}},"loc":{"start":{"line":20,"column":20},"end":{"line":22,"column":3}},"line":20},"2":{"name":"(anonymous_2)","decl":{"start":{"line":23,"column":2},"end":{"line":23,"column":3}},"loc":{"start":{"line":23,"column":20},"end":{"line":32,"column":3}},"line":23},"3":{"name":"(anonymous_3)","decl":{"start":{"line":26,"column":31},"end":{"line":26,"column":32}},"loc":{"start":{"line":26,"column":47},"end":{"line":29,"column":7}},"line":26},"4":{"name":"(anonymous_4)","decl":{"start":{"line":47,"column":8},"end":{"line":47,"column":9}},"loc":{"start":{"line":47,"column":35},"end":{"line":58,"column":5}},"line":47},"5":{"name":"(anonymous_5)","decl":{"start":{"line":68,"column":15},"end":{"line":68,"column":16}},"loc":{"start":{"line":68,"column":42},"end":{"line":80,"column":5}},"line":68},"6":{"name":"(anonymous_6)","decl":{"start":{"line":95,"column":26},"end":{"line":95,"column":27}},"loc":{"start":{"line":95,"column":60},"end":{"line":117,"column":5}},"line":95},"7":{"name":"(anonymous_7)","decl":{"start":{"line":122,"column":14},"end":{"line":122,"column":15}},"loc":{"start":{"line":122,"column":38},"end":{"line":163,"column":5}},"line":122},"8":{"name":"(anonymous_8)","decl":{"start":{"line":166,"column":11},"end":{"line":166,"column":12}},"loc":{"start":{"line":166,"column":35},"end":{"line":199,"column":5}},"line":166},"9":{"name":"(anonymous_9)","decl":{"start":{"line":202,"column":19},"end":{"line":202,"column":20}},"loc":{"start":{"line":202,"column":43},"end":{"line":237,"column":5}},"line":202},"10":{"name":"(anonymous_10)","decl":{"start":{"line":240,"column":18},"end":{"line":240,"column":19}},"loc":{"start":{"line":240,"column":42},"end":{"line":266,"column":5}},"line":240},"11":{"name":"(anonymous_11)","decl":{"start":{"line":269,"column":12},"end":{"line":269,"column":13}},"loc":{"start":{"line":269,"column":46},"end":{"line":287,"column":5}},"line":269},"12":{"name":"(anonymous_12)","decl":{"start":{"line":290,"column":16},"end":{"line":290,"column":17}},"loc":{"start":{"line":290,"column":50},"end":{"line":320,"column":5}},"line":290},"13":{"name":"(anonymous_13)","decl":{"start":{"line":329,"column":20},"end":{"line":329,"column":21}},"loc":{"start":{"line":329,"column":59},"end":{"line":352,"column":5}},"line":329}},"branchMap":{"0":{"loc":{"start":{"line":24,"column":4},"end":{"line":30,"column":5}},"type":"if","locations":[{"start":{"line":24,"column":4},"end":{"line":30,"column":5}},{"start":{},"end":{}}],"line":24},"1":{"loc":{"start":{"line":48,"column":6},"end":{"line":50,"column":7}},"type":"if","locations":[{"start":{"line":48,"column":6},"end":{"line":50,"column":7}},{"start":{},"end":{}}],"line":48},"2":{"loc":{"start":{"line":53,"column":6},"end":{"line":55,"column":7}},"type":"if","locations":[{"start":{"line":53,"column":6},"end":{"line":55,"column":7}},{"start":{},"end":{}}],"line":53},"3":{"loc":{"start":{"line":69,"column":6},"end":{"line":71,"column":7}},"type":"if","locations":[{"start":{"line":69,"column":6},"end":{"line":71,"column":7}},{"start":{},"end":{}}],"line":69},"4":{"loc":{"start":{"line":75,"column":6},"end":{"line":77,"column":7}},"type":"if","locations":[{"start":{"line":75,"column":6},"end":{"line":77,"column":7}},{"start":{},"end":{}}],"line":75},"5":{"loc":{"start":{"line":75,"column":10},"end":{"line":75,"column":51}},"type":"binary-expr","locations":[{"start":{"line":75,"column":10},"end":{"line":75,"column":18}},{"start":{"line":75,"column":22},"end":{"line":75,"column":51}}],"line":75},"6":{"loc":{"start":{"line":96,"column":6},"end":{"line":98,"column":7}},"type":"if","locations":[{"start":{"line":96,"column":6},"end":{"line":98,"column":7}},{"start":{},"end":{}}],"line":96},"7":{"loc":{"start":{"line":102,"column":6},"end":{"line":104,"column":7}},"type":"if","locations":[{"start":{"line":102,"column":6},"end":{"line":104,"column":7}},{"start":{},"end":{}}],"line":102},"8":{"loc":{"start":{"line":102,"column":10},"end":{"line":102,"column":51}},"type":"binary-expr","locations":[{"start":{"line":102,"column":10},"end":{"line":102,"column":18}},{"start":{"line":102,"column":22},"end":{"line":102,"column":51}}],"line":102},"9":{"loc":{"start":{"line":130,"column":6},"end":{"line":137,"column":7}},"type":"if","locations":[{"start":{"line":130,"column":6},"end":{"line":137,"column":7}},{"start":{},"end":{}}],"line":130},"10":{"loc":{"start":{"line":131,"column":8},"end":{"line":133,"column":9}},"type":"if","locations":[{"start":{"line":131,"column":8},"end":{"line":133,"column":9}},{"start":{},"end":{}}],"line":131},"11":{"loc":{"start":{"line":134,"column":8},"end":{"line":136,"column":9}},"type":"if","locations":[{"start":{"line":134,"column":8},"end":{"line":136,"column":9}},{"start":{},"end":{}}],"line":134},"12":{"loc":{"start":{"line":140,"column":6},"end":{"line":142,"column":7}},"type":"if","locations":[{"start":{"line":140,"column":6},"end":{"line":142,"column":7}},{"start":{},"end":{}}],"line":140},"13":{"loc":{"start":{"line":150,"column":19},"end":{"line":150,"column":96}},"type":"cond-expr","locations":[{"start":{"line":150,"column":74},"end":{"line":150,"column":83}},{"start":{"line":150,"column":86},"end":{"line":150,"column":96}}],"line":150},"14":{"loc":{"start":{"line":173,"column":6},"end":{"line":175,"column":7}},"type":"if","locations":[{"start":{"line":173,"column":6},"end":{"line":175,"column":7}},{"start":{},"end":{}}],"line":173},"15":{"loc":{"start":{"line":173,"column":10},"end":{"line":173,"column":58}},"type":"binary-expr","locations":[{"start":{"line":173,"column":10},"end":{"line":173,"column":15}},{"start":{"line":173,"column":19},"end":{"line":173,"column":58}}],"line":173},"16":{"loc":{"start":{"line":178,"column":6},"end":{"line":180,"column":7}},"type":"if","locations":[{"start":{"line":178,"column":6},"end":{"line":180,"column":7}},{"start":{},"end":{}}],"line":178},"17":{"loc":{"start":{"line":218,"column":6},"end":{"line":220,"column":7}},"type":"if","locations":[{"start":{"line":218,"column":6},"end":{"line":220,"column":7}},{"start":{},"end":{}}],"line":218},"18":{"loc":{"start":{"line":223,"column":6},"end":{"line":225,"column":7}},"type":"if","locations":[{"start":{"line":223,"column":6},"end":{"line":225,"column":7}},{"start":{},"end":{}}],"line":223},"19":{"loc":{"start":{"line":245,"column":6},"end":{"line":247,"column":7}},"type":"if","locations":[{"start":{"line":245,"column":6},"end":{"line":247,"column":7}},{"start":{},"end":{}}],"line":245},"20":{"loc":{"start":{"line":255,"column":6},"end":{"line":257,"column":7}},"type":"if","locations":[{"start":{"line":255,"column":6},"end":{"line":257,"column":7}},{"start":{},"end":{}}],"line":255},"21":{"loc":{"start":{"line":270,"column":6},"end":{"line":282,"column":7}},"type":"if","locations":[{"start":{"line":270,"column":6},"end":{"line":282,"column":7}},{"start":{"line":276,"column":13},"end":{"line":282,"column":7}}],"line":270},"22":{"loc":{"start":{"line":270,"column":10},"end":{"line":270,"column":38}},"type":"binary-expr","locations":[{"start":{"line":270,"column":10},"end":{"line":270,"column":15}},{"start":{"line":270,"column":19},"end":{"line":270,"column":38}}],"line":270},"23":{"loc":{"start":{"line":276,"column":13},"end":{"line":282,"column":7}},"type":"if","locations":[{"start":{"line":276,"column":13},"end":{"line":282,"column":7}},{"start":{},"end":{}}],"line":276},"24":{"loc":{"start":{"line":276,"column":17},"end":{"line":276,"column":32}},"type":"binary-expr","locations":[{"start":{"line":276,"column":17},"end":{"line":276,"column":21}},{"start":{"line":276,"column":25},"end":{"line":276,"column":32}}],"line":276},"25":{"loc":{"start":{"line":291,"column":6},"end":{"line":293,"column":7}},"type":"if","locations":[{"start":{"line":291,"column":6},"end":{"line":293,"column":7}},{"start":{},"end":{}}],"line":291},"26":{"loc":{"start":{"line":299,"column":6},"end":{"line":301,"column":7}},"type":"if","locations":[{"start":{"line":299,"column":6},"end":{"line":301,"column":7}},{"start":{},"end":{}}],"line":299},"27":{"loc":{"start":{"line":304,"column":6},"end":{"line":309,"column":7}},"type":"if","locations":[{"start":{"line":304,"column":6},"end":{"line":309,"column":7}},{"start":{},"end":{}}],"line":304},"28":{"loc":{"start":{"line":304,"column":10},"end":{"line":304,"column":63}},"type":"binary-expr","locations":[{"start":{"line":304,"column":10},"end":{"line":304,"column":22}},{"start":{"line":304,"column":26},"end":{"line":304,"column":63}}],"line":304},"29":{"loc":{"start":{"line":306,"column":8},"end":{"line":308,"column":9}},"type":"if","locations":[{"start":{"line":306,"column":8},"end":{"line":308,"column":9}},{"start":{},"end":{}}],"line":306},"30":{"loc":{"start":{"line":312,"column":6},"end":{"line":312,"column":51}},"type":"if","locations":[{"start":{"line":312,"column":6},"end":{"line":312,"column":51}},{"start":{},"end":{}}],"line":312},"31":{"loc":{"start":{"line":313,"column":6},"end":{"line":313,"column":60}},"type":"if","locations":[{"start":{"line":313,"column":6},"end":{"line":313,"column":60}},{"start":{},"end":{}}],"line":313},"32":{"loc":{"start":{"line":314,"column":6},"end":{"line":314,"column":81}},"type":"if","locations":[{"start":{"line":314,"column":6},"end":{"line":314,"column":81}},{"start":{},"end":{}}],"line":314},"33":{"loc":{"start":{"line":331,"column":6},"end":{"line":333,"column":7}},"type":"if","locations":[{"start":{"line":331,"column":6},"end":{"line":333,"column":7}},{"start":{},"end":{}}],"line":331},"34":{"loc":{"start":{"line":331,"column":10},"end":{"line":331,"column":32}},"type":"binary-expr","locations":[{"start":{"line":331,"column":10},"end":{"line":331,"column":14}},{"start":{"line":331,"column":18},"end":{"line":331,"column":32}}],"line":331},"35":{"loc":{"start":{"line":336,"column":6},"end":{"line":338,"column":7}},"type":"if","locations":[{"start":{"line":336,"column":6},"end":{"line":338,"column":7}},{"start":{},"end":{}}],"line":336},"36":{"loc":{"start":{"line":336,"column":10},"end":{"line":336,"column":44}},"type":"binary-expr","locations":[{"start":{"line":336,"column":10},"end":{"line":336,"column":27}},{"start":{"line":336,"column":31},"end":{"line":336,"column":34}},{"start":{"line":336,"column":38},"end":{"line":336,"column":44}}],"line":336},"37":{"loc":{"start":{"line":341,"column":6},"end":{"line":343,"column":7}},"type":"if","locations":[{"start":{"line":341,"column":6},"end":{"line":343,"column":7}},{"start":{},"end":{}}],"line":341},"38":{"loc":{"start":{"line":341,"column":10},"end":{"line":341,"column":78}},"type":"binary-expr","locations":[{"start":{"line":341,"column":10},"end":{"line":341,"column":27}},{"start":{"line":341,"column":31},"end":{"line":341,"column":34}},{"start":{"line":341,"column":38},"end":{"line":341,"column":49}},{"start":{"line":341,"column":53},"end":{"line":341,"column":78}}],"line":341},"39":{"loc":{"start":{"line":346,"column":6},"end":{"line":348,"column":7}},"type":"if","locations":[{"start":{"line":346,"column":6},"end":{"line":348,"column":7}},{"start":{},"end":{}}],"line":346}},"s":{"0":1,"1":1,"2":1,"3":1,"4":1,"5":1,"6":1,"7":0,"8":2,"9":0,"10":0,"11":0,"12":0,"13":0,"14":1,"15":0,"16":0,"17":0,"18":0,"19":0,"20":0,"21":3,"22":1,"23":2,"24":2,"25":1,"26":1,"27":3,"28":0,"29":3,"30":3,"31":2,"32":1,"33":1,"34":1,"35":1,"36":0,"37":1,"38":0,"39":0,"40":0,"41":0,"42":0,"43":0,"44":0,"45":0,"46":0,"47":0,"48":0,"49":0,"50":0,"51":0,"52":0,"53":0,"54":0,"55":0,"56":0,"57":0,"58":0,"59":0,"60":0,"61":0,"62":0,"63":0,"64":0,"65":0,"66":0,"67":0,"68":0,"69":0,"70":0,"71":0,"72":0,"73":0,"74":0,"75":0,"76":0,"77":0,"78":0,"79":0,"80":0,"81":0,"82":0,"83":0,"84":0,"85":0,"86":0,"87":0,"88":0,"89":0,"90":0,"91":0,"92":0,"93":0,"94":0,"95":0,"96":0,"97":0,"98":0,"99":0,"100":0,"101":0,"102":0,"103":0,"104":0,"105":0,"106":3,"107":2,"108":3,"109":2,"110":3,"111":2,"112":3,"113":3,"114":3},"f":{"0":0,"1":2,"2":0,"3":0,"4":0,"5":3,"6":3,"7":0,"8":0,"9":0,"10":0,"11":0,"12":0,"13":3},"b":{"0":[0,0],"1":[0,0],"2":[0,0],"3":[1,2],"4":[1,1],"5":[2,1],"6":[0,3],"7":[2,1],"8":[3,1],"9":[0,0],"10":[0,0],"11":[0,0],"12":[0,0],"13":[0,0],"14":[0,0],"15":[0,0],"16":[0,0],"17":[0,0],"18":[0,0],"19":[0,0],"20":[0,0],"21":[0,0],"22":[0,0],"23":[0,0],"24":[0,0],"25":[0,0],"26":[0,0],"27":[0,0],"28":[0,0],"29":[0,0],"30":[0,0],"31":[0,0],"32":[0,0],"33":[2,1],"34":[3,2],"35":[2,1],"36":[3,3,2],"37":[2,1],"38":[3,3,2,2],"39":[3,0]},"_coverageSchema":"1a1c01bbd47fc00a2c39e90264f33305004495a9","hash":"e319294a24d82b075e916a6eeff1d9017df379be"}
,"C:\\Users\\Mohmmad\\Documents\\vsProject\\web\\SmartOrder\\Backend\\Users\\graphql\\typeDefs.js": {"path":"C:\\Users\\Mohmmad\\Documents\\vsProject\\web\\SmartOrder\\Backend\\Users\\graphql\\typeDefs.js","statementMap":{"0":{"start":{"line":1,"column":16},"end":{"line":1,"column":48}},"1":{"start":{"line":3,"column":0},"end":{"line":120,"column":2}}},"fnMap":{},"branchMap":{},"s":{"0":1,"1":1},"f":{},"b":{},"_coverageSchema":"1a1c01bbd47fc00a2c39e90264f33305004495a9","hash":"363a2939a84aba70b8950224de892e7cb4f6c02f"}
,"C:\\Users\\Mohmmad\\Documents\\vsProject\\web\\SmartOrder\\Backend\\Users\\middleware\\authentication.js": {"path":"C:\\Users\\Mohmmad\\Documents\\vsProject\\web\\SmartOrder\\Backend\\Users\\middleware\\authentication.js","statementMap":{"0":{"start":{"line":1,"column":12},"end":{"line":1,"column":35}},"1":{"start":{"line":2,"column":13},"end":{"line":2,"column":38}},"2":{"start":{"line":5,"column":0},"end":{"line":64,"column":2}},"3":{"start":{"line":6,"column":2},"end":{"line":63,"column":3}},"4":{"start":{"line":9,"column":4},"end":{"line":14,"column":5}},"5":{"start":{"line":13,"column":6},"end":{"line":13,"column":54}},"6":{"start":{"line":16,"column":4},"end":{"line":21,"column":5}},"7":{"start":{"line":17,"column":6},"end":{"line":20,"column":9}},"8":{"start":{"line":24,"column":20},"end":{"line":24,"column":61}},"9":{"start":{"line":27,"column":24},"end":{"line":27,"column":55}},"10":{"start":{"line":28,"column":4},"end":{"line":33,"column":5}},"11":{"start":{"line":29,"column":6},"end":{"line":32,"column":9}},"12":{"start":{"line":36,"column":4},"end":{"line":41,"column":5}},"13":{"start":{"line":37,"column":6},"end":{"line":40,"column":9}},"14":{"start":{"line":44,"column":4},"end":{"line":44,"column":27}},"15":{"start":{"line":45,"column":4},"end":{"line":45,"column":11}},"16":{"start":{"line":47,"column":4},"end":{"line":52,"column":5}},"17":{"start":{"line":48,"column":6},"end":{"line":51,"column":9}},"18":{"start":{"line":53,"column":4},"end":{"line":58,"column":5}},"19":{"start":{"line":54,"column":6},"end":{"line":57,"column":9}},"20":{"start":{"line":59,"column":4},"end":{"line":62,"column":7}},"21":{"start":{"line":67,"column":0},"end":{"line":77,"column":2}},"22":{"start":{"line":68,"column":2},"end":{"line":76,"column":4}},"23":{"start":{"line":69,"column":4},"end":{"line":74,"column":5}},"24":{"start":{"line":70,"column":6},"end":{"line":73,"column":9}},"25":{"start":{"line":75,"column":4},"end":{"line":75,"column":11}},"26":{"start":{"line":80,"column":0},"end":{"line":92,"column":2}},"27":{"start":{"line":81,"column":2},"end":{"line":83,"column":3}},"28":{"start":{"line":82,"column":4},"end":{"line":82,"column":16}},"29":{"start":{"line":85,"column":2},"end":{"line":91,"column":3}},"30":{"start":{"line":86,"column":21},"end":{"line":86,"column":40}},"31":{"start":{"line":87,"column":20},"end":{"line":87,"column":64}},"32":{"start":{"line":88,"column":4},"end":{"line":88,"column":59}},"33":{"start":{"line":90,"column":4},"end":{"line":90,"column":16}}},"fnMap":{"0":{"name":"(anonymous_0)","decl":{"start":{"line":5,"column":18},"end":{"line":5,"column":19}},"loc":{"start":{"line":5,"column":44},"end":{"line":64,"column":1}},"line":5},"1":{"name":"(anonymous_1)","decl":{"start":{"line":67,"column":21},"end":{"line":67,"column":22}},"loc":{"start":{"line":67,"column":35},"end":{"line":77,"column":1}},"line":67},"2":{"name":"(anonymous_2)","decl":{"start":{"line":68,"column":9},"end":{"line":68,"column":10}},"loc":{"start":{"line":68,"column":29},"end":{"line":76,"column":3}},"line":68},"3":{"name":"(anonymous_3)","decl":{"start":{"line":80,"column":25},"end":{"line":80,"column":26}},"loc":{"start":{"line":80,"column":36},"end":{"line":92,"column":1}},"line":80}},"branchMap":{"0":{"loc":{"start":{"line":9,"column":4},"end":{"line":14,"column":5}},"type":"if","locations":[{"start":{"line":9,"column":4},"end":{"line":14,"column":5}},{"start":{},"end":{}}],"line":9},"1":{"loc":{"start":{"line":10,"column":6},"end":{"line":11,"column":52}},"type":"binary-expr","locations":[{"start":{"line":10,"column":6},"end":{"line":10,"column":31}},{"start":{"line":11,"column":6},"end":{"line":11,"column":52}}],"line":10},"2":{"loc":{"start":{"line":16,"column":4},"end":{"line":21,"column":5}},"type":"if","locations":[{"start":{"line":16,"column":4},"end":{"line":21,"column":5}},{"start":{},"end":{}}],"line":16},"3":{"loc":{"start":{"line":28,"column":4},"end":{"line":33,"column":5}},"type":"if","locations":[{"start":{"line":28,"column":4},"end":{"line":33,"column":5}},{"start":{},"end":{}}],"line":28},"4":{"loc":{"start":{"line":36,"column":4},"end":{"line":41,"column":5}},"type":"if","locations":[{"start":{"line":36,"column":4},"end":{"line":41,"column":5}},{"start":{},"end":{}}],"line":36},"5":{"loc":{"start":{"line":47,"column":4},"end":{"line":52,"column":5}},"type":"if","locations":[{"start":{"line":47,"column":4},"end":{"line":52,"column":5}},{"start":{},"end":{}}],"line":47},"6":{"loc":{"start":{"line":53,"column":4},"end":{"line":58,"column":5}},"type":"if","locations":[{"start":{"line":53,"column":4},"end":{"line":58,"column":5}},{"start":{},"end":{}}],"line":53},"7":{"loc":{"start":{"line":69,"column":4},"end":{"line":74,"column":5}},"type":"if","locations":[{"start":{"line":69,"column":4},"end":{"line":74,"column":5}},{"start":{},"end":{}}],"line":69},"8":{"loc":{"start":{"line":81,"column":2},"end":{"line":83,"column":3}},"type":"if","locations":[{"start":{"line":81,"column":2},"end":{"line":83,"column":3}},{"start":{},"end":{}}],"line":81},"9":{"loc":{"start":{"line":81,"column":6},"end":{"line":81,"column":44}},"type":"binary-expr","locations":[{"start":{"line":81,"column":6},"end":{"line":81,"column":12}},{"start":{"line":81,"column":16},"end":{"line":81,"column":44}}],"line":81}},"s":{"0":0,"1":0,"2":0,"3":0,"4":0,"5":0,"6":0,"7":0,"8":0,"9":0,"10":0,"11":0,"12":0,"13":0,"14":0,"15":0,"16":0,"17":0,"18":0,"19":0,"20":0,"21":0,"22":0,"23":0,"24":0,"25":0,"26":0,"27":0,"28":0,"29":0,"30":0,"31":0,"32":0,"33":0},"f":{"0":0,"1":0,"2":0,"3":0},"b":{"0":[0,0],"1":[0,0],"2":[0,0],"3":[0,0],"4":[0,0],"5":[0,0],"6":[0,0],"7":[0,0],"8":[0,0],"9":[0,0]}}
,"C:\\Users\\Mohmmad\\Documents\\vsProject\\web\\SmartOrder\\Backend\\Users\\models\\AuditLog.js": {"path":"C:\\Users\\Mohmmad\\Documents\\vsProject\\web\\SmartOrder\\Backend\\Users\\models\\AuditLog.js","statementMap":{"0":{"start":{"line":1,"column":17},"end":{"line":1,"column":36}},"1":{"start":{"line":3,"column":23},"end":{"line":39,"column":2}},"2":{"start":{"line":42,"column":0},"end":{"line":44,"column":3}},"3":{"start":{"line":43,"column":2},"end":{"line":43,"column":18}},"4":{"start":{"line":47,"column":0},"end":{"line":53,"column":3}},"5":{"start":{"line":50,"column":4},"end":{"line":50,"column":19}},"6":{"start":{"line":51,"column":4},"end":{"line":51,"column":15}},"7":{"start":{"line":56,"column":0},"end":{"line":58,"column":2}},"8":{"start":{"line":57,"column":2},"end":{"line":57,"column":36}},"9":{"start":{"line":61,"column":0},"end":{"line":63,"column":2}},"10":{"start":{"line":62,"column":2},"end":{"line":62,"column":51}},"11":{"start":{"line":66,"column":0},"end":{"line":73,"column":2}},"12":{"start":{"line":67,"column":2},"end":{"line":72,"column":29}},"13":{"start":{"line":75,"column":17},"end":{"line":75,"column":59}},"14":{"start":{"line":77,"column":0},"end":{"line":77,"column":26}}},"fnMap":{"0":{"name":"(anonymous_0)","decl":{"start":{"line":42,"column":37},"end":{"line":42,"column":38}},"loc":{"start":{"line":42,"column":48},"end":{"line":44,"column":1}},"line":42},"1":{"name":"(anonymous_1)","decl":{"start":{"line":49,"column":13},"end":{"line":49,"column":14}},"loc":{"start":{"line":49,"column":27},"end":{"line":52,"column":3}},"line":49},"2":{"name":"(anonymous_2)","decl":{"start":{"line":56,"column":35},"end":{"line":56,"column":36}},"loc":{"start":{"line":56,"column":59},"end":{"line":58,"column":1}},"line":56},"3":{"name":"(anonymous_3)","decl":{"start":{"line":61,"column":36},"end":{"line":61,"column":37}},"loc":{"start":{"line":61,"column":53},"end":{"line":63,"column":1}},"line":61},"4":{"name":"(anonymous_4)","decl":{"start":{"line":66,"column":44},"end":{"line":66,"column":45}},"loc":{"start":{"line":66,"column":77},"end":{"line":73,"column":1}},"line":66}},"branchMap":{},"s":{"0":1,"1":1,"2":1,"3":7,"4":1,"5":0,"6":0,"7":1,"8":8,"9":1,"10":1,"11":1,"12":1,"13":1,"14":1},"f":{"0":7,"1":0,"2":8,"3":1,"4":1},"b":{},"_coverageSchema":"1a1c01bbd47fc00a2c39e90264f33305004495a9","hash":"f2c2629092836435b6480a185f95adb42e4cf6aa"}
,"C:\\Users\\Mohmmad\\Documents\\vsProject\\web\\SmartOrder\\Backend\\Users\\models\\User.js": {"path":"C:\\Users\\Mohmmad\\Documents\\vsProject\\web\\SmartOrder\\Backend\\Users\\models\\User.js","statementMap":{"0":{"start":{"line":1,"column":17},"end":{"line":1,"column":36}},"1":{"start":{"line":2,"column":15},"end":{"line":2,"column":34}},"2":{"start":{"line":3,"column":18},"end":{"line":3,"column":38}},"3":{"start":{"line":4,"column":15},"end":{"line":4,"column":32}},"4":{"start":{"line":6,"column":19},"end":{"line":87,"column":2}},"5":{"start":{"line":34,"column":8},"end":{"line":34,"column":47}},"6":{"start":{"line":89,"column":0},"end":{"line":104,"column":3}},"7":{"start":{"line":91,"column":2},"end":{"line":91,"column":31}},"8":{"start":{"line":94,"column":2},"end":{"line":94,"column":55}},"9":{"start":{"line":94,"column":41},"end":{"line":94,"column":55}},"10":{"start":{"line":96,"column":2},"end":{"line":103,"column":3}},"11":{"start":{"line":98,"column":17},"end":{"line":98,"column":41}},"12":{"start":{"line":99,"column":4},"end":{"line":99,"column":69}},"13":{"start":{"line":100,"column":4},"end":{"line":100,"column":11}},"14":{"start":{"line":102,"column":4},"end":{"line":102,"column":16}},"15":{"start":{"line":107,"column":0},"end":{"line":113,"column":2}},"16":{"start":{"line":108,"column":2},"end":{"line":112,"column":3}},"17":{"start":{"line":109,"column":4},"end":{"line":109,"column":71}},"18":{"start":{"line":111,"column":4},"end":{"line":111,"column":17}},"19":{"start":{"line":116,"column":0},"end":{"line":128,"column":2}},"20":{"start":{"line":117,"column":21},"end":{"line":117,"column":59}},"21":{"start":{"line":119,"column":2},"end":{"line":122,"column":19}},"22":{"start":{"line":125,"column":2},"end":{"line":125,"column":58}},"23":{"start":{"line":127,"column":2},"end":{"line":127,"column":20}},"24":{"start":{"line":131,"column":0},"end":{"line":138,"column":5}},"25":{"start":{"line":133,"column":4},"end":{"line":133,"column":30}},"26":{"start":{"line":134,"column":4},"end":{"line":134,"column":34}},"27":{"start":{"line":137,"column":4},"end":{"line":137,"column":26}},"28":{"start":{"line":141,"column":0},"end":{"line":143,"column":3}},"29":{"start":{"line":142,"column":2},"end":{"line":142,"column":18}},"30":{"start":{"line":146,"column":0},"end":{"line":153,"column":3}},"31":{"start":{"line":149,"column":4},"end":{"line":149,"column":29}},"32":{"start":{"line":150,"column":4},"end":{"line":150,"column":19}},"33":{"start":{"line":151,"column":4},"end":{"line":151,"column":15}},"34":{"start":{"line":155,"column":13},"end":{"line":155,"column":47}},"35":{"start":{"line":157,"column":0},"end":{"line":157,"column":22}}},"fnMap":{"0":{"name":"(anonymous_0)","decl":{"start":{"line":33,"column":17},"end":{"line":33,"column":18}},"loc":{"start":{"line":33,"column":33},"end":{"line":35,"column":7}},"line":33},"1":{"name":"(anonymous_1)","decl":{"start":{"line":89,"column":23},"end":{"line":89,"column":24}},"loc":{"start":{"line":89,"column":44},"end":{"line":104,"column":1}},"line":89},"2":{"name":"(anonymous_2)","decl":{"start":{"line":107,"column":37},"end":{"line":107,"column":38}},"loc":{"start":{"line":107,"column":71},"end":{"line":113,"column":1}},"line":107},"3":{"name":"(anonymous_3)","decl":{"start":{"line":116,"column":46},"end":{"line":116,"column":47}},"loc":{"start":{"line":116,"column":57},"end":{"line":128,"column":1}},"line":116},"4":{"name":"(anonymous_4)","decl":{"start":{"line":132,"column":7},"end":{"line":132,"column":8}},"loc":{"start":{"line":132,"column":26},"end":{"line":135,"column":3}},"line":132},"5":{"name":"(anonymous_5)","decl":{"start":{"line":136,"column":7},"end":{"line":136,"column":8}},"loc":{"start":{"line":136,"column":18},"end":{"line":138,"column":3}},"line":136},"6":{"name":"(anonymous_6)","decl":{"start":{"line":141,"column":34},"end":{"line":141,"column":35}},"loc":{"start":{"line":141,"column":45},"end":{"line":143,"column":1}},"line":141},"7":{"name":"(anonymous_7)","decl":{"start":{"line":148,"column":13},"end":{"line":148,"column":14}},"loc":{"start":{"line":148,"column":27},"end":{"line":152,"column":3}},"line":148}},"branchMap":{"0":{"loc":{"start":{"line":94,"column":2},"end":{"line":94,"column":55}},"type":"if","locations":[{"start":{"line":94,"column":2},"end":{"line":94,"column":55}},{"start":{},"end":{}}],"line":94}},"s":{"0":1,"1":1,"2":1,"3":1,"4":1,"5":4,"6":1,"7":4,"8":4,"9":0,"10":4,"11":4,"12":4,"13":4,"14":0,"15":1,"16":0,"17":0,"18":0,"19":1,"20":0,"21":0,"22":0,"23":0,"24":1,"25":0,"26":0,"27":0,"28":1,"29":0,"30":1,"31":0,"32":0,"33":0,"34":1,"35":1},"f":{"0":4,"1":4,"2":0,"3":0,"4":0,"5":0,"6":0,"7":0},"b":{"0":[0,4]},"_coverageSchema":"1a1c01bbd47fc00a2c39e90264f33305004495a9","hash":"a579a407b1e77f20a334b747945da1239ca277a4"}
,"C:\\Users\\Mohmmad\\Documents\\vsProject\\web\\SmartOrder\\Backend\\Users\\utils\\auth.js": {"path":"C:\\Users\\Mohmmad\\Documents\\vsProject\\web\\SmartOrder\\Backend\\Users\\utils\\auth.js","statementMap":{"0":{"start":{"line":1,"column":12},"end":{"line":1,"column":35}},"1":{"start":{"line":2,"column":15},"end":{"line":2,"column":32}},"2":{"start":{"line":9,"column":28},"end":{"line":21,"column":1}},"3":{"start":{"line":10,"column":18},"end":{"line":14,"column":3}},"4":{"start":{"line":17,"column":17},"end":{"line":17,"column":60}},"5":{"start":{"line":18,"column":17},"end":{"line":18,"column":47}},"6":{"start":{"line":20,"column":2},"end":{"line":20,"column":58}},"7":{"start":{"line":28,"column":29},"end":{"line":39,"column":1}},"8":{"start":{"line":29,"column":18},"end":{"line":32,"column":3}},"9":{"start":{"line":35,"column":17},"end":{"line":35,"column":76}},"10":{"start":{"line":36,"column":17},"end":{"line":36,"column":55}},"11":{"start":{"line":38,"column":2},"end":{"line":38,"column":58}},"12":{"start":{"line":46,"column":27},"end":{"line":55,"column":1}},"13":{"start":{"line":47,"column":2},"end":{"line":54,"column":3}},"14":{"start":{"line":49,"column":19},"end":{"line":49,"column":78}},"15":{"start":{"line":51,"column":4},"end":{"line":51,"column":37}},"16":{"start":{"line":53,"column":4},"end":{"line":53,"column":16}},"17":{"start":{"line":62,"column":24},"end":{"line":75,"column":1}},"18":{"start":{"line":64,"column":19},"end":{"line":64,"column":64}},"19":{"start":{"line":67,"column":2},"end":{"line":67,"column":44}},"20":{"start":{"line":70,"column":2},"end":{"line":70,"column":22}},"21":{"start":{"line":71,"column":2},"end":{"line":71,"column":22}},"22":{"start":{"line":72,"column":2},"end":{"line":72,"column":32}},"23":{"start":{"line":74,"column":2},"end":{"line":74,"column":18}},"24":{"start":{"line":77,"column":0},"end":{"line":82,"column":2}}},"fnMap":{"0":{"name":"(anonymous_0)","decl":{"start":{"line":9,"column":28},"end":{"line":9,"column":29}},"loc":{"start":{"line":9,"column":38},"end":{"line":21,"column":1}},"line":9},"1":{"name":"(anonymous_1)","decl":{"start":{"line":28,"column":29},"end":{"line":28,"column":30}},"loc":{"start":{"line":28,"column":39},"end":{"line":39,"column":1}},"line":28},"2":{"name":"(anonymous_2)","decl":{"start":{"line":46,"column":27},"end":{"line":46,"column":28}},"loc":{"start":{"line":46,"column":38},"end":{"line":55,"column":1}},"line":46},"3":{"name":"(anonymous_3)","decl":{"start":{"line":62,"column":24},"end":{"line":62,"column":25}},"loc":{"start":{"line":62,"column":34},"end":{"line":75,"column":1}},"line":62}},"branchMap":{"0":{"loc":{"start":{"line":11,"column":8},"end":{"line":11,"column":27}},"type":"binary-expr","locations":[{"start":{"line":11,"column":8},"end":{"line":11,"column":16}},{"start":{"line":11,"column":20},"end":{"line":11,"column":27}}],"line":11},"1":{"loc":{"start":{"line":17,"column":17},"end":{"line":17,"column":60}},"type":"binary-expr","locations":[{"start":{"line":17,"column":17},"end":{"line":17,"column":39}},{"start":{"line":17,"column":43},"end":{"line":17,"column":60}}],"line":17},"2":{"loc":{"start":{"line":18,"column":17},"end":{"line":18,"column":47}},"type":"binary-expr","locations":[{"start":{"line":18,"column":17},"end":{"line":18,"column":39}},{"start":{"line":18,"column":43},"end":{"line":18,"column":47}}],"line":18},"3":{"loc":{"start":{"line":30,"column":8},"end":{"line":30,"column":27}},"type":"binary-expr","locations":[{"start":{"line":30,"column":8},"end":{"line":30,"column":16}},{"start":{"line":30,"column":20},"end":{"line":30,"column":27}}],"line":30},"4":{"loc":{"start":{"line":35,"column":17},"end":{"line":35,"column":76}},"type":"binary-expr","locations":[{"start":{"line":35,"column":17},"end":{"line":35,"column":47}},{"start":{"line":35,"column":51},"end":{"line":35,"column":76}}],"line":35},"5":{"loc":{"start":{"line":36,"column":17},"end":{"line":36,"column":55}},"type":"binary-expr","locations":[{"start":{"line":36,"column":17},"end":{"line":36,"column":47}},{"start":{"line":36,"column":51},"end":{"line":36,"column":55}}],"line":36},"6":{"loc":{"start":{"line":49,"column":19},"end":{"line":49,"column":78}},"type":"binary-expr","locations":[{"start":{"line":49,"column":19},"end":{"line":49,"column":49}},{"start":{"line":49,"column":53},"end":{"line":49,"column":78}}],"line":49},"7":{"loc":{"start":{"line":64,"column":19},"end":{"line":64,"column":64}},"type":"cond-expr","locations":[{"start":{"line":64,"column":35},"end":{"line":64,"column":50}},{"start":{"line":64,"column":53},"end":{"line":64,"column":64}}],"line":64},"8":{"loc":{"start":{"line":67,"column":16},"end":{"line":67,"column":43}},"type":"binary-expr","locations":[{"start":{"line":67,"column":16},"end":{"line":67,"column":28}},{"start":{"line":67,"column":32},"end":{"line":67,"column":43}}],"line":67}},"s":{"0":1,"1":1,"2":1,"3":0,"4":0,"5":0,"6":0,"7":1,"8":0,"9":0,"10":0,"11":0,"12":1,"13":0,"14":0,"15":0,"16":0,"17":1,"18":0,"19":0,"20":0,"21":0,"22":0,"23":0,"24":1},"f":{"0":0,"1":0,"2":0,"3":0},"b":{"0":[0,0],"1":[0,0],"2":[0,0],"3":[0,0],"4":[0,0],"5":[0,0],"6":[0,0],"7":[0,0],"8":[0,0]},"_coverageSchema":"1a1c01bbd47fc00a2c39e90264f33305004495a9","hash":"776efe700f46ad2a96ffed4d81b5129a6b1f8426"}
}
