TN:
SF:graphql\resolvers.js
FN:17,(anonymous_0)
FN:20,(anonymous_1)
FN:23,(anonymous_2)
FN:26,(anonymous_3)
FN:47,(anonymous_4)
FN:68,(anonymous_5)
FN:95,(anonymous_6)
FN:122,(anonymous_7)
FN:166,(anonymous_8)
FN:202,(anonymous_9)
FN:240,(anonymous_10)
FN:269,(anonymous_11)
FN:290,(anonymous_12)
FN:329,(anonymous_13)
FNF:14
FNH:4
FNDA:0,(anonymous_0)
FNDA:2,(anonymous_1)
FNDA:0,(anonymous_2)
FNDA:0,(anonymous_3)
FNDA:0,(anonymous_4)
FNDA:3,(anonymous_5)
FNDA:3,(anonymous_6)
FNDA:0,(anonymous_7)
FNDA:0,(anonymous_8)
FNDA:0,(anonymous_9)
FNDA:0,(anonymous_10)
FNDA:0,(anonymous_11)
FNDA:0,(anonymous_12)
FNDA:3,(anonymous_13)
DA:1,1
DA:2,1
DA:3,1
DA:4,1
DA:10,1
DA:11,1
DA:14,1
DA:18,0
DA:21,2
DA:24,0
DA:26,0
DA:27,0
DA:28,0
DA:31,0
DA:35,1
DA:48,0
DA:49,0
DA:52,0
DA:53,0
DA:54,0
DA:57,0
DA:69,3
DA:70,1
DA:74,2
DA:75,2
DA:76,1
DA:79,1
DA:96,3
DA:97,0
DA:101,3
DA:102,3
DA:103,2
DA:106,1
DA:109,1
DA:110,1
DA:111,1
DA:113,0
DA:116,1
DA:123,0
DA:126,0
DA:130,0
DA:131,0
DA:132,0
DA:134,0
DA:135,0
DA:140,0
DA:141,0
DA:145,0
DA:155,0
DA:159,0
DA:167,0
DA:170,0
DA:173,0
DA:174,0
DA:178,0
DA:179,0
DA:183,0
DA:186,0
DA:187,0
DA:190,0
DA:191,0
DA:193,0
DA:203,0
DA:206,0
DA:212,0
DA:218,0
DA:219,0
DA:223,0
DA:224,0
DA:228,0
DA:229,0
DA:230,0
DA:232,0
DA:234,0
DA:241,0
DA:244,0
DA:245,0
DA:246,0
DA:250,0
DA:255,0
DA:256,0
DA:260,0
DA:262,0
DA:270,0
DA:272,0
DA:276,0
DA:278,0
DA:284,0
DA:291,0
DA:292,0
DA:295,0
DA:298,0
DA:299,0
DA:300,0
DA:304,0
DA:305,0
DA:306,0
DA:307,0
DA:312,0
DA:313,0
DA:314,0
DA:317,0
DA:319,0
DA:331,3
DA:332,2
DA:336,3
DA:337,2
DA:341,3
DA:342,2
DA:346,3
DA:347,3
DA:351,3
LF:112
LH:33
BRDA:24,0,0,0
BRDA:24,0,1,0
BRDA:48,1,0,0
BRDA:48,1,1,0
BRDA:53,2,0,0
BRDA:53,2,1,0
BRDA:69,3,0,1
BRDA:69,3,1,2
BRDA:75,4,0,1
BRDA:75,4,1,1
BRDA:75,5,0,2
BRDA:75,5,1,1
BRDA:96,6,0,0
BRDA:96,6,1,3
BRDA:102,7,0,2
BRDA:102,7,1,1
BRDA:102,8,0,3
BRDA:102,8,1,1
BRDA:130,9,0,0
BRDA:130,9,1,0
BRDA:131,10,0,0
BRDA:131,10,1,0
BRDA:134,11,0,0
BRDA:134,11,1,0
BRDA:140,12,0,0
BRDA:140,12,1,0
BRDA:150,13,0,0
BRDA:150,13,1,0
BRDA:173,14,0,0
BRDA:173,14,1,0
BRDA:173,15,0,0
BRDA:173,15,1,0
BRDA:178,16,0,0
BRDA:178,16,1,0
BRDA:218,17,0,0
BRDA:218,17,1,0
BRDA:223,18,0,0
BRDA:223,18,1,0
BRDA:245,19,0,0
BRDA:245,19,1,0
BRDA:255,20,0,0
BRDA:255,20,1,0
BRDA:270,21,0,0
BRDA:270,21,1,0
BRDA:270,22,0,0
BRDA:270,22,1,0
BRDA:276,23,0,0
BRDA:276,23,1,0
BRDA:276,24,0,0
BRDA:276,24,1,0
BRDA:291,25,0,0
BRDA:291,25,1,0
BRDA:299,26,0,0
BRDA:299,26,1,0
BRDA:304,27,0,0
BRDA:304,27,1,0
BRDA:304,28,0,0
BRDA:304,28,1,0
BRDA:306,29,0,0
BRDA:306,29,1,0
BRDA:312,30,0,0
BRDA:312,30,1,0
BRDA:313,31,0,0
BRDA:313,31,1,0
BRDA:314,32,0,0
BRDA:314,32,1,0
BRDA:331,33,0,2
BRDA:331,33,1,1
BRDA:331,34,0,3
BRDA:331,34,1,2
BRDA:336,35,0,2
BRDA:336,35,1,1
BRDA:336,36,0,3
BRDA:336,36,1,3
BRDA:336,36,2,2
BRDA:341,37,0,2
BRDA:341,37,1,1
BRDA:341,38,0,3
BRDA:341,38,1,3
BRDA:341,38,2,2
BRDA:341,38,3,2
BRDA:346,39,0,3
BRDA:346,39,1,0
BRF:83
BRH:27
end_of_record
TN:
SF:graphql\typeDefs.js
FNF:0
FNH:0
DA:1,1
DA:3,1
LF:2
LH:2
BRF:0
BRH:0
end_of_record
TN:
SF:middleware\authentication.js
FN:5,(anonymous_0)
FN:67,(anonymous_1)
FN:68,(anonymous_2)
FN:80,(anonymous_3)
FNF:4
FNH:0
FNDA:0,(anonymous_0)
FNDA:0,(anonymous_1)
FNDA:0,(anonymous_2)
FNDA:0,(anonymous_3)
DA:1,0
DA:2,0
DA:5,0
DA:6,0
DA:9,0
DA:13,0
DA:16,0
DA:17,0
DA:24,0
DA:27,0
DA:28,0
DA:29,0
DA:36,0
DA:37,0
DA:44,0
DA:45,0
DA:47,0
DA:48,0
DA:53,0
DA:54,0
DA:59,0
DA:67,0
DA:68,0
DA:69,0
DA:70,0
DA:75,0
DA:80,0
DA:81,0
DA:82,0
DA:85,0
DA:86,0
DA:87,0
DA:88,0
DA:90,0
LF:34
LH:0
BRDA:9,0,0,0
BRDA:9,0,1,0
BRDA:10,1,0,0
BRDA:10,1,1,0
BRDA:16,2,0,0
BRDA:16,2,1,0
BRDA:28,3,0,0
BRDA:28,3,1,0
BRDA:36,4,0,0
BRDA:36,4,1,0
BRDA:47,5,0,0
BRDA:47,5,1,0
BRDA:53,6,0,0
BRDA:53,6,1,0
BRDA:69,7,0,0
BRDA:69,7,1,0
BRDA:81,8,0,0
BRDA:81,8,1,0
BRDA:81,9,0,0
BRDA:81,9,1,0
BRF:20
BRH:0
end_of_record
TN:
SF:models\AuditLog.js
FN:42,(anonymous_0)
FN:49,(anonymous_1)
FN:56,(anonymous_2)
FN:61,(anonymous_3)
FN:66,(anonymous_4)
FNF:5
FNH:4
FNDA:7,(anonymous_0)
FNDA:0,(anonymous_1)
FNDA:8,(anonymous_2)
FNDA:1,(anonymous_3)
FNDA:1,(anonymous_4)
DA:1,1
DA:3,1
DA:42,1
DA:43,7
DA:47,1
DA:50,0
DA:51,0
DA:56,1
DA:57,8
DA:61,1
DA:62,1
DA:66,1
DA:67,1
DA:75,1
DA:77,1
LF:15
LH:13
BRF:0
BRH:0
end_of_record
TN:
SF:models\User.js
FN:33,(anonymous_0)
FN:89,(anonymous_1)
FN:107,(anonymous_2)
FN:116,(anonymous_3)
FN:132,(anonymous_4)
FN:136,(anonymous_5)
FN:141,(anonymous_6)
FN:148,(anonymous_7)
FNF:8
FNH:2
FNDA:4,(anonymous_0)
FNDA:4,(anonymous_1)
FNDA:0,(anonymous_2)
FNDA:0,(anonymous_3)
FNDA:0,(anonymous_4)
FNDA:0,(anonymous_5)
FNDA:0,(anonymous_6)
FNDA:0,(anonymous_7)
DA:1,1
DA:2,1
DA:3,1
DA:4,1
DA:6,1
DA:34,4
DA:89,1
DA:91,4
DA:94,4
DA:96,4
DA:98,4
DA:99,4
DA:100,4
DA:102,0
DA:107,1
DA:108,0
DA:109,0
DA:111,0
DA:116,1
DA:117,0
DA:119,0
DA:125,0
DA:127,0
DA:131,1
DA:133,0
DA:134,0
DA:137,0
DA:141,1
DA:142,0
DA:146,1
DA:149,0
DA:150,0
DA:151,0
DA:155,1
DA:157,1
LF:35
LH:20
BRDA:94,0,0,0
BRDA:94,0,1,4
BRF:2
BRH:1
end_of_record
TN:
SF:utils\auth.js
FN:9,(anonymous_0)
FN:28,(anonymous_1)
FN:46,(anonymous_2)
FN:62,(anonymous_3)
FNF:4
FNH:0
FNDA:0,(anonymous_0)
FNDA:0,(anonymous_1)
FNDA:0,(anonymous_2)
FNDA:0,(anonymous_3)
DA:1,1
DA:2,1
DA:9,1
DA:10,0
DA:17,0
DA:18,0
DA:20,0
DA:28,1
DA:29,0
DA:35,0
DA:36,0
DA:38,0
DA:46,1
DA:47,0
DA:49,0
DA:51,0
DA:53,0
DA:62,1
DA:64,0
DA:67,0
DA:70,0
DA:71,0
DA:72,0
DA:74,0
DA:77,1
LF:25
LH:7
BRDA:11,0,0,0
BRDA:11,0,1,0
BRDA:17,1,0,0
BRDA:17,1,1,0
BRDA:18,2,0,0
BRDA:18,2,1,0
BRDA:30,3,0,0
BRDA:30,3,1,0
BRDA:35,4,0,0
BRDA:35,4,1,0
BRDA:36,5,0,0
BRDA:36,5,1,0
BRDA:49,6,0,0
BRDA:49,6,1,0
BRDA:64,7,0,0
BRDA:64,7,1,0
BRDA:67,8,0,0
BRDA:67,8,1,0
BRF:18
BRH:0
end_of_record
