{"C:\\Users\\Mohmmad\\Documents\\vsProject\\web\\SmartOrder\\Backend\\Messages\\graphql\\resolvers.js": {"path":"C:\\Users\\Mohmmad\\Documents\\vsProject\\web\\SmartOrder\\Backend\\Messages\\graphql\\resolvers.js","statementMap":{"0":{"start":{"line":1,"column":21},"end":{"line":1,"column":54}},"1":{"start":{"line":2,"column":16},"end":{"line":2,"column":44}},"2":{"start":{"line":3,"column":36},"end":{"line":3,"column":74}},"3":{"start":{"line":5,"column":18},"end":{"line":176,"column":1}},"4":{"start":{"line":9,"column":6},"end":{"line":18,"column":7}},"5":{"start":{"line":10,"column":8},"end":{"line":15,"column":36}},"6":{"start":{"line":17,"column":8},"end":{"line":17,"column":75}},"7":{"start":{"line":23,"column":6},"end":{"line":27,"column":7}},"8":{"start":{"line":24,"column":8},"end":{"line":24,"column":47}},"9":{"start":{"line":26,"column":8},"end":{"line":26,"column":74}},"10":{"start":{"line":32,"column":6},"end":{"line":39,"column":7}},"11":{"start":{"line":33,"column":8},"end":{"line":36,"column":24}},"12":{"start":{"line":38,"column":8},"end":{"line":38,"column":70}},"13":{"start":{"line":44,"column":6},"end":{"line":64,"column":7}},"14":{"start":{"line":46,"column":30},"end":{"line":51,"column":10}},"15":{"start":{"line":54,"column":32},"end":{"line":54,"column":69}},"16":{"start":{"line":54,"column":59},"end":{"line":54,"column":68}},"17":{"start":{"line":57,"column":8},"end":{"line":61,"column":11}},"18":{"start":{"line":63,"column":8},"end":{"line":63,"column":77}},"19":{"start":{"line":71,"column":6},"end":{"line":96,"column":7}},"20":{"start":{"line":73,"column":37},"end":{"line":86,"column":10}},"21":{"start":{"line":88,"column":8},"end":{"line":90,"column":9}},"22":{"start":{"line":89,"column":10},"end":{"line":89,"column":38}},"23":{"start":{"line":93,"column":8},"end":{"line":93,"column":48}},"24":{"start":{"line":95,"column":8},"end":{"line":95,"column":75}},"25":{"start":{"line":101,"column":6},"end":{"line":122,"column":7}},"26":{"start":{"line":103,"column":24},"end":{"line":103,"column":51}},"27":{"start":{"line":106,"column":29},"end":{"line":110,"column":9}},"28":{"start":{"line":113,"column":8},"end":{"line":117,"column":9}},"29":{"start":{"line":116,"column":10},"end":{"line":116,"column":69}},"30":{"start":{"line":119,"column":8},"end":{"line":119,"column":23}},"31":{"start":{"line":121,"column":8},"end":{"line":121,"column":68}},"32":{"start":{"line":127,"column":6},"end":{"line":138,"column":7}},"33":{"start":{"line":128,"column":8},"end":{"line":135,"column":10}},"34":{"start":{"line":137,"column":8},"end":{"line":137,"column":76}},"35":{"start":{"line":143,"column":6},"end":{"line":160,"column":7}},"36":{"start":{"line":144,"column":8},"end":{"line":154,"column":10}},"37":{"start":{"line":156,"column":8},"end":{"line":156,"column":20}},"38":{"start":{"line":158,"column":8},"end":{"line":158,"column":90}},"39":{"start":{"line":159,"column":8},"end":{"line":159,"column":21}},"40":{"start":{"line":167,"column":6},"end":{"line":173,"column":7}},"41":{"start":{"line":168,"column":8},"end":{"line":170,"column":21}},"42":{"start":{"line":172,"column":8},"end":{"line":172,"column":83}},"43":{"start":{"line":178,"column":0},"end":{"line":178,"column":27}}},"fnMap":{"0":{"name":"(anonymous_0)","decl":{"start":{"line":8,"column":19},"end":{"line":8,"column":20}},"loc":{"start":{"line":8,"column":44},"end":{"line":19,"column":5}},"line":8},"1":{"name":"(anonymous_1)","decl":{"start":{"line":22,"column":18},"end":{"line":22,"column":19}},"loc":{"start":{"line":22,"column":39},"end":{"line":28,"column":5}},"line":22},"2":{"name":"(anonymous_2)","decl":{"start":{"line":31,"column":14},"end":{"line":31,"column":15}},"loc":{"start":{"line":31,"column":71},"end":{"line":40,"column":5}},"line":31},"3":{"name":"(anonymous_3)","decl":{"start":{"line":43,"column":25},"end":{"line":43,"column":26}},"loc":{"start":{"line":43,"column":50},"end":{"line":65,"column":5}},"line":43},"4":{"name":"(anonymous_4)","decl":{"start":{"line":54,"column":50},"end":{"line":54,"column":51}},"loc":{"start":{"line":54,"column":59},"end":{"line":54,"column":68}},"line":54},"5":{"name":"(anonymous_5)","decl":{"start":{"line":70,"column":24},"end":{"line":70,"column":25}},"loc":{"start":{"line":70,"column":48},"end":{"line":97,"column":5}},"line":70},"6":{"name":"(anonymous_6)","decl":{"start":{"line":100,"column":17},"end":{"line":100,"column":18}},"loc":{"start":{"line":100,"column":51},"end":{"line":123,"column":5}},"line":100},"7":{"name":"(anonymous_7)","decl":{"start":{"line":126,"column":23},"end":{"line":126,"column":24}},"loc":{"start":{"line":126,"column":44},"end":{"line":139,"column":5}},"line":126},"8":{"name":"(anonymous_8)","decl":{"start":{"line":142,"column":39},"end":{"line":142,"column":40}},"loc":{"start":{"line":142,"column":80},"end":{"line":161,"column":5}},"line":142},"9":{"name":"(anonymous_9)","decl":{"start":{"line":166,"column":14},"end":{"line":166,"column":15}},"loc":{"start":{"line":166,"column":32},"end":{"line":174,"column":5}},"line":166}},"branchMap":{"0":{"loc":{"start":{"line":31,"column":42},"end":{"line":31,"column":52}},"type":"default-arg","locations":[{"start":{"line":31,"column":50},"end":{"line":31,"column":52}}],"line":31},"1":{"loc":{"start":{"line":31,"column":54},"end":{"line":31,"column":64}},"type":"default-arg","locations":[{"start":{"line":31,"column":63},"end":{"line":31,"column":64}}],"line":31},"2":{"loc":{"start":{"line":88,"column":8},"end":{"line":90,"column":9}},"type":"if","locations":[{"start":{"line":88,"column":8},"end":{"line":90,"column":9}},{"start":{},"end":{}}],"line":88},"3":{"loc":{"start":{"line":113,"column":8},"end":{"line":117,"column":9}},"type":"if","locations":[{"start":{"line":113,"column":8},"end":{"line":117,"column":9}},{"start":{},"end":{}}],"line":113},"4":{"loc":{"start":{"line":113,"column":12},"end":{"line":113,"column":32}},"type":"binary-expr","locations":[{"start":{"line":113,"column":12},"end":{"line":113,"column":16}},{"start":{"line":113,"column":20},"end":{"line":113,"column":32}}],"line":113}},"s":{"0":0,"1":0,"2":0,"3":0,"4":0,"5":0,"6":0,"7":0,"8":0,"9":0,"10":0,"11":0,"12":0,"13":0,"14":0,"15":0,"16":0,"17":0,"18":0,"19":0,"20":0,"21":0,"22":0,"23":0,"24":0,"25":0,"26":0,"27":0,"28":0,"29":0,"30":0,"31":0,"32":0,"33":0,"34":0,"35":0,"36":0,"37":0,"38":0,"39":0,"40":0,"41":0,"42":0,"43":0},"f":{"0":0,"1":0,"2":0,"3":0,"4":0,"5":0,"6":0,"7":0,"8":0,"9":0},"b":{"0":[0],"1":[0],"2":[0,0],"3":[0,0],"4":[0,0]}}
,"C:\\Users\\Mohmmad\\Documents\\vsProject\\web\\SmartOrder\\Backend\\Messages\\graphql\\typeDefs.js": {"path":"C:\\Users\\Mohmmad\\Documents\\vsProject\\web\\SmartOrder\\Backend\\Messages\\graphql\\typeDefs.js","statementMap":{"0":{"start":{"line":1,"column":16},"end":{"line":1,"column":48}},"1":{"start":{"line":3,"column":17},"end":{"line":67,"column":1}},"2":{"start":{"line":69,"column":0},"end":{"line":69,"column":26}}},"fnMap":{},"branchMap":{},"s":{"0":0,"1":0,"2":0},"f":{},"b":{}}
,"C:\\Users\\Mohmmad\\Documents\\vsProject\\web\\SmartOrder\\Backend\\Messages\\models\\Conversation.js": {"path":"C:\\Users\\Mohmmad\\Documents\\vsProject\\web\\SmartOrder\\Backend\\Messages\\models\\Conversation.js","statementMap":{"0":{"start":{"line":1,"column":17},"end":{"line":1,"column":36}},"1":{"start":{"line":3,"column":27},"end":{"line":32,"column":2}},"2":{"start":{"line":35,"column":0},"end":{"line":35,"column":69}},"3":{"start":{"line":36,"column":0},"end":{"line":36,"column":42}},"4":{"start":{"line":39,"column":0},"end":{"line":43,"column":3}},"5":{"start":{"line":46,"column":0},"end":{"line":52,"column":3}},"6":{"start":{"line":49,"column":4},"end":{"line":49,"column":19}},"7":{"start":{"line":50,"column":4},"end":{"line":50,"column":15}},"8":{"start":{"line":54,"column":21},"end":{"line":54,"column":71}},"9":{"start":{"line":56,"column":0},"end":{"line":56,"column":30}}},"fnMap":{"0":{"name":"(anonymous_0)","decl":{"start":{"line":48,"column":13},"end":{"line":48,"column":14}},"loc":{"start":{"line":48,"column":27},"end":{"line":51,"column":3}},"line":48}},"branchMap":{},"s":{"0":2,"1":2,"2":2,"3":2,"4":2,"5":2,"6":0,"7":0,"8":2,"9":2},"f":{"0":0},"b":{},"_coverageSchema":"1a1c01bbd47fc00a2c39e90264f33305004495a9","hash":"a12a978ed4d631d2339442e0ad93061a2e82ccfd"}
,"C:\\Users\\Mohmmad\\Documents\\vsProject\\web\\SmartOrder\\Backend\\Messages\\models\\Message.js": {"path":"C:\\Users\\Mohmmad\\Documents\\vsProject\\web\\SmartOrder\\Backend\\Messages\\models\\Message.js","statementMap":{"0":{"start":{"line":1,"column":17},"end":{"line":1,"column":36}},"1":{"start":{"line":3,"column":22},"end":{"line":48,"column":2}},"2":{"start":{"line":51,"column":0},"end":{"line":51,"column":57}},"3":{"start":{"line":52,"column":0},"end":{"line":52,"column":38}},"4":{"start":{"line":53,"column":0},"end":{"line":53,"column":54}},"5":{"start":{"line":56,"column":0},"end":{"line":62,"column":3}},"6":{"start":{"line":59,"column":4},"end":{"line":59,"column":19}},"7":{"start":{"line":60,"column":4},"end":{"line":60,"column":15}},"8":{"start":{"line":64,"column":16},"end":{"line":64,"column":56}},"9":{"start":{"line":66,"column":0},"end":{"line":66,"column":25}}},"fnMap":{"0":{"name":"(anonymous_0)","decl":{"start":{"line":58,"column":13},"end":{"line":58,"column":14}},"loc":{"start":{"line":58,"column":27},"end":{"line":61,"column":3}},"line":58}},"branchMap":{},"s":{"0":2,"1":2,"2":2,"3":2,"4":2,"5":2,"6":0,"7":0,"8":2,"9":2},"f":{"0":0},"b":{},"_coverageSchema":"1a1c01bbd47fc00a2c39e90264f33305004495a9","hash":"9fd53ec21d0ec91ae01c85365b3306ae3b911ade"}
,"C:\\Users\\Mohmmad\\Documents\\vsProject\\web\\SmartOrder\\Backend\\Messages\\utils\\notificationHelper.js": {"path":"C:\\Users\\Mohmmad\\Documents\\vsProject\\web\\SmartOrder\\Backend\\Messages\\utils\\notificationHelper.js","statementMap":{"0":{"start":{"line":1,"column":14},"end":{"line":1,"column":30}},"1":{"start":{"line":3,"column":33},"end":{"line":3,"column":104}},"2":{"start":{"line":13,"column":2},"end":{"line":58,"column":3}},"3":{"start":{"line":15,"column":24},"end":{"line":17,"column":35}},"4":{"start":{"line":20,"column":29},"end":{"line":32,"column":5}},"5":{"start":{"line":35,"column":21},"end":{"line":43,"column":5}},"6":{"start":{"line":46,"column":21},"end":{"line":51,"column":6}},"7":{"start":{"line":53,"column":4},"end":{"line":53,"column":49}},"8":{"start":{"line":55,"column":4},"end":{"line":55,"column":72}},"9":{"start":{"line":57,"column":4},"end":{"line":57,"column":16}},"10":{"start":{"line":61,"column":0},"end":{"line":63,"column":2}}},"fnMap":{"0":{"name":"sendMessageNotification","decl":{"start":{"line":12,"column":15},"end":{"line":12,"column":38}},"loc":{"start":{"line":12,"column":70},"end":{"line":59,"column":1}},"line":12}},"branchMap":{"0":{"loc":{"start":{"line":3,"column":33},"end":{"line":3,"column":104}},"type":"binary-expr","locations":[{"start":{"line":3,"column":33},"end":{"line":3,"column":69}},{"start":{"line":3,"column":73},"end":{"line":3,"column":104}}],"line":3},"1":{"loc":{"start":{"line":15,"column":24},"end":{"line":17,"column":35}},"type":"cond-expr","locations":[{"start":{"line":16,"column":8},"end":{"line":16,"column":37}},{"start":{"line":17,"column":8},"end":{"line":17,"column":35}}],"line":15},"2":{"loc":{"start":{"line":23,"column":60},"end":{"line":23,"column":109}},"type":"cond-expr","locations":[{"start":{"line":23,"column":99},"end":{"line":23,"column":104}},{"start":{"line":23,"column":107},"end":{"line":23,"column":109}}],"line":23}},"s":{"0":0,"1":0,"2":0,"3":0,"4":0,"5":0,"6":0,"7":0,"8":0,"9":0,"10":0},"f":{"0":0},"b":{"0":[0,0],"1":[0,0],"2":[0,0]}}
}
