TN:
SF:graphql\resolvers.js
FN:8,(anonymous_0)
FN:22,(anonymous_1)
FN:31,(anonymous_2)
FN:43,(anonymous_3)
FN:54,(anonymous_4)
FN:70,(anonymous_5)
FN:100,(anonymous_6)
FN:126,(anonymous_7)
FN:142,(anonymous_8)
FN:166,(anonymous_9)
FNF:10
FNH:0
FNDA:0,(anonymous_0)
FNDA:0,(anonymous_1)
FNDA:0,(anonymous_2)
FNDA:0,(anonymous_3)
FNDA:0,(anonymous_4)
FNDA:0,(anonymous_5)
FNDA:0,(anonymous_6)
FNDA:0,(anonymous_7)
FNDA:0,(anonymous_8)
FNDA:0,(anonymous_9)
DA:1,0
DA:2,0
DA:3,0
DA:5,0
DA:9,0
DA:10,0
DA:17,0
DA:23,0
DA:24,0
DA:26,0
DA:32,0
DA:33,0
DA:38,0
DA:44,0
DA:46,0
DA:54,0
DA:57,0
DA:63,0
DA:71,0
DA:73,0
DA:88,0
DA:89,0
DA:93,0
DA:95,0
DA:101,0
DA:103,0
DA:106,0
DA:113,0
DA:116,0
DA:119,0
DA:121,0
DA:127,0
DA:128,0
DA:137,0
DA:143,0
DA:144,0
DA:156,0
DA:158,0
DA:159,0
DA:167,0
DA:168,0
DA:172,0
DA:178,0
LF:43
LH:0
BRDA:31,0,0,0
BRDA:31,1,0,0
BRDA:88,2,0,0
BRDA:88,2,1,0
BRDA:113,3,0,0
BRDA:113,3,1,0
BRDA:113,4,0,0
BRDA:113,4,1,0
BRF:8
BRH:0
end_of_record
TN:
SF:graphql\typeDefs.js
FNF:0
FNH:0
DA:1,0
DA:3,0
DA:69,0
LF:3
LH:0
BRF:0
BRH:0
end_of_record
TN:
SF:models\Conversation.js
FN:48,(anonymous_0)
FNF:1
FNH:0
FNDA:0,(anonymous_0)
DA:1,2
DA:3,2
DA:35,2
DA:36,2
DA:39,2
DA:46,2
DA:49,0
DA:50,0
DA:54,2
DA:56,2
LF:10
LH:8
BRF:0
BRH:0
end_of_record
TN:
SF:models\Message.js
FN:58,(anonymous_0)
FNF:1
FNH:0
FNDA:0,(anonymous_0)
DA:1,2
DA:3,2
DA:51,2
DA:52,2
DA:53,2
DA:56,2
DA:59,0
DA:60,0
DA:64,2
DA:66,2
LF:10
LH:8
BRF:0
BRH:0
end_of_record
TN:
SF:utils\notificationHelper.js
FN:12,sendMessageNotification
FNF:1
FNH:0
FNDA:0,sendMessageNotification
DA:1,0
DA:3,0
DA:13,0
DA:15,0
DA:20,0
DA:35,0
DA:46,0
DA:53,0
DA:55,0
DA:57,0
DA:61,0
LF:11
LH:0
BRDA:3,0,0,0
BRDA:3,0,1,0
BRDA:15,1,0,0
BRDA:15,1,1,0
BRDA:23,2,0,0
BRDA:23,2,1,0
BRF:6
BRH:0
end_of_record
